#
# There is insufficient memory for the Java Runtime Environment to continue.
# Native memory allocation (malloc) failed to allocate 171376 bytes. Error detail: Chunk::new
# Possible reasons:
#   The system is out of physical RAM or swap space
#   This process is running with CompressedOops enabled, and the Java Heap may be blocking the growth of the native heap
# Possible solutions:
#   Reduce memory load on the system
#   Increase physical memory or swap space
#   Check if swap backing store is full
#   Decrease Java heap size (-Xmx/-Xms)
#   Decrease number of Java threads
#   Decrease Java thread stack sizes (-Xss)
#   Set larger code cache with -XX:ReservedCodeCacheSize=
#   JVM is running with Unscaled Compressed Oops mode in which the Java heap is
#     placed in the first 4GB address space. The Java Heap base address is the
#     maximum limit for the native heap growth. Please use -XX:HeapBaseMinAddress
#     to set the Java Heap base and to place the Java Heap above 4GB virtual address.
# This output file may be truncated or incomplete.
#
#  Out of Memory Error (arena.cpp:168), pid=14540, tid=9436
#
# JRE version: OpenJDK Runtime Environment Temurin-21.0.8+9 (21.0.8+9) (build 21.0.8+9-LTS)
# Java VM: OpenJDK 64-Bit Server VM Temurin-21.0.8+9 (21.0.8+9-LTS, mixed mode, sharing, tiered, compressed oops, compressed class ptrs, parallel gc, windows-amd64)
# No core dump will be written. Minidumps are not enabled by default on client versions of Windows
#

---------------  S U M M A R Y ------------

Command Line: --add-modules=ALL-SYSTEM --add-opens=java.base/java.util=ALL-UNNAMED --add-opens=java.base/java.lang=ALL-UNNAMED --add-opens=java.base/sun.nio.fs=ALL-UNNAMED -Declipse.application=org.eclipse.jdt.ls.core.id1 -Dosgi.bundles.defaultStartLevel=4 -Declipse.product=org.eclipse.jdt.ls.core.product -Djava.import.generatesMetadataFilesAtProjectRoot=false -DDetectVMInstallationsJob.disabled=true -Dfile.encoding=utf8 -XX:+UseParallelGC -XX:GCTimeRatio=4 -XX:AdaptiveSizePolicyWeight=90 -Dsun.zip.disableMemoryMapping=true -Xmx2G -Xms100m -Xlog:disable -javaagent:c:\Users\jf406\.vscode\extensions\redhat.java-1.47.0-win32-x64\lombok\lombok-1.18.39-4050.jar c:\Users\jf406\.vscode\extensions\redhat.java-1.47.0-win32-x64\server\plugins\org.eclipse.equinox.launcher_1.7.100.v20251014-1222.jar -configuration c:\Users\jf406\AppData\Roaming\Code\User\globalStorage\redhat.java\1.47.0\config_ss_win -data c:\Users\jf406\AppData\Roaming\Code\User\workspaceStorage\920bcd2a5c4fc57746403fc289813d22\redhat.java\ss_ws --pipe=\\.\pipe\lsp-68e570cf07a192caa844bf83cbe6a4c8-sock

Host: Intel(R) Core(TM) i3-N305, 8 cores, 3G,  Windows 11 , 64 bit Build 26100 (10.0.26100.6725)
Time: Thu Nov  6 05:57:38 2025 Hora oficial do Brasil elapsed time: 12.964792 seconds (0d 0h 0m 12s)

---------------  T H R E A D  ---------------

Current thread (0x000001dd2e6836a0):  JavaThread "C2 CompilerThread0" daemon [_thread_in_native, id=9436, stack(0x000000b008600000,0x000000b008700000) (1024K)]


Current CompileTask:
C2:12964 1595       4       lombok.patcher.scripts.AddFieldScript::patch (55 bytes)

Stack: [0x000000b008600000,0x000000b008700000]
Native frames: (J=compiled Java code, j=interpreted, Vv=VM code, C=native code)
V  [jvm.dll+0x6d2449]
V  [jvm.dll+0x8ae341]
V  [jvm.dll+0x8b08be]
V  [jvm.dll+0x8b0fa3]
V  [jvm.dll+0x280c96]
V  [jvm.dll+0xc581d]
V  [jvm.dll+0xc5d53]
V  [jvm.dll+0x2f539d]
V  [jvm.dll+0x5fa00a]
V  [jvm.dll+0x252092]
V  [jvm.dll+0x24a56e]
V  [jvm.dll+0x2483a4]
V  [jvm.dll+0x1c89ee]
V  [jvm.dll+0x257d4d]
V  [jvm.dll+0x2562ea]
V  [jvm.dll+0x3f2d16]
V  [jvm.dll+0x857e6b]
V  [jvm.dll+0x6d0b0d]
C  [ucrtbase.dll+0x37b0]
C  [KERNEL32.DLL+0x2e8d7]
C  [ntdll.dll+0x8c53c]


---------------  P R O C E S S  ---------------

Threads class SMR info:
_java_thread_list=0x000001dd87be2170, length=12, elements={
0x000001dd2e6f9210, 0x000001dd2e66c4f0, 0x000001dd2e66f8d0, 0x000001dd2e672a20,
0x000001dd2e674f70, 0x000001dd2e67d740, 0x000001dd2e67fe50, 0x000001dd2e6836a0,
0x000001dd2e6841e0, 0x000001dd87a1fb20, 0x000001dd87a21bf0, 0x000001dd87a22280
}

Java Threads: ( => current thread )
  0x000001dd2e6f9210 JavaThread "main"                              [_thread_in_native, id=18644, stack(0x000000b007c00000,0x000000b007d00000) (1024K)]
  0x000001dd2e66c4f0 JavaThread "Reference Handler"          daemon [_thread_blocked, id=20392, stack(0x000000b008000000,0x000000b008100000) (1024K)]
  0x000001dd2e66f8d0 JavaThread "Finalizer"                  daemon [_thread_blocked, id=5732, stack(0x000000b008100000,0x000000b008200000) (1024K)]
  0x000001dd2e672a20 JavaThread "Signal Dispatcher"          daemon [_thread_blocked, id=5224, stack(0x000000b008200000,0x000000b008300000) (1024K)]
  0x000001dd2e674f70 JavaThread "Attach Listener"            daemon [_thread_blocked, id=12072, stack(0x000000b008300000,0x000000b008400000) (1024K)]
  0x000001dd2e67d740 JavaThread "Service Thread"             daemon [_thread_blocked, id=19448, stack(0x000000b008400000,0x000000b008500000) (1024K)]
  0x000001dd2e67fe50 JavaThread "Monitor Deflation Thread"   daemon [_thread_blocked, id=25084, stack(0x000000b008500000,0x000000b008600000) (1024K)]
=>0x000001dd2e6836a0 JavaThread "C2 CompilerThread0"         daemon [_thread_in_native, id=9436, stack(0x000000b008600000,0x000000b008700000) (1024K)]
  0x000001dd2e6841e0 JavaThread "C1 CompilerThread0"         daemon [_thread_blocked, id=14832, stack(0x000000b008700000,0x000000b008800000) (1024K)]
  0x000001dd87a1fb20 JavaThread "Common-Cleaner"             daemon [_thread_blocked, id=4760, stack(0x000000b008800000,0x000000b008900000) (1024K)]
  0x000001dd87a21bf0 JavaThread "Notification Thread"        daemon [_thread_blocked, id=18040, stack(0x000000b008900000,0x000000b008a00000) (1024K)]
  0x000001dd87a22280 JavaThread "Active Thread: Equinox Container: c4c15d2c-9eb9-4b8e-aa75-84e142eb2e0e"        [_thread_blocked, id=13900, stack(0x000000b009000000,0x000000b009100000) (1024K)]
Total: 12

Other Threads:
  0x000001dd2e7bafa0 VMThread "VM Thread"                           [id=15060, stack(0x000000b007f00000,0x000000b008000000) (1024K)]
  0x000001dd2e58ca00 WatcherThread "VM Periodic Task Thread"        [id=20644, stack(0x000000b007e00000,0x000000b007f00000) (1024K)]
  0x000001dd2e718650 WorkerThread "GC Thread#0"                     [id=25228, stack(0x000000b007d00000,0x000000b007e00000) (1024K)]
  0x000001dd8c09db10 WorkerThread "GC Thread#1"                     [id=16776, stack(0x000000b008a00000,0x000000b008b00000) (1024K)]
  0x000001dd87d25e20 WorkerThread "GC Thread#2"                     [id=20224, stack(0x000000b008b00000,0x000000b008c00000) (1024K)]
  0x000001dd87d261c0 WorkerThread "GC Thread#3"                     [id=9772, stack(0x000000b008c00000,0x000000b008d00000) (1024K)]
  0x000001dd87d26560 WorkerThread "GC Thread#4"                     [id=14848, stack(0x000000b008d00000,0x000000b008e00000) (1024K)]
  0x000001dd87d22d30 WorkerThread "GC Thread#5"                     [id=19712, stack(0x000000b008e00000,0x000000b008f00000) (1024K)]
  0x000001dd87d1d4d0 WorkerThread "GC Thread#6"                     [id=18108, stack(0x000000b008f00000,0x000000b009000000) (1024K)]
Total: 9

Threads with active compile tasks:
C2 CompilerThread0  13176 1595       4       lombok.patcher.scripts.AddFieldScript::patch (55 bytes)
C1 CompilerThread0  13176 1706       3       sun.nio.fs.WindowsPathParser::nextNonSlash (24 bytes)
Total: 2

VM state: not at safepoint (normal execution)

VM Mutex/Monitor currently owned by a thread: None

Heap address: 0x0000000080000000, size: 2048 MB, Compressed Oops mode: 32-bit

CDS archive(s) mapped at: [0x000001dd45000000-0x000001dd45ba0000-0x000001dd45ba0000), size 12189696, SharedBaseAddress: 0x000001dd45000000, ArchiveRelocationMode: 1.
Compressed class space mapped at: 0x000001dd46000000-0x000001dd86000000, reserved size: 1073741824
Narrow klass base: 0x000001dd45000000, Narrow klass shift: 0, Narrow klass range: 0x100000000

GC Precious Log:
 CardTable entry size: 512
 CPUs: 8 total, 8 available
 Memory: 3719M
 Large Page Support: Disabled
 NUMA Support: Disabled
 Compressed Oops: Enabled (32-bit)
 Alignments: Space 512K, Generation 512K, Heap 2M
 Heap Min Capacity: 100M
 Heap Initial Capacity: 100M
 Heap Max Capacity: 2G
 Pre-touch: Disabled
 Parallel Workers: 8

Heap:
 PSYoungGen      total 29696K, used 26532K [0x00000000d5580000, 0x00000000d7680000, 0x0000000100000000)
  eden space 25600K, 90% used [0x00000000d5580000,0x00000000d6c35238,0x00000000d6e80000)
  from space 4096K, 80% used [0x00000000d6e80000,0x00000000d71b4148,0x00000000d7280000)
  to   space 4096K, 0% used [0x00000000d7280000,0x00000000d7280000,0x00000000d7680000)
 ParOldGen       total 68608K, used 16K [0x0000000080000000, 0x0000000084300000, 0x00000000d5580000)
  object space 68608K, 0% used [0x0000000080000000,0x0000000080004000,0x0000000084300000)
 Metaspace       used 7902K, committed 8192K, reserved 1114112K
  class space    used 827K, committed 960K, reserved 1048576K

Card table byte_map: [0x000001dd2e0a0000,0x000001dd2e4b0000] _byte_map_base: 0x000001dd2dca0000

Marking Bits: (ParMarkBitMap*) 0x00007ff9dda7a340
 Begin Bits: [0x000001dd40ba0000, 0x000001dd42ba0000)
 End Bits:   [0x000001dd42ba0000, 0x000001dd44ba0000)

Polling page: 0x000001dd2c4a0000

Metaspace:

Usage:
  Non-class:      6.91 MB used.
      Class:    827.84 KB used.
       Both:      7.72 MB used.

Virtual space:
  Non-class space:       64.00 MB reserved,       7.06 MB ( 11%) committed,  1 nodes.
      Class space:        1.00 GB reserved,     960.00 KB ( <1%) committed,  1 nodes.
             Both:        1.06 GB reserved,       8.00 MB ( <1%) committed. 

Chunk freelists:
   Non-Class:  8.83 MB
       Class:  14.91 MB
        Both:  23.73 MB

MaxMetaspaceSize: unlimited
CompressedClassSpaceSize: 1.00 GB
Initial GC threshold: 21.00 MB
Current GC threshold: 21.00 MB
CDS: on
 - commit_granule_bytes: 65536.
 - commit_granule_words: 8192.
 - virtual_space_node_default_size: 8388608.
 - enlarge_chunks_in_place: 1.
 - use_allocation_guard: 0.


Internal statistics:

num_allocs_failed_limit: 0.
num_arena_births: 228.
num_arena_deaths: 0.
num_vsnodes_births: 2.
num_vsnodes_deaths: 0.
num_space_committed: 128.
num_space_uncommitted: 0.
num_chunks_returned_to_freelist: 0.
num_chunks_taken_from_freelist: 422.
num_chunk_merges: 0.
num_chunk_splits: 268.
num_chunks_enlarged: 177.
num_inconsistent_stats: 0.

CodeHeap 'non-profiled nmethods': size=120000Kb used=652Kb max_used=652Kb free=119347Kb
 bounds [0x000001dd393c0000, 0x000001dd39630000, 0x000001dd408f0000]
CodeHeap 'profiled nmethods': size=120000Kb used=3086Kb max_used=3086Kb free=116913Kb
 bounds [0x000001dd318f0000, 0x000001dd31c00000, 0x000001dd38e20000]
CodeHeap 'non-nmethods': size=5760Kb used=1215Kb max_used=1228Kb free=4544Kb
 bounds [0x000001dd38e20000, 0x000001dd39090000, 0x000001dd393c0000]
CodeCache: size=245760Kb, used=4953Kb, max_used=4966Kb, free=240804Kb
 total_blobs=2180, nmethods=1697, adapters=390, full_count=0
Compilation: enabled, stopped_count=0, restarted_count=0

Compilation events (20 events):
Event: 9.827 Thread 0x000001dd2e6841e0 1593       3       java.lang.ClassLoader::checkCerts (121 bytes)
Event: 9.829 Thread 0x000001dd2e6841e0 nmethod 1593 0x000001dd31baaf10 code [0x000001dd31bab220, 0x000001dd31babfd0]
Event: 9.833 Thread 0x000001dd2e6841e0 1594       3       java.lang.ClassLoader::definePackage (85 bytes)
Event: 9.834 Thread 0x000001dd2e6841e0 nmethod 1594 0x000001dd31bac590 code [0x000001dd31bac860, 0x000001dd31bad700]
Event: 9.840 Thread 0x000001dd2e6841e0 1597   !   3       java.lang.invoke.MethodHandle::setVarargs (50 bytes)
Event: 9.841 Thread 0x000001dd2e6841e0 nmethod 1597 0x000001dd31badb90 code [0x000001dd31bade60, 0x000001dd31baea30]
Event: 9.841 Thread 0x000001dd2e6841e0 1598       3       java.lang.invoke.MemberName::isVarargs (23 bytes)
Event: 9.842 Thread 0x000001dd2e6841e0 nmethod 1598 0x000001dd31baee90 code [0x000001dd31baf060, 0x000001dd31baf3b8]
Event: 9.845 Thread 0x000001dd2e6841e0 1599       3       sun.security.provider.DigestBase::engineReset (33 bytes)
Event: 9.845 Thread 0x000001dd2e6841e0 nmethod 1599 0x000001dd31baf510 code [0x000001dd31baf6e0, 0x000001dd31baf970]
Event: 9.851 Thread 0x000001dd2e6841e0 1600   !   3       java.util.jar.JarVerifier::processEntry (437 bytes)
Event: 9.853 Thread 0x000001dd2e6836a0 nmethod 1542 0x000001dd3945dd10 code [0x000001dd3945e040, 0x000001dd3945f158]
Event: 9.853 Thread 0x000001dd2e6836a0 1595       4       lombok.patcher.scripts.AddFieldScript::patch (55 bytes)
Event: 10.859 Thread 0x000001dd2e6841e0 nmethod 1600 0x000001dd31bafa10 code [0x000001dd31baff20, 0x000001dd31bb26c8]
Event: 10.874 Thread 0x000001dd2e6841e0 1601       3       sun.security.util.ManifestEntryVerifier::verify (456 bytes)
Event: 10.878 Thread 0x000001dd2e6841e0 nmethod 1601 0x000001dd31bb3990 code [0x000001dd31bb3e20, 0x000001dd31bb6050]
Event: 10.878 Thread 0x000001dd2e6841e0 1602       3       java.util.jar.JarVerifier::mapSignersToCertArray (68 bytes)
Event: 10.879 Thread 0x000001dd2e6841e0 nmethod 1602 0x000001dd31bb6d10 code [0x000001dd31bb6f20, 0x000001dd31bb75a0]
Event: 10.879 Thread 0x000001dd2e6841e0 1603       3       sun.net.www.protocol.jar.Handler::parseContextSpec (150 bytes)
Event: 12.900 Thread 0x000001dd2e6841e0 nmethod 1603 0x000001dd31bb7890 code [0x000001dd31bb7d00, 0x000001dd31bb97c0]

GC Heap History (2 events):
Event: 5.431 GC heap before
{Heap before GC invocations=1 (full 0):
 PSYoungGen      total 29696K, used 25600K [0x00000000d5580000, 0x00000000d7680000, 0x0000000100000000)
  eden space 25600K, 100% used [0x00000000d5580000,0x00000000d6e80000,0x00000000d6e80000)
  from space 4096K, 0% used [0x00000000d7280000,0x00000000d7280000,0x00000000d7680000)
  to   space 4096K, 0% used [0x00000000d6e80000,0x00000000d6e80000,0x00000000d7280000)
 ParOldGen       total 68608K, used 0K [0x0000000080000000, 0x0000000084300000, 0x00000000d5580000)
  object space 68608K, 0% used [0x0000000080000000,0x0000000080000000,0x0000000084300000)
 Metaspace       used 4347K, committed 4608K, reserved 1114112K
  class space    used 473K, committed 576K, reserved 1048576K
}
Event: 5.474 GC heap after
{Heap after GC invocations=1 (full 0):
 PSYoungGen      total 29696K, used 3280K [0x00000000d5580000, 0x00000000d7680000, 0x0000000100000000)
  eden space 25600K, 0% used [0x00000000d5580000,0x00000000d5580000,0x00000000d6e80000)
  from space 4096K, 80% used [0x00000000d6e80000,0x00000000d71b4148,0x00000000d7280000)
  to   space 4096K, 0% used [0x00000000d7280000,0x00000000d7280000,0x00000000d7680000)
 ParOldGen       total 68608K, used 16K [0x0000000080000000, 0x0000000084300000, 0x00000000d5580000)
  object space 68608K, 0% used [0x0000000080000000,0x0000000080004000,0x0000000084300000)
 Metaspace       used 4347K, committed 4608K, reserved 1114112K
  class space    used 473K, committed 576K, reserved 1048576K
}

Dll operation events (8 events):
Event: 0.391 Loaded shared library c:\Users\jf406\.vscode\extensions\redhat.java-1.47.0-win32-x64\jre\21.0.8-win32-x86_64\bin\java.dll
Event: 1.198 Loaded shared library c:\Users\jf406\.vscode\extensions\redhat.java-1.47.0-win32-x64\jre\21.0.8-win32-x86_64\bin\zip.dll
Event: 1.273 Loaded shared library C:\Users\jf406\.vscode\extensions\redhat.java-1.47.0-win32-x64\jre\21.0.8-win32-x86_64\bin\instrument.dll
Event: 1.317 Loaded shared library C:\Users\jf406\.vscode\extensions\redhat.java-1.47.0-win32-x64\jre\21.0.8-win32-x86_64\bin\net.dll
Event: 1.358 Loaded shared library C:\Users\jf406\.vscode\extensions\redhat.java-1.47.0-win32-x64\jre\21.0.8-win32-x86_64\bin\nio.dll
Event: 1.372 Loaded shared library C:\Users\jf406\.vscode\extensions\redhat.java-1.47.0-win32-x64\jre\21.0.8-win32-x86_64\bin\zip.dll
Event: 1.442 Loaded shared library C:\Users\jf406\.vscode\extensions\redhat.java-1.47.0-win32-x64\jre\21.0.8-win32-x86_64\bin\jimage.dll
Event: 1.732 Loaded shared library c:\Users\jf406\.vscode\extensions\redhat.java-1.47.0-win32-x64\jre\21.0.8-win32-x86_64\bin\verify.dll

Deoptimization events (20 events):
Event: 9.706 Thread 0x000001dd2e6f9210 Uncommon trap: trap_request=0xffffff45 fr.pc=0x000001dd3943ff34 relative=0x0000000000000094
Event: 9.706 Thread 0x000001dd2e6f9210 Uncommon trap: reason=unstable_if action=reinterpret pc=0x000001dd3943ff34 method=java.util.concurrent.locks.ReentrantLock$Sync.tryRelease(I)Z @ 26 c2
Event: 9.706 Thread 0x000001dd2e6f9210 DEOPT PACKING pc=0x000001dd3943ff34 sp=0x000000b007cfea30
Event: 9.706 Thread 0x000001dd2e6f9210 DEOPT UNPACKING pc=0x000001dd38e73aa2 sp=0x000000b007cfe9b0 mode 2
Event: 9.780 Thread 0x000001dd2e6f9210 Uncommon trap: trap_request=0xffffffc6 fr.pc=0x000001dd39458a24 relative=0x0000000000000684
Event: 9.780 Thread 0x000001dd2e6f9210 Uncommon trap: reason=bimorphic_or_optimized_type_check action=maybe_recompile pc=0x000001dd39458a24 method=java.util.Collections$UnmodifiableCollection$1.<init>(Ljava/util/Collections$UnmodifiableCollection;)V @ 17 c2
Event: 9.780 Thread 0x000001dd2e6f9210 DEOPT PACKING pc=0x000001dd39458a24 sp=0x000000b007cfe600
Event: 9.780 Thread 0x000001dd2e6f9210 DEOPT UNPACKING pc=0x000001dd38e73aa2 sp=0x000000b007cfe548 mode 2
Event: 9.788 Thread 0x000001dd2e6f9210 Uncommon trap: trap_request=0xffffffc6 fr.pc=0x000001dd39458a24 relative=0x0000000000000684
Event: 9.788 Thread 0x000001dd2e6f9210 Uncommon trap: reason=bimorphic_or_optimized_type_check action=maybe_recompile pc=0x000001dd39458a24 method=java.util.Collections$UnmodifiableCollection$1.<init>(Ljava/util/Collections$UnmodifiableCollection;)V @ 17 c2
Event: 9.788 Thread 0x000001dd2e6f9210 DEOPT PACKING pc=0x000001dd39458a24 sp=0x000000b007cfe4c0
Event: 9.788 Thread 0x000001dd2e6f9210 DEOPT UNPACKING pc=0x000001dd38e73aa2 sp=0x000000b007cfe408 mode 2
Event: 9.841 Thread 0x000001dd2e6f9210 Uncommon trap: trap_request=0xffffffde fr.pc=0x000001dd3943b290 relative=0x0000000000000a90
Event: 9.841 Thread 0x000001dd2e6f9210 Uncommon trap: reason=class_check action=maybe_recompile pc=0x000001dd3943b290 method=java.util.HashMap.putVal(ILjava/lang/Object;Ljava/lang/Object;ZZ)Ljava/lang/Object; @ 253 c2
Event: 9.841 Thread 0x000001dd2e6f9210 DEOPT PACKING pc=0x000001dd3943b290 sp=0x000000b007cfe360
Event: 9.841 Thread 0x000001dd2e6f9210 DEOPT UNPACKING pc=0x000001dd38e73aa2 sp=0x000000b007cfe288 mode 2
Event: 9.844 Thread 0x000001dd2e6f9210 Uncommon trap: trap_request=0xffffffde fr.pc=0x000001dd3943b290 relative=0x0000000000000a90
Event: 9.844 Thread 0x000001dd2e6f9210 Uncommon trap: reason=class_check action=maybe_recompile pc=0x000001dd3943b290 method=java.util.HashMap.putVal(ILjava/lang/Object;Ljava/lang/Object;ZZ)Ljava/lang/Object; @ 253 c2
Event: 9.844 Thread 0x000001dd2e6f9210 DEOPT PACKING pc=0x000001dd3943b290 sp=0x000000b007cfe360
Event: 9.844 Thread 0x000001dd2e6f9210 DEOPT UNPACKING pc=0x000001dd38e73aa2 sp=0x000000b007cfe288 mode 2

Classes loaded (20 events):
Event: 9.759 Loading class java/util/concurrent/Delayed
Event: 9.759 Loading class java/util/concurrent/Delayed done
Event: 9.759 Loading class java/util/concurrent/ScheduledFuture done
Event: 9.759 Loading class java/util/concurrent/RunnableScheduledFuture done
Event: 9.762 Loading class java/util/concurrent/ScheduledThreadPoolExecutor$ScheduledFutureTask
Event: 9.762 Loading class java/util/concurrent/FutureTask
Event: 9.762 Loading class java/util/concurrent/FutureTask done
Event: 9.762 Loading class java/util/concurrent/ScheduledThreadPoolExecutor$ScheduledFutureTask done
Event: 9.763 Loading class java/util/concurrent/FutureTask$WaitNode
Event: 9.763 Loading class java/util/concurrent/FutureTask$WaitNode done
Event: 9.763 Loading class java/util/concurrent/Executors$RunnableAdapter
Event: 9.763 Loading class java/util/concurrent/Executors$RunnableAdapter done
Event: 9.763 Loading class java/util/concurrent/ThreadPoolExecutor$Worker
Event: 9.763 Loading class java/util/concurrent/ThreadPoolExecutor$Worker done
Event: 9.795 Loading class java/util/ArrayList$ListItr
Event: 9.795 Loading class java/util/ArrayList$ListItr done
Event: 9.804 Loading class java/net/ContentHandlerFactory
Event: 9.804 Loading class java/net/ContentHandlerFactory done
Event: 9.843 Loading class java/util/ConcurrentModificationException
Event: 9.843 Loading class java/util/ConcurrentModificationException done

Classes unloaded (0 events):
No events

Classes redefined (0 events):
No events

Internal exceptions (20 events):
Event: 3.916 Thread 0x000001dd2e6f9210 Exception <a 'java/lang/NoSuchMethodError'{0x00000000d6535ae8}: 'java.lang.Object java.lang.invoke.DirectMethodHandle$Holder.invokeInterface(java.lang.Object, java.lang.Object)'> (0x00000000d6535ae8) 
thrown [s\src\hotspot\share\interpreter\linkResolver.cpp, line 773]
Event: 3.927 Thread 0x000001dd2e6f9210 Exception <a 'java/lang/NoSuchMethodError'{0x00000000d6549350}: 'java.lang.Object java.lang.invoke.Invokers$Holder.invokeExact_MT(java.lang.Object, java.lang.Object, java.lang.Object, java.lang.Object, java.lang.Object, java.lang.Object)'> (0x00000000d6549350) 
thrown [s\src\hotspot\share\interpreter\linkResolver.cpp, line 773]
Event: 3.939 Thread 0x000001dd2e6f9210 Exception <a 'java/lang/NoSuchMethodError'{0x00000000d65605a8}: 'int java.lang.invoke.DirectMethodHandle$Holder.invokeStatic(java.lang.Object, java.lang.Object, java.lang.Object, java.lang.Object, java.lang.Object)'> (0x00000000d65605a8) 
thrown [s\src\hotspot\share\interpreter\linkResolver.cpp, line 773]
Event: 4.002 Thread 0x000001dd2e6f9210 Exception <a 'java/lang/NoSuchMethodError'{0x00000000d65f3f38}: 'java.lang.Object java.lang.invoke.DirectMethodHandle$Holder.invokeInterface(java.lang.Object, java.lang.Object, int)'> (0x00000000d65f3f38) 
thrown [s\src\hotspot\share\interpreter\linkResolver.cpp, line 773]
Event: 4.278 Thread 0x000001dd2e6f9210 Exception <a 'java/lang/NoSuchMethodError'{0x00000000d6a5aea8}: 'java.lang.ClassLoader java.lang.ClassLoader.getPlatformClassLoader(java.lang.Class)'> (0x00000000d6a5aea8) 
thrown [s\src\hotspot\share\interpreter\linkResolver.cpp, line 773]
Event: 5.418 Thread 0x000001dd2e6f9210 Exception <a 'java/lang/ClassNotFoundException'{0x00000000d6e76ef8}: sun/net/www/protocol/c/Handler> (0x00000000d6e76ef8) 
thrown [s\src\hotspot\share\classfile\systemDictionary.cpp, line 312]
Event: 5.421 Thread 0x000001dd2e6f9210 Exception <a 'java/lang/ClassNotFoundException'{0x00000000d6e78240}: sun/net/www/protocol/d/Handler> (0x00000000d6e78240) 
thrown [s\src\hotspot\share\classfile\systemDictionary.cpp, line 312]
Event: 5.421 Thread 0x000001dd2e6f9210 Exception <a 'java/lang/ClassNotFoundException'{0x00000000d6e793a0}: sun/net/www/protocol/c/Handler> (0x00000000d6e793a0) 
thrown [s\src\hotspot\share\classfile\systemDictionary.cpp, line 312]
Event: 5.501 Thread 0x000001dd2e6f9210 Exception <a 'java/io/FileNotFoundException'{0x00000000d559fde8}> (0x00000000d559fde8) 
thrown [s\src\hotspot\share\prims\jni.cpp, line 520]
Event: 5.595 Thread 0x000001dd2e6f9210 Implicit null exception at 0x000001dd3942d59a to 0x000001dd3942d7a0
Event: 5.597 Thread 0x000001dd2e6f9210 Exception <a 'java/lang/NoSuchMethodError'{0x00000000d5750770}: 'void java.lang.invoke.DirectMethodHandle$Holder.invokeStatic(java.lang.Object, java.lang.Object, java.lang.Object, java.lang.Object)'> (0x00000000d5750770) 
thrown [s\src\hotspot\share\interpreter\linkResolver.cpp, line 773]
Event: 5.599 Thread 0x000001dd2e6f9210 Implicit null exception at 0x000001dd3941f09a to 0x000001dd3941f2a4
Event: 5.599 Thread 0x000001dd2e6f9210 Implicit null exception at 0x000001dd3941d83d to 0x000001dd3941d8c1
Event: 5.907 Thread 0x000001dd2e6f9210 Exception <a 'java/lang/NoSuchMethodError'{0x00000000d59c7240}: 'void java.lang.invoke.DirectMethodHandle$Holder.invokeSpecial(java.lang.Object, java.lang.Object, java.lang.Object)'> (0x00000000d59c7240) 
thrown [s\src\hotspot\share\interpreter\linkResolver.cpp, line 773]
Event: 9.469 Thread 0x000001dd2e6f9210 Exception <a 'java/lang/NoSuchMethodError'{0x00000000d628dab0}: 'int java.lang.invoke.DirectMethodHandle$Holder.invokeVirtual(java.lang.Object, java.lang.Object)'> (0x00000000d628dab0) 
thrown [s\src\hotspot\share\interpreter\linkResolver.cpp, line 773]
Event: 9.740 Thread 0x000001dd2e6f9210 Exception <a 'java/lang/NoSuchMethodError'{0x00000000d6411940}: 'int java.lang.invoke.DirectMethodHandle$Holder.invokeStaticInit(java.lang.Object, java.lang.Object, java.lang.Object, java.lang.Object)'> (0x00000000d6411940) 
thrown [s\src\hotspot\share\interpreter\linkResolver.cpp, line 773]
Event: 9.742 Thread 0x000001dd2e6f9210 Exception <a 'java/lang/IncompatibleClassChangeError'{0x00000000d6419dc8}: Found class java.lang.Object, but interface was expected> (0x00000000d6419dc8) 
thrown [s\src\hotspot\share\interpreter\linkResolver.cpp, line 840]
Event: 9.743 Thread 0x000001dd2e6f9210 Exception <a 'java/lang/NoSuchMethodError'{0x00000000d6420cd8}: 'void java.lang.invoke.DirectMethodHandle$Holder.invokeStaticInit(java.lang.Object, java.lang.Object)'> (0x00000000d6420cd8) 
thrown [s\src\hotspot\share\interpreter\linkResolver.cpp, line 773]
Event: 9.744 Thread 0x000001dd2e6f9210 Exception <a 'java/lang/NoSuchMethodError'{0x00000000d642a760}: 'int java.lang.invoke.DirectMethodHandle$Holder.invokeStaticInit(java.lang.Object, java.lang.Object)'> (0x00000000d642a760) 
thrown [s\src\hotspot\share\interpreter\linkResolver.cpp, line 773]
Event: 9.819 Thread 0x000001dd2e6f9210 Exception <a 'java/lang/NoSuchMethodError'{0x00000000d669ae28}: 'java.lang.Object java.lang.invoke.DirectMethodHandle$Holder.newInvokeSpecial(java.lang.Object, int, java.lang.Object)'> (0x00000000d669ae28) 
thrown [s\src\hotspot\share\interpreter\linkResolver.cpp, line 773]

ZGC Phase Switch (0 events):
No events

VM Operations (20 events):
Event: 3.602 Executing VM operation: HandshakeAllThreads (Deoptimize)
Event: 3.602 Executing VM operation: HandshakeAllThreads (Deoptimize) done
Event: 3.602 Executing VM operation: Cleanup
Event: 3.602 Executing VM operation: Cleanup done
Event: 3.633 Executing VM operation: HandshakeAllThreads (Deoptimize)
Event: 3.633 Executing VM operation: HandshakeAllThreads (Deoptimize) done
Event: 4.645 Executing VM operation: Cleanup
Event: 4.645 Executing VM operation: Cleanup done
Event: 5.431 Executing VM operation: ParallelGCFailedAllocation (Allocation Failure)
Event: 5.474 Executing VM operation: ParallelGCFailedAllocation (Allocation Failure) done
Event: 6.480 Executing VM operation: Cleanup
Event: 7.075 Executing VM operation: Cleanup done
Event: 9.101 Executing VM operation: Cleanup
Event: 9.133 Executing VM operation: Cleanup done
Event: 9.782 Executing VM operation: HandshakeAllThreads (Deoptimize)
Event: 9.782 Executing VM operation: HandshakeAllThreads (Deoptimize) done
Event: 9.796 Executing VM operation: HandshakeAllThreads (Deoptimize)
Event: 9.796 Executing VM operation: HandshakeAllThreads (Deoptimize) done
Event: 10.796 Executing VM operation: Cleanup
Event: 10.873 Executing VM operation: Cleanup done

Memory protections (0 events):
No events

Nmethod flushes (0 events):
No events

Events (12 events):
Event: 0.624 Thread 0x000001dd2e6f9210 Thread added: 0x000001dd2e6f9210
Event: 1.019 Thread 0x000001dd2e6f9210 Thread added: 0x000001dd2e66c4f0
Event: 1.020 Thread 0x000001dd2e6f9210 Thread added: 0x000001dd2e66f8d0
Event: 1.022 Thread 0x000001dd2e6f9210 Thread added: 0x000001dd2e672a20
Event: 1.022 Thread 0x000001dd2e6f9210 Thread added: 0x000001dd2e674f70
Event: 1.024 Thread 0x000001dd2e6f9210 Thread added: 0x000001dd2e67d740
Event: 1.024 Thread 0x000001dd2e6f9210 Thread added: 0x000001dd2e67fe50
Event: 1.028 Thread 0x000001dd2e6f9210 Thread added: 0x000001dd2e6836a0
Event: 1.029 Thread 0x000001dd2e6f9210 Thread added: 0x000001dd2e6841e0
Event: 1.096 Thread 0x000001dd2e6f9210 Thread added: 0x000001dd87a1fb20
Event: 2.121 Thread 0x000001dd2e6f9210 Thread added: 0x000001dd87a21bf0
Event: 9.764 Thread 0x000001dd2e6f9210 Thread added: 0x000001dd87a22280


Dynamic libraries:
0x00007ff786910000 - 0x00007ff78691e000 	c:\Users\jf406\.vscode\extensions\redhat.java-1.47.0-win32-x64\jre\21.0.8-win32-x86_64\bin\java.exe
0x00007ffa71700000 - 0x00007ffa71968000 	C:\Windows\SYSTEM32\ntdll.dll
0x00007ffa6f930000 - 0x00007ffa6f9f9000 	C:\Windows\System32\KERNEL32.DLL
0x00007ffa6ee30000 - 0x00007ffa6f222000 	C:\Windows\System32\KERNELBASE.dll
0x00007ffa6eaa0000 - 0x00007ffa6ebeb000 	C:\Windows\System32\ucrtbase.dll
0x00007ffa4fdc0000 - 0x00007ffa4fdd8000 	c:\Users\jf406\.vscode\extensions\redhat.java-1.47.0-win32-x64\jre\21.0.8-win32-x86_64\bin\jli.dll
0x00007ffa4fa70000 - 0x00007ffa4fa8e000 	c:\Users\jf406\.vscode\extensions\redhat.java-1.47.0-win32-x64\jre\21.0.8-win32-x86_64\bin\VCRUNTIME140.dll
0x00007ffa516b0000 - 0x00007ffa51943000 	C:\Windows\WinSxS\amd64_microsoft.windows.common-controls_6595b64144ccf1df_6.0.26100.6899_none_3e0efeeae32e88c1\COMCTL32.dll
0x00007ffa6fa30000 - 0x00007ffa6fbf5000 	C:\Windows\System32\USER32.dll
0x00007ffa70350000 - 0x00007ffa703f9000 	C:\Windows\System32\msvcrt.dll
0x00007ffa6e9d0000 - 0x00007ffa6e9f7000 	C:\Windows\System32\win32u.dll
0x00007ffa70400000 - 0x00007ffa7042b000 	C:\Windows\System32\GDI32.dll
0x00007ffa6f230000 - 0x00007ffa6f35d000 	C:\Windows\System32\gdi32full.dll
0x00007ffa6e920000 - 0x00007ffa6e9c3000 	C:\Windows\System32\msvcp_win.dll
0x00007ffa70920000 - 0x00007ffa7094f000 	C:\Windows\System32\IMM32.DLL
0x00007ffa509e0000 - 0x00007ffa509ec000 	c:\Users\jf406\.vscode\extensions\redhat.java-1.47.0-win32-x64\jre\21.0.8-win32-x86_64\bin\vcruntime140_1.dll
0x00007ffa301f0000 - 0x00007ffa3027d000 	c:\Users\jf406\.vscode\extensions\redhat.java-1.47.0-win32-x64\jre\21.0.8-win32-x86_64\bin\msvcp140.dll
0x00007ff9dcdc0000 - 0x00007ff9ddb57000 	c:\Users\jf406\.vscode\extensions\redhat.java-1.47.0-win32-x64\jre\21.0.8-win32-x86_64\bin\server\jvm.dll
0x00007ffa71600000 - 0x00007ffa716b4000 	C:\Windows\System32\ADVAPI32.dll
0x00007ffa70450000 - 0x00007ffa704f6000 	C:\Windows\System32\sechost.dll
0x00007ffa70800000 - 0x00007ffa70918000 	C:\Windows\System32\RPCRT4.dll
0x00007ffa70960000 - 0x00007ffa709d4000 	C:\Windows\System32\WS2_32.dll
0x00007ffa64710000 - 0x00007ffa64745000 	C:\Windows\SYSTEM32\WINMM.dll
0x00007ffa51980000 - 0x00007ffa5198b000 	C:\Windows\SYSTEM32\VERSION.dll
0x00007ffa6e6f0000 - 0x00007ffa6e74e000 	C:\Windows\SYSTEM32\POWRPROF.dll
0x00007ffa6e6d0000 - 0x00007ffa6e6e4000 	C:\Windows\SYSTEM32\UMPDC.dll
0x00007ffa6d660000 - 0x00007ffa6d67b000 	C:\Windows\SYSTEM32\kernel.appcore.dll
0x00007ffa505c0000 - 0x00007ffa505ca000 	c:\Users\jf406\.vscode\extensions\redhat.java-1.47.0-win32-x64\jre\21.0.8-win32-x86_64\bin\jimage.dll
0x00007ffa6c130000 - 0x00007ffa6c372000 	C:\Windows\SYSTEM32\DBGHELP.DLL
0x00007ffa70c20000 - 0x00007ffa70f9b000 	C:\Windows\System32\combase.dll
0x00007ffa70690000 - 0x00007ffa70767000 	C:\Windows\System32\OLEAUT32.dll
0x00007ffa3cc20000 - 0x00007ffa3cc5c000 	C:\Windows\SYSTEM32\dbgcore.DLL
0x00007ffa6ea00000 - 0x00007ffa6ea98000 	C:\Windows\System32\bcryptPrimitives.dll
0x00007ffa50590000 - 0x00007ffa5059f000 	c:\Users\jf406\.vscode\extensions\redhat.java-1.47.0-win32-x64\jre\21.0.8-win32-x86_64\bin\instrument.dll
0x00007ffa473f0000 - 0x00007ffa4740f000 	c:\Users\jf406\.vscode\extensions\redhat.java-1.47.0-win32-x64\jre\21.0.8-win32-x86_64\bin\java.dll
0x00007ffa6fc00000 - 0x00007ffa7034d000 	C:\Windows\System32\SHELL32.dll
0x00007ffa6f360000 - 0x00007ffa6f4cb000 	C:\Windows\System32\wintypes.dll
0x00007ffa6c4c0000 - 0x00007ffa6cd1d000 	C:\Windows\SYSTEM32\windows.storage.dll
0x00007ffa70590000 - 0x00007ffa70682000 	C:\Windows\System32\SHCORE.dll
0x00007ffa70fa0000 - 0x00007ffa71002000 	C:\Windows\System32\shlwapi.dll
0x00007ffa6e7b0000 - 0x00007ffa6e7d9000 	C:\Windows\SYSTEM32\profapi.dll
0x00007ffa45c00000 - 0x00007ffa45c18000 	c:\Users\jf406\.vscode\extensions\redhat.java-1.47.0-win32-x64\jre\21.0.8-win32-x86_64\bin\zip.dll
0x00007ffa513e0000 - 0x00007ffa513f0000 	C:\Users\jf406\.vscode\extensions\redhat.java-1.47.0-win32-x64\jre\21.0.8-win32-x86_64\bin\net.dll
0x00007ffa5e370000 - 0x00007ffa5e48f000 	C:\Windows\SYSTEM32\WINHTTP.dll
0x00007ffa6dbd0000 - 0x00007ffa6dc3b000 	C:\Windows\system32\mswsock.dll
0x00007ffa442e0000 - 0x00007ffa442f6000 	C:\Users\jf406\.vscode\extensions\redhat.java-1.47.0-win32-x64\jre\21.0.8-win32-x86_64\bin\nio.dll
0x00007ffa50b90000 - 0x00007ffa50ba0000 	c:\Users\jf406\.vscode\extensions\redhat.java-1.47.0-win32-x64\jre\21.0.8-win32-x86_64\bin\verify.dll

JVMTI agents:
c:\Users\jf406\.vscode\extensions\redhat.java-1.47.0-win32-x64\lombok\lombok-1.18.39-4050.jar path:c:\Users\jf406\.vscode\extensions\redhat.java-1.47.0-win32-x64\jre\21.0.8-win32-x86_64\bin\instrument.dll, loaded, initialized, instrumentlib options:none

dbghelp: loaded successfully - version: 4.0.5 - missing functions: none
symbol engine: initialized successfully - sym options: 0x614 - pdb path: .;c:\Users\jf406\.vscode\extensions\redhat.java-1.47.0-win32-x64\jre\21.0.8-win32-x86_64\bin;C:\Windows\SYSTEM32;C:\Windows\WinSxS\amd64_microsoft.windows.common-controls_6595b64144ccf1df_6.0.26100.6899_none_3e0efeeae32e88c1;c:\Users\jf406\.vscode\extensions\redhat.java-1.47.0-win32-x64\jre\21.0.8-win32-x86_64\bin\server

VM Arguments:
jvm_args: --add-modules=ALL-SYSTEM --add-opens=java.base/java.util=ALL-UNNAMED --add-opens=java.base/java.lang=ALL-UNNAMED --add-opens=java.base/sun.nio.fs=ALL-UNNAMED -Declipse.application=org.eclipse.jdt.ls.core.id1 -Dosgi.bundles.defaultStartLevel=4 -Declipse.product=org.eclipse.jdt.ls.core.product -Djava.import.generatesMetadataFilesAtProjectRoot=false -DDetectVMInstallationsJob.disabled=true -Dfile.encoding=utf8 -XX:+UseParallelGC -XX:GCTimeRatio=4 -XX:AdaptiveSizePolicyWeight=90 -Dsun.zip.disableMemoryMapping=true -Xmx2G -Xms100m -Xlog:disable -javaagent:c:\Users\jf406\.vscode\extensions\redhat.java-1.47.0-win32-x64\lombok\lombok-1.18.39-4050.jar 
java_command: c:\Users\jf406\.vscode\extensions\redhat.java-1.47.0-win32-x64\server\plugins\org.eclipse.equinox.launcher_1.7.100.v20251014-1222.jar -configuration c:\Users\jf406\AppData\Roaming\Code\User\globalStorage\redhat.java\1.47.0\config_ss_win -data c:\Users\jf406\AppData\Roaming\Code\User\workspaceStorage\920bcd2a5c4fc57746403fc289813d22\redhat.java\ss_ws --pipe=\\.\pipe\lsp-68e570cf07a192caa844bf83cbe6a4c8-sock
java_class_path (initial): c:\Users\jf406\.vscode\extensions\redhat.java-1.47.0-win32-x64\server\plugins\org.eclipse.equinox.launcher_1.7.100.v20251014-1222.jar
Launcher Type: SUN_STANDARD

[Global flags]
    uintx AdaptiveSizePolicyWeight                 = 90                                        {product} {command line}
     intx CICompilerCount                          = 4                                         {product} {ergonomic}
    uintx GCTimeRatio                              = 4                                         {product} {command line}
   size_t InitialHeapSize                          = 104857600                                 {product} {command line}
   size_t MaxHeapSize                              = 2147483648                                {product} {command line}
   size_t MaxNewSize                               = 715653120                                 {product} {ergonomic}
   size_t MinHeapDeltaBytes                        = 524288                                    {product} {ergonomic}
   size_t MinHeapSize                              = 104857600                                 {product} {command line}
   size_t NewSize                                  = 34603008                                  {product} {ergonomic}
    uintx NonNMethodCodeHeapSize                   = 5839372                                {pd product} {ergonomic}
    uintx NonProfiledCodeHeapSize                  = 122909434                              {pd product} {ergonomic}
   size_t OldSize                                  = 70254592                                  {product} {ergonomic}
    uintx ProfiledCodeHeapSize                     = 122909434                              {pd product} {ergonomic}
    uintx ReservedCodeCacheSize                    = 251658240                              {pd product} {ergonomic}
     bool SegmentedCodeCache                       = true                                      {product} {ergonomic}
   size_t SoftMaxHeapSize                          = 2147483648                             {manageable} {ergonomic}
     bool UseCompressedOops                        = true                           {product lp64_product} {ergonomic}
     bool UseLargePagesIndividualAllocation        = false                                  {pd product} {ergonomic}
     bool UseParallelGC                            = true                                      {product} {command line}

Logging:
Log output configuration:
 #0: stdout all=off uptime,level,tags foldmultilines=false
 #1: stderr all=off uptime,level,tags foldmultilines=false

Environment Variables:
PATH=C:\Program Files\Common Files\Oracle\Java\javapath;C:\Program Files (x86)\Common Files\Oracle\Java\java8path;C:\Program Files (x86)\Common Files\Oracle\Java\javapath;C:\Windows\system32;C:\Windows;C:\Windows\System32\Wbem;C:\Windows\System32\WindowsPowerShell\v1.0\;C:\Windows\System32\OpenSSH\;C:\ProgramData\chocolatey\bin;C:\Program Files\nodejs\;C:\Program Files\Git\cmd;C:\Users\jf406\AppData\Local\Programs\Python\Python313\Scripts\;C:\Users\jf406\AppData\Local\Programs\Python\Python313\;C:\Users\jf406\AppData\Local\Programs\Python\Launcher\;C:\Users\jf406\AppData\Local\Microsoft\WindowsApps;C:\Users\jf406\AppData\Local\Programs\Microsoft VS Code\bin;C:\Users\jf406\AppData\Roaming\npm;C:\Program Files\maven-mvnd-1.0.2-windows-amd64\bin;C:\Program Files\flutter\bin;
USERNAME=jf406
OS=Windows_NT
PROCESSOR_IDENTIFIER=Intel64 Family 6 Model 190 Stepping 0, GenuineIntel
TMP=C:\Users\jf406\AppData\Local\Temp
TEMP=C:\Users\jf406\AppData\Local\Temp




Periodic native trim disabled

---------------  S Y S T E M  ---------------

OS:
 Windows 11 , 64 bit Build 26100 (10.0.26100.6725)
OS uptime: 5 days 8:35 hours
Hyper-V role detected

CPU: total 8 (initial active 8) (8 cores per cpu, 1 threads per core) family 6 model 190 stepping 0 microcode 0x15, cx8, cmov, fxsr, mmx, 3dnowpref, sse, sse2, sse3, ssse3, sse4.1, sse4.2, popcnt, lzcnt, tsc, tscinvbit, avx, avx2, aes, erms, clmul, bmi1, bmi2, adx, sha, fma, vzeroupper, clflush, clflushopt, clwb, hv, serialize, rdtscp, rdpid, fsrm, f16c, cet_ibt, cet_ss
Processor Information for processor 0
  Max Mhz: 1800, Current Mhz: 1800, Mhz Limit: 1800
Processor Information for processor 1
  Max Mhz: 1800, Current Mhz: 1800, Mhz Limit: 1800
Processor Information for processor 2
  Max Mhz: 1800, Current Mhz: 1800, Mhz Limit: 1800
Processor Information for processor 3
  Max Mhz: 1800, Current Mhz: 1800, Mhz Limit: 1800
Processor Information for processor 4
  Max Mhz: 1800, Current Mhz: 1800, Mhz Limit: 1800
Processor Information for processor 5
  Max Mhz: 1800, Current Mhz: 1500, Mhz Limit: 1800
Processor Information for processor 6
  Max Mhz: 1800, Current Mhz: 1800, Mhz Limit: 1800
Processor Information for processor 7
  Max Mhz: 1800, Current Mhz: 1800, Mhz Limit: 1800

Memory: 4k page, system-wide physical 3719M (191M free)
TotalPageFile size 14983M (AvailPageFile size 11M)
current process WorkingSet (physical memory assigned to process): 72M, peak: 82M
current process commit charge ("private bytes"): 237M, peak: 237M

vm_info: OpenJDK 64-Bit Server VM (21.0.8+9-LTS) for windows-amd64 JRE (21.0.8+9-LTS), built on 2025-07-15T00:00:00Z by "admin" with MS VC++ 17.7 (VS2022)

END.
