#
# There is insufficient memory for the Java Runtime Environment to continue.
# Native memory allocation (malloc) failed to allocate 1048576 bytes. Error detail: AllocateHeap
# Possible reasons:
#   The system is out of physical RAM or swap space
#   This process is running with CompressedOops enabled, and the Java Heap may be blocking the growth of the native heap
# Possible solutions:
#   Reduce memory load on the system
#   Increase physical memory or swap space
#   Check if swap backing store is full
#   Decrease Java heap size (-Xmx/-Xms)
#   Decrease number of Java threads
#   Decrease Java thread stack sizes (-Xss)
#   Set larger code cache with -XX:ReservedCodeCacheSize=
#   JVM is running with Unscaled Compressed Oops mode in which the Java heap is
#     placed in the first 4GB address space. The Java Heap base address is the
#     maximum limit for the native heap growth. Please use -XX:HeapBaseMinAddress
#     to set the Java Heap base and to place the Java Heap above 4GB virtual address.
# This output file may be truncated or incomplete.
#
#  Out of Memory Error (allocation.cpp:44), pid=22744, tid=9432
#
# JRE version:  (21.0.8+9) (build )
# Java VM: OpenJDK 64-Bit Server VM (21.0.8+9-LTS, mixed mode, tiered, compressed oops, compressed class ptrs, parallel gc, windows-amd64)
# No core dump will be written. Minidumps are not enabled by default on client versions of Windows
#

---------------  S U M M A R Y ------------

Command Line: --add-modules=ALL-SYSTEM --add-opens=java.base/java.util=ALL-UNNAMED --add-opens=java.base/java.lang=ALL-UNNAMED --add-opens=java.base/sun.nio.fs=ALL-UNNAMED -Declipse.application=org.eclipse.jdt.ls.core.id1 -Dosgi.bundles.defaultStartLevel=4 -Declipse.product=org.eclipse.jdt.ls.core.product -Djava.import.generatesMetadataFilesAtProjectRoot=false -DDetectVMInstallationsJob.disabled=true -Dfile.encoding=utf8 -XX:+UseParallelGC -XX:GCTimeRatio=4 -XX:AdaptiveSizePolicyWeight=90 -Dsun.zip.disableMemoryMapping=true -Xmx2G -Xms100m -Xlog:disable -javaagent:c:\Users\jf406\.vscode\extensions\redhat.java-1.47.0-win32-x64\lombok\lombok-1.18.39-4050.jar -XX:+HeapDumpOnOutOfMemoryError -XX:HeapDumpPath=c:\Users\jf406\AppData\Roaming\Code\User\workspaceStorage\920bcd2a5c4fc57746403fc289813d22\redhat.java -Daether.dependencyCollector.impl=bf c:\Users\jf406\.vscode\extensions\redhat.java-1.47.0-win32-x64\server\plugins\org.eclipse.equinox.launcher_1.7.100.v20251014-1222.jar -configuration c:\Users\jf406\AppData\Roaming\Code\User\globalStorage\redhat.java\1.47.0\config_win -data c:\Users\jf406\AppData\Roaming\Code\User\workspaceStorage\920bcd2a5c4fc57746403fc289813d22\redhat.java\jdt_ws --pipe=\\.\pipe\lsp-911bd74422397ce605640399b16a7b25-sock

Host: Intel(R) Core(TM) i3-N305, 8 cores, 3G,  Windows 11 , 64 bit Build 26100 (10.0.26100.6725)
Time: Thu Nov  6 05:56:55 2025 Hora oficial do Brasil elapsed time: 6.016860 seconds (0d 0h 0m 6s)

---------------  T H R E A D  ---------------

Current thread (0x0000028c2c12e1c0):  JavaThread "Unknown thread" [_thread_in_vm, id=9432, stack(0x000000982f700000,0x000000982f800000) (1024K)]

Stack: [0x000000982f700000,0x000000982f800000]
Native frames: (J=compiled Java code, j=interpreted, Vv=VM code, C=native code)
V  [jvm.dll+0x6d2449]
V  [jvm.dll+0x8ae341]
V  [jvm.dll+0x8b08be]
V  [jvm.dll+0x8b0fa3]
V  [jvm.dll+0x280c96]
V  [jvm.dll+0xc0347]
V  [jvm.dll+0x706540]
V  [jvm.dll+0x7070ac]
V  [jvm.dll+0x6e0f43]
V  [jvm.dll+0x877c7c]
V  [jvm.dll+0x3becec]
V  [jvm.dll+0x8606d8]
V  [jvm.dll+0x4530ee]
V  [jvm.dll+0x454d31]
C  [jli.dll+0x5278]
C  [ucrtbase.dll+0x37b0]
C  [KERNEL32.DLL+0x2e8d7]
C  [ntdll.dll+0x8c53c]


---------------  P R O C E S S  ---------------

Threads class SMR info:
_java_thread_list=0x0000028c2bf3ac10, length=1, elements={
0x0000028c2c12e1c0
}

Java Threads: ( => current thread )
=>0x0000028c2c12e1c0 JavaThread "Unknown thread"             [_thread_in_vm, id=9432, stack(0x000000982f700000,0x000000982f800000) (1024K)]
Total: 1

Other Threads:
  0x0000028c2bf3b9f0 WatcherThread "VM Periodic Task Thread"        [id=548, stack(0x000000982f900000,0x000000982fa00000) (1024K)]
  0x0000028c2c14d440 WorkerThread "GC Thread#0"                     [id=17284, stack(0x000000982f800000,0x000000982f900000) (1024K)]
Total: 2

Threads with active compile tasks:
Total: 0

VM state: not at safepoint (normal execution)

VM Mutex/Monitor currently owned by a thread: None

Heap address: 0x0000000080000000, size: 2048 MB, Compressed Oops mode: 32-bit

CDS archive(s) not mapped
Compressed class space mapped at: 0x0000000100000000-0x0000000140000000, reserved size: 1073741824
Narrow klass base: 0x0000000000000000, Narrow klass shift: 3, Narrow klass range: 0x140000000

GC Precious Log:
 CardTable entry size: 512
 CPUs: 8 total, 8 available
 Memory: 3719M
 Large Page Support: Disabled
 NUMA Support: Disabled
 Compressed Oops: Enabled (32-bit)
 Alignments: Space 512K, Generation 512K, Heap 2M
 Heap Min Capacity: 100M
 Heap Initial Capacity: 100M
 Heap Max Capacity: 2G
 Pre-touch: Disabled
 Parallel Workers: 8

Heap:
 PSYoungGen      total 29696K, used 512K [0x00000000d5580000, 0x00000000d7680000, 0x0000000100000000)
  eden space 25600K, 2% used [0x00000000d5580000,0x00000000d5600070,0x00000000d6e80000)
  from space 4096K, 0% used [0x00000000d7280000,0x00000000d7280000,0x00000000d7680000)
  to   space 4096K, 0% used [0x00000000d6e80000,0x00000000d6e80000,0x00000000d7280000)
 ParOldGen       total 68608K, used 0K [0x0000000080000000, 0x0000000084300000, 0x00000000d5580000)
  object space 68608K, 0% used [0x0000000080000000,0x0000000080000000,0x0000000084300000)
 Metaspace       used 1396K, committed 1472K, reserved 1114112K
  class space    used 112K, committed 128K, reserved 1048576K

Card table byte_map: [0x0000028c2bad0000,0x0000028c2bee0000] _byte_map_base: 0x0000028c2b6d0000

Marking Bits: (ParMarkBitMap*) 0x00007ff9dda7a340
 Begin Bits: [0x0000028c3e5d0000, 0x0000028c405d0000)
 End Bits:   [0x0000028c405d0000, 0x0000028c425d0000)

Polling page: 0x0000028c29f20000

Metaspace:

Usage:
  Non-class:      1.25 MB used.
      Class:    112.47 KB used.
       Both:      1.36 MB used.

Virtual space:
  Non-class space:       64.00 MB reserved,       1.31 MB (  2%) committed,  1 nodes.
      Class space:        1.00 GB reserved,     128.00 KB ( <1%) committed,  1 nodes.
             Both:        1.06 GB reserved,       1.44 MB ( <1%) committed. 

Chunk freelists:
   Non-Class:  12.00 MB
       Class:  15.75 MB
        Both:  27.75 MB

MaxMetaspaceSize: unlimited
CompressedClassSpaceSize: 1.00 GB
Initial GC threshold: 21.00 MB
Current GC threshold: 17179869184.00 GB
CDS: off
 - commit_granule_bytes: 65536.
 - commit_granule_words: 8192.
 - virtual_space_node_default_size: 8388608.
 - enlarge_chunks_in_place: 1.
 - use_allocation_guard: 0.


Internal statistics:

num_allocs_failed_limit: 0.
num_arena_births: 2.
num_arena_deaths: 0.
num_vsnodes_births: 2.
num_vsnodes_deaths: 0.
num_space_committed: 23.
num_space_uncommitted: 0.
num_chunks_returned_to_freelist: 0.
num_chunks_taken_from_freelist: 3.
num_chunk_merges: 0.
num_chunk_splits: 2.
num_chunks_enlarged: 0.
num_inconsistent_stats: 0.

CodeHeap 'non-profiled nmethods': size=120000Kb used=0Kb max_used=0Kb free=120000Kb
 bounds [0x0000028c36df0000, 0x0000028c37060000, 0x0000028c3e320000]
CodeHeap 'profiled nmethods': size=120000Kb used=0Kb max_used=0Kb free=120000Kb
 bounds [0x0000028c2f320000, 0x0000028c2f590000, 0x0000028c36850000]
CodeHeap 'non-nmethods': size=5760Kb used=194Kb max_used=342Kb free=5565Kb
 bounds [0x0000028c36850000, 0x0000028c36ac0000, 0x0000028c36df0000]
CodeCache: size=245760Kb, used=194Kb, max_used=342Kb, free=245565Kb
 total_blobs=70, nmethods=0, adapters=48, full_count=0
Compilation: enabled, stopped_count=0, restarted_count=0

Compilation events (0 events):
No events

GC Heap History (0 events):
No events

Dll operation events (2 events):
Event: 0.050 Loaded shared library c:\Users\jf406\.vscode\extensions\redhat.java-1.47.0-win32-x64\jre\21.0.8-win32-x86_64\bin\java.dll
Event: 4.791 Loaded shared library c:\Users\jf406\.vscode\extensions\redhat.java-1.47.0-win32-x64\jre\21.0.8-win32-x86_64\bin\zip.dll

Deoptimization events (0 events):
No events

Classes loaded (20 events):
Event: 4.909 Loading class java/util/Iterator
Event: 4.909 Loading class java/util/Iterator done
Event: 4.909 Loading class java/lang/reflect/RecordComponent
Event: 4.909 Loading class java/lang/reflect/RecordComponent done
Event: 4.909 Loading class jdk/internal/vm/vector/VectorSupport
Event: 4.910 Loading class jdk/internal/vm/vector/VectorSupport done
Event: 4.910 Loading class jdk/internal/vm/vector/VectorSupport$VectorPayload
Event: 4.910 Loading class jdk/internal/vm/vector/VectorSupport$VectorPayload done
Event: 4.910 Loading class jdk/internal/vm/vector/VectorSupport$Vector
Event: 4.910 Loading class jdk/internal/vm/vector/VectorSupport$Vector done
Event: 4.910 Loading class jdk/internal/vm/vector/VectorSupport$VectorMask
Event: 4.910 Loading class jdk/internal/vm/vector/VectorSupport$VectorMask done
Event: 4.910 Loading class jdk/internal/vm/vector/VectorSupport$VectorShuffle
Event: 4.910 Loading class jdk/internal/vm/vector/VectorSupport$VectorShuffle done
Event: 4.910 Loading class jdk/internal/vm/FillerObject
Event: 4.910 Loading class jdk/internal/vm/FillerObject done
Event: 4.937 Loading class java/lang/NullPointerException
Event: 4.937 Loading class java/lang/NullPointerException done
Event: 4.937 Loading class java/lang/ArithmeticException
Event: 4.937 Loading class java/lang/ArithmeticException done

Classes unloaded (0 events):
No events

Classes redefined (0 events):
No events

Internal exceptions (0 events):
No events

ZGC Phase Switch (0 events):
No events

VM Operations (0 events):
No events

Memory protections (0 events):
No events

Nmethod flushes (0 events):
No events

Events (1 events):
Event: 4.781 Thread 0x0000028c2c12e1c0 Thread added: 0x0000028c2c12e1c0


Dynamic libraries:
0x00007ff786910000 - 0x00007ff78691e000 	c:\Users\jf406\.vscode\extensions\redhat.java-1.47.0-win32-x64\jre\21.0.8-win32-x86_64\bin\java.exe
0x00007ffa71700000 - 0x00007ffa71968000 	C:\Windows\SYSTEM32\ntdll.dll
0x00007ffa6f930000 - 0x00007ffa6f9f9000 	C:\Windows\System32\KERNEL32.DLL
0x00007ffa6ee30000 - 0x00007ffa6f222000 	C:\Windows\System32\KERNELBASE.dll
0x00007ffa6eaa0000 - 0x00007ffa6ebeb000 	C:\Windows\System32\ucrtbase.dll
0x00007ffa4fdc0000 - 0x00007ffa4fdd8000 	c:\Users\jf406\.vscode\extensions\redhat.java-1.47.0-win32-x64\jre\21.0.8-win32-x86_64\bin\jli.dll
0x00007ffa4fa70000 - 0x00007ffa4fa8e000 	c:\Users\jf406\.vscode\extensions\redhat.java-1.47.0-win32-x64\jre\21.0.8-win32-x86_64\bin\VCRUNTIME140.dll
0x00007ffa6fa30000 - 0x00007ffa6fbf5000 	C:\Windows\System32\USER32.dll
0x00007ffa6e9d0000 - 0x00007ffa6e9f7000 	C:\Windows\System32\win32u.dll
0x00007ffa70400000 - 0x00007ffa7042b000 	C:\Windows\System32\GDI32.dll
0x00007ffa516b0000 - 0x00007ffa51943000 	C:\Windows\WinSxS\amd64_microsoft.windows.common-controls_6595b64144ccf1df_6.0.26100.6899_none_3e0efeeae32e88c1\COMCTL32.dll
0x00007ffa6f230000 - 0x00007ffa6f35d000 	C:\Windows\System32\gdi32full.dll
0x00007ffa6e920000 - 0x00007ffa6e9c3000 	C:\Windows\System32\msvcp_win.dll
0x00007ffa70350000 - 0x00007ffa703f9000 	C:\Windows\System32\msvcrt.dll
0x00007ffa70920000 - 0x00007ffa7094f000 	C:\Windows\System32\IMM32.DLL
0x00007ffa509e0000 - 0x00007ffa509ec000 	c:\Users\jf406\.vscode\extensions\redhat.java-1.47.0-win32-x64\jre\21.0.8-win32-x86_64\bin\vcruntime140_1.dll
0x00007ffa301f0000 - 0x00007ffa3027d000 	c:\Users\jf406\.vscode\extensions\redhat.java-1.47.0-win32-x64\jre\21.0.8-win32-x86_64\bin\msvcp140.dll
0x00007ff9dcdc0000 - 0x00007ff9ddb57000 	c:\Users\jf406\.vscode\extensions\redhat.java-1.47.0-win32-x64\jre\21.0.8-win32-x86_64\bin\server\jvm.dll
0x00007ffa71600000 - 0x00007ffa716b4000 	C:\Windows\System32\ADVAPI32.dll
0x00007ffa70450000 - 0x00007ffa704f6000 	C:\Windows\System32\sechost.dll
0x00007ffa70800000 - 0x00007ffa70918000 	C:\Windows\System32\RPCRT4.dll
0x00007ffa70960000 - 0x00007ffa709d4000 	C:\Windows\System32\WS2_32.dll
0x00007ffa64710000 - 0x00007ffa64745000 	C:\Windows\SYSTEM32\WINMM.dll
0x00007ffa51980000 - 0x00007ffa5198b000 	C:\Windows\SYSTEM32\VERSION.dll
0x00007ffa6e6f0000 - 0x00007ffa6e74e000 	C:\Windows\SYSTEM32\POWRPROF.dll
0x00007ffa6e6d0000 - 0x00007ffa6e6e4000 	C:\Windows\SYSTEM32\UMPDC.dll
0x00007ffa6d660000 - 0x00007ffa6d67b000 	C:\Windows\SYSTEM32\kernel.appcore.dll
0x00007ffa505c0000 - 0x00007ffa505ca000 	c:\Users\jf406\.vscode\extensions\redhat.java-1.47.0-win32-x64\jre\21.0.8-win32-x86_64\bin\jimage.dll
0x00007ffa6c130000 - 0x00007ffa6c372000 	C:\Windows\SYSTEM32\DBGHELP.DLL
0x00007ffa70c20000 - 0x00007ffa70f9b000 	C:\Windows\System32\combase.dll
0x00007ffa70690000 - 0x00007ffa70767000 	C:\Windows\System32\OLEAUT32.dll
0x00007ffa3cc20000 - 0x00007ffa3cc5c000 	C:\Windows\SYSTEM32\dbgcore.DLL
0x00007ffa6ea00000 - 0x00007ffa6ea98000 	C:\Windows\System32\bcryptPrimitives.dll
0x00007ffa50590000 - 0x00007ffa5059f000 	c:\Users\jf406\.vscode\extensions\redhat.java-1.47.0-win32-x64\jre\21.0.8-win32-x86_64\bin\instrument.dll
0x00007ffa473f0000 - 0x00007ffa4740f000 	c:\Users\jf406\.vscode\extensions\redhat.java-1.47.0-win32-x64\jre\21.0.8-win32-x86_64\bin\java.dll
0x00007ffa45c00000 - 0x00007ffa45c18000 	c:\Users\jf406\.vscode\extensions\redhat.java-1.47.0-win32-x64\jre\21.0.8-win32-x86_64\bin\zip.dll

JVMTI agents:
c:\Users\jf406\.vscode\extensions\redhat.java-1.47.0-win32-x64\lombok\lombok-1.18.39-4050.jar path:none, loaded, not initialized, instrumentlib options:none

dbghelp: loaded successfully - version: 4.0.5 - missing functions: none
symbol engine: initialized successfully - sym options: 0x614 - pdb path: .;c:\Users\jf406\.vscode\extensions\redhat.java-1.47.0-win32-x64\jre\21.0.8-win32-x86_64\bin;C:\Windows\SYSTEM32;C:\Windows\WinSxS\amd64_microsoft.windows.common-controls_6595b64144ccf1df_6.0.26100.6899_none_3e0efeeae32e88c1;c:\Users\jf406\.vscode\extensions\redhat.java-1.47.0-win32-x64\jre\21.0.8-win32-x86_64\bin\server

VM Arguments:
jvm_args: --add-modules=ALL-SYSTEM --add-opens=java.base/java.util=ALL-UNNAMED --add-opens=java.base/java.lang=ALL-UNNAMED --add-opens=java.base/sun.nio.fs=ALL-UNNAMED -Declipse.application=org.eclipse.jdt.ls.core.id1 -Dosgi.bundles.defaultStartLevel=4 -Declipse.product=org.eclipse.jdt.ls.core.product -Djava.import.generatesMetadataFilesAtProjectRoot=false -DDetectVMInstallationsJob.disabled=true -Dfile.encoding=utf8 -XX:+UseParallelGC -XX:GCTimeRatio=4 -XX:AdaptiveSizePolicyWeight=90 -Dsun.zip.disableMemoryMapping=true -Xmx2G -Xms100m -Xlog:disable -javaagent:c:\Users\jf406\.vscode\extensions\redhat.java-1.47.0-win32-x64\lombok\lombok-1.18.39-4050.jar -XX:+HeapDumpOnOutOfMemoryError -XX:HeapDumpPath=c:\Users\jf406\AppData\Roaming\Code\User\workspaceStorage\920bcd2a5c4fc57746403fc289813d22\redhat.java -Daether.dependencyCollector.impl=bf 
java_command: c:\Users\jf406\.vscode\extensions\redhat.java-1.47.0-win32-x64\server\plugins\org.eclipse.equinox.launcher_1.7.100.v20251014-1222.jar -configuration c:\Users\jf406\AppData\Roaming\Code\User\globalStorage\redhat.java\1.47.0\config_win -data c:\Users\jf406\AppData\Roaming\Code\User\workspaceStorage\920bcd2a5c4fc57746403fc289813d22\redhat.java\jdt_ws --pipe=\\.\pipe\lsp-911bd74422397ce605640399b16a7b25-sock
java_class_path (initial): c:\Users\jf406\.vscode\extensions\redhat.java-1.47.0-win32-x64\server\plugins\org.eclipse.equinox.launcher_1.7.100.v20251014-1222.jar
Launcher Type: SUN_STANDARD

[Global flags]
    uintx AdaptiveSizePolicyWeight                 = 90                                        {product} {command line}
     intx CICompilerCount                          = 4                                         {product} {ergonomic}
    uintx GCTimeRatio                              = 4                                         {product} {command line}
     bool HeapDumpOnOutOfMemoryError               = true                                   {manageable} {command line}
    ccstr HeapDumpPath                             = c:\Users\jf406\AppData\Roaming\Code\User\workspaceStorage\920bcd2a5c4fc57746403fc289813d22\redhat.java         {manageable} {command line}
   size_t InitialHeapSize                          = 104857600                                 {product} {command line}
   size_t MaxHeapSize                              = 2147483648                                {product} {command line}
   size_t MaxNewSize                               = 715653120                                 {product} {ergonomic}
   size_t MinHeapDeltaBytes                        = 524288                                    {product} {ergonomic}
   size_t MinHeapSize                              = 104857600                                 {product} {command line}
   size_t NewSize                                  = 34603008                                  {product} {ergonomic}
    uintx NonNMethodCodeHeapSize                   = 5839372                                {pd product} {ergonomic}
    uintx NonProfiledCodeHeapSize                  = 122909434                              {pd product} {ergonomic}
   size_t OldSize                                  = 70254592                                  {product} {ergonomic}
    uintx ProfiledCodeHeapSize                     = 122909434                              {pd product} {ergonomic}
    uintx ReservedCodeCacheSize                    = 251658240                              {pd product} {ergonomic}
     bool SegmentedCodeCache                       = true                                      {product} {ergonomic}
   size_t SoftMaxHeapSize                          = 2147483648                             {manageable} {ergonomic}
     bool UseCompressedOops                        = true                           {product lp64_product} {ergonomic}
     bool UseLargePagesIndividualAllocation        = false                                  {pd product} {ergonomic}
     bool UseParallelGC                            = true                                      {product} {command line}

Logging:
Log output configuration:
 #0: stdout all=off uptime,level,tags foldmultilines=false
 #1: stderr all=off uptime,level,tags foldmultilines=false

Environment Variables:
PATH=C:\Program Files\Common Files\Oracle\Java\javapath;C:\Program Files (x86)\Common Files\Oracle\Java\java8path;C:\Program Files (x86)\Common Files\Oracle\Java\javapath;C:\Windows\system32;C:\Windows;C:\Windows\System32\Wbem;C:\Windows\System32\WindowsPowerShell\v1.0\;C:\Windows\System32\OpenSSH\;C:\ProgramData\chocolatey\bin;C:\Program Files\nodejs\;C:\Program Files\Git\cmd;C:\Users\jf406\AppData\Local\Programs\Python\Python313\Scripts\;C:\Users\jf406\AppData\Local\Programs\Python\Python313\;C:\Users\jf406\AppData\Local\Programs\Python\Launcher\;C:\Users\jf406\AppData\Local\Microsoft\WindowsApps;C:\Users\jf406\AppData\Local\Programs\Microsoft VS Code\bin;C:\Users\jf406\AppData\Roaming\npm;C:\Program Files\maven-mvnd-1.0.2-windows-amd64\bin;C:\Program Files\flutter\bin;
USERNAME=jf406
OS=Windows_NT
PROCESSOR_IDENTIFIER=Intel64 Family 6 Model 190 Stepping 0, GenuineIntel
TMP=C:\Users\jf406\AppData\Local\Temp
TEMP=C:\Users\jf406\AppData\Local\Temp




Periodic native trim disabled

---------------  S Y S T E M  ---------------

OS:
 Windows 11 , 64 bit Build 26100 (10.0.26100.6725)
OS uptime: 5 days 8:34 hours
Hyper-V role detected

CPU: total 8 (initial active 8) (8 cores per cpu, 1 threads per core) family 6 model 190 stepping 0 microcode 0x15, cx8, cmov, fxsr, mmx, 3dnowpref, sse, sse2, sse3, ssse3, sse4.1, sse4.2, popcnt, lzcnt, tsc, tscinvbit, avx, avx2, aes, erms, clmul, bmi1, bmi2, adx, sha, fma, vzeroupper, clflush, clflushopt, clwb, hv, serialize, rdtscp, rdpid, fsrm, f16c, cet_ibt, cet_ss
Processor Information for processor 0
  Max Mhz: 1800, Current Mhz: 1800, Mhz Limit: 1800
Processor Information for processor 1
  Max Mhz: 1800, Current Mhz: 1500, Mhz Limit: 1800
Processor Information for processor 2
  Max Mhz: 1800, Current Mhz: 1500, Mhz Limit: 1800
Processor Information for processor 3
  Max Mhz: 1800, Current Mhz: 1500, Mhz Limit: 1800
Processor Information for processor 4
  Max Mhz: 1800, Current Mhz: 1800, Mhz Limit: 1800
Processor Information for processor 5
  Max Mhz: 1800, Current Mhz: 1500, Mhz Limit: 1800
Processor Information for processor 6
  Max Mhz: 1800, Current Mhz: 1500, Mhz Limit: 1800
Processor Information for processor 7
  Max Mhz: 1800, Current Mhz: 1800, Mhz Limit: 1800

Memory: 4k page, system-wide physical 3719M (156M free)
TotalPageFile size 14983M (AvailPageFile size 0M)
current process WorkingSet (physical memory assigned to process): 11M, peak: 11M
current process commit charge ("private bytes"): 184M, peak: 185M

vm_info: OpenJDK 64-Bit Server VM (21.0.8+9-LTS) for windows-amd64 JRE (21.0.8+9-LTS), built on 2025-07-15T00:00:00Z by "admin" with MS VC++ 17.7 (VS2022)

END.
