#
# There is insufficient memory for the Java Runtime Environment to continue.
# Native memory allocation (malloc) failed to allocate 32744 bytes. Error detail: Chunk::new
# Possible reasons:
#   The system is out of physical RAM or swap space
#   This process is running with CompressedOops enabled, and the Java Heap may be blocking the growth of the native heap
# Possible solutions:
#   Reduce memory load on the system
#   Increase physical memory or swap space
#   Check if swap backing store is full
#   Decrease Java heap size (-Xmx/-Xms)
#   Decrease number of Java threads
#   Decrease Java thread stack sizes (-Xss)
#   Set larger code cache with -XX:ReservedCodeCacheSize=
#   JVM is running with Unscaled Compressed Oops mode in which the Java heap is
#     placed in the first 4GB address space. The Java Heap base address is the
#     maximum limit for the native heap growth. Please use -XX:HeapBaseMinAddress
#     to set the Java Heap base and to place the Java Heap above 4GB virtual address.
# This output file may be truncated or incomplete.
#
#  Out of Memory Error (arena.cpp:168), pid=20072, tid=17352
#
# JRE version: OpenJDK Runtime Environment Temurin-21.0.8+9 (21.0.8+9) (build 21.0.8+9-LTS)
# Java VM: OpenJDK 64-Bit Server VM Temurin-21.0.8+9 (21.0.8+9-LTS, mixed mode, sharing, tiered, compressed oops, compressed class ptrs, parallel gc, windows-amd64)
# No core dump will be written. Minidumps are not enabled by default on client versions of Windows
#

---------------  S U M M A R Y ------------

Command Line: --add-modules=ALL-SYSTEM --add-opens=java.base/java.util=ALL-UNNAMED --add-opens=java.base/java.lang=ALL-UNNAMED --add-opens=java.base/sun.nio.fs=ALL-UNNAMED -Declipse.application=org.eclipse.jdt.ls.core.id1 -Dosgi.bundles.defaultStartLevel=4 -Declipse.product=org.eclipse.jdt.ls.core.product -Djava.import.generatesMetadataFilesAtProjectRoot=false -DDetectVMInstallationsJob.disabled=true -Dfile.encoding=utf8 -XX:+UseParallelGC -XX:GCTimeRatio=4 -XX:AdaptiveSizePolicyWeight=90 -Dsun.zip.disableMemoryMapping=true -Xmx2G -Xms100m -Xlog:disable -javaagent:c:\Users\jf406\.vscode\extensions\redhat.java-1.47.0-win32-x64\lombok\lombok-1.18.39-4050.jar -XX:+HeapDumpOnOutOfMemoryError -XX:HeapDumpPath=c:\Users\jf406\AppData\Roaming\Code\User\workspaceStorage\920bcd2a5c4fc57746403fc289813d22\redhat.java -Daether.dependencyCollector.impl=bf c:\Users\jf406\.vscode\extensions\redhat.java-1.47.0-win32-x64\server\plugins\org.eclipse.equinox.launcher_1.7.100.v20251014-1222.jar -configuration c:\Users\jf406\AppData\Roaming\Code\User\globalStorage\redhat.java\1.47.0\config_win -data c:\Users\jf406\AppData\Roaming\Code\User\workspaceStorage\920bcd2a5c4fc57746403fc289813d22\redhat.java\jdt_ws --pipe=\\.\pipe\lsp-ef8163dac2d9c9ea0b6bb84c6a915eda-sock

Host: Intel(R) Core(TM) i3-N305, 8 cores, 3G,  Windows 11 , 64 bit Build 26100 (10.0.26100.6725)
Time: Thu Nov  6 09:18:26 2025 Hora oficial do Brasil elapsed time: 152.812790 seconds (0d 0h 2m 32s)

---------------  T H R E A D  ---------------

Current thread (0x000001ac77f51070):  JavaThread "C1 CompilerThread0" daemon [_thread_in_native, id=17352, stack(0x0000005b3e400000,0x0000005b3e500000) (1024K)]


Current CompileTask:
C1:152812 7448       2       org.eclipse.jdt.internal.compiler.parser.Scanner::internalScanIdentifierOrKeyword (5041 bytes)

Stack: [0x0000005b3e400000,0x0000005b3e500000]
Native frames: (J=compiled Java code, j=interpreted, Vv=VM code, C=native code)
V  [jvm.dll+0x6d2449]
V  [jvm.dll+0x8ae341]
V  [jvm.dll+0x8b08be]
V  [jvm.dll+0x8b0fa3]
V  [jvm.dll+0x280c96]
V  [jvm.dll+0xc581d]
V  [jvm.dll+0xc5d53]
V  [jvm.dll+0x6be453]
V  [jvm.dll+0x16a47c]
V  [jvm.dll+0x1706c7]
V  [jvm.dll+0x153680]
V  [jvm.dll+0x171872]
V  [jvm.dll+0x154a08]
V  [jvm.dll+0x1544a6]
V  [jvm.dll+0x154684]
V  [jvm.dll+0x153ab6]
V  [jvm.dll+0x15588d]
V  [jvm.dll+0x257d4d]
V  [jvm.dll+0x2562ea]
V  [jvm.dll+0x3f2d16]
V  [jvm.dll+0x857e6b]
V  [jvm.dll+0x6d0b0d]
C  [ucrtbase.dll+0x37b0]
C  [KERNEL32.DLL+0x2e8d7]
C  [ntdll.dll+0x8c53c]


---------------  P R O C E S S  ---------------

Threads class SMR info:
_java_thread_list=0x000001ac504733b0, length=44, elements={
0x000001ac704bae10, 0x000001ac77f1c150, 0x000001ac77f1ee30, 0x000001ac77f23150,
0x000001ac77f23da0, 0x000001ac77f295f0, 0x000001ac77f3b510, 0x000001ac77f45610,
0x000001ac77f51070, 0x000001ac77f3a160, 0x000001ac77f39440, 0x000001ac77f3bba0,
0x000001ac77f3c230, 0x000001ac77f39ad0, 0x000001ac77f3ae80, 0x000001ac77f3a7f0,
0x000001ac7e9488e0, 0x000001ac7e945af0, 0x000001ac7e946810, 0x000001ac7e947530,
0x000001ac7e946ea0, 0x000001ac7e947bc0, 0x000001ac7e948250, 0x000001ac7e945460,
0x000001ac7e94bd60, 0x000001ac7e94a320, 0x000001ac7e94c3f0, 0x000001ac7e94a9b0,
0x000001ac7e94b040, 0x000001ac7e949c90, 0x000001ac7e94b6d0, 0x000001ac7e948f70,
0x000001ac7e949600, 0x000001ac7e94ca80, 0x000001ac7eb15480, 0x000001ac7eb12000,
0x000001ac7eb140d0, 0x000001ac7eb15b10, 0x000001ac7eb14df0, 0x000001ac7eb12690,
0x000001ac7eb161a0, 0x000001ac7eb12d20, 0x000001ac7eb16830, 0x000001ac7eb133b0
}

Java Threads: ( => current thread )
  0x000001ac704bae10 JavaThread "main"                              [_thread_blocked, id=8812, stack(0x0000005b3d900000,0x0000005b3da00000) (1024K)]
  0x000001ac77f1c150 JavaThread "Reference Handler"          daemon [_thread_blocked, id=17992, stack(0x0000005b3dd00000,0x0000005b3de00000) (1024K)]
  0x000001ac77f1ee30 JavaThread "Finalizer"                  daemon [_thread_blocked, id=9456, stack(0x0000005b3de00000,0x0000005b3df00000) (1024K)]
  0x000001ac77f23150 JavaThread "Signal Dispatcher"          daemon [_thread_blocked, id=14676, stack(0x0000005b3df00000,0x0000005b3e000000) (1024K)]
  0x000001ac77f23da0 JavaThread "Attach Listener"            daemon [_thread_blocked, id=21860, stack(0x0000005b3e000000,0x0000005b3e100000) (1024K)]
  0x000001ac77f295f0 JavaThread "Service Thread"             daemon [_thread_blocked, id=24636, stack(0x0000005b3e100000,0x0000005b3e200000) (1024K)]
  0x000001ac77f3b510 JavaThread "Monitor Deflation Thread"   daemon [_thread_blocked, id=20620, stack(0x0000005b3e200000,0x0000005b3e300000) (1024K)]
  0x000001ac77f45610 JavaThread "C2 CompilerThread0"         daemon [_thread_in_native, id=4508, stack(0x0000005b3e300000,0x0000005b3e400000) (1024K)]
=>0x000001ac77f51070 JavaThread "C1 CompilerThread0"         daemon [_thread_in_native, id=17352, stack(0x0000005b3e400000,0x0000005b3e500000) (1024K)]
  0x000001ac77f3a160 JavaThread "Common-Cleaner"             daemon [_thread_blocked, id=18624, stack(0x0000005b3e500000,0x0000005b3e600000) (1024K)]
  0x000001ac77f39440 JavaThread "Notification Thread"        daemon [_thread_blocked, id=14784, stack(0x0000005b3e600000,0x0000005b3e700000) (1024K)]
  0x000001ac77f3bba0 JavaThread "Active Thread: Equinox Container: d567971f-e3a8-43d3-aa38-6cfdf7af832f"        [_thread_blocked, id=15952, stack(0x0000005b3ed00000,0x0000005b3ee00000) (1024K)]
  0x000001ac77f3c230 JavaThread "Refresh Thread: Equinox Container: d567971f-e3a8-43d3-aa38-6cfdf7af832f" daemon [_thread_blocked, id=7328, stack(0x0000005b3ee00000,0x0000005b3ef00000) (1024K)]
  0x000001ac77f39ad0 JavaThread "Framework Event Dispatcher: Equinox Container: d567971f-e3a8-43d3-aa38-6cfdf7af832f" daemon [_thread_blocked, id=18860, stack(0x0000005b3f000000,0x0000005b3f100000) (1024K)]
  0x000001ac77f3ae80 JavaThread "Start Level: Equinox Container: d567971f-e3a8-43d3-aa38-6cfdf7af832f" daemon [_thread_blocked, id=8596, stack(0x0000005b3f100000,0x0000005b3f200000) (1024K)]
  0x000001ac77f3a7f0 JavaThread "Bundle File Closer"         daemon [_thread_blocked, id=17452, stack(0x0000005b3f200000,0x0000005b3f300000) (1024K)]
  0x000001ac7e9488e0 JavaThread "SCR Component Actor"        daemon [_thread_blocked, id=16560, stack(0x0000005b3f300000,0x0000005b3f400000) (1024K)]
  0x000001ac7e945af0 JavaThread "Worker-JM"                         [_thread_blocked, id=15396, stack(0x0000005b3f400000,0x0000005b3f500000) (1024K)]
  0x000001ac7e946810 JavaThread "JNA Cleaner"                daemon [_thread_blocked, id=6372, stack(0x0000005b3d700000,0x0000005b3d800000) (1024K)]
  0x000001ac7e947530 JavaThread "Worker-0"                          [_thread_blocked, id=7332, stack(0x0000005b3d800000,0x0000005b3d900000) (1024K)]
  0x000001ac7e946ea0 JavaThread "Worker-1: Initialize workspace"        [_thread_blocked, id=18872, stack(0x0000005b3f500000,0x0000005b3f600000) (1024K)]
  0x000001ac7e947bc0 JavaThread "Worker-2"                          [_thread_blocked, id=14212, stack(0x0000005b3f600000,0x0000005b3f700000) (1024K)]
  0x000001ac7e948250 JavaThread "Java indexing"              daemon [_thread_blocked, id=3040, stack(0x0000005b3f700000,0x0000005b3f800000) (1024K)]
  0x000001ac7e945460 JavaThread "Worker-3"                          [_thread_blocked, id=708, stack(0x0000005b3fa00000,0x0000005b3fb00000) (1024K)]
  0x000001ac7e94bd60 JavaThread "Worker-4"                          [_thread_blocked, id=6772, stack(0x0000005b3fb00000,0x0000005b3fc00000) (1024K)]
  0x000001ac7e94a320 JavaThread "Thread-1"                   daemon [_thread_in_native, id=20616, stack(0x0000005b3fc00000,0x0000005b3fd00000) (1024K)]
  0x000001ac7e94c3f0 JavaThread "Thread-2"                   daemon [_thread_in_native, id=24724, stack(0x0000005b3fd00000,0x0000005b3fe00000) (1024K)]
  0x000001ac7e94a9b0 JavaThread "Thread-3"                   daemon [_thread_in_native, id=12592, stack(0x0000005b3fe00000,0x0000005b3ff00000) (1024K)]
  0x000001ac7e94b040 JavaThread "Thread-4"                   daemon [_thread_in_native, id=23396, stack(0x0000005b3ff00000,0x0000005b40000000) (1024K)]
  0x000001ac7e949c90 JavaThread "Thread-5"                   daemon [_thread_in_native, id=6064, stack(0x0000005b40000000,0x0000005b40100000) (1024K)]
  0x000001ac7e94b6d0 JavaThread "Thread-6"                   daemon [_thread_in_native, id=18184, stack(0x0000005b40100000,0x0000005b40200000) (1024K)]
  0x000001ac7e948f70 JavaThread "Thread-7"                   daemon [_thread_in_native, id=23628, stack(0x0000005b40200000,0x0000005b40300000) (1024K)]
  0x000001ac7e949600 JavaThread "Thread-8"                   daemon [_thread_in_native, id=4888, stack(0x0000005b40300000,0x0000005b40400000) (1024K)]
  0x000001ac7e94ca80 JavaThread "Thread-9"                   daemon [_thread_in_native, id=21456, stack(0x0000005b40400000,0x0000005b40500000) (1024K)]
  0x000001ac7eb15480 JavaThread "pool-2-thread-1"                   [_thread_blocked, id=19512, stack(0x0000005b40500000,0x0000005b40600000) (1024K)]
  0x000001ac7eb12000 JavaThread "WorkspaceEventsHandler"            [_thread_blocked, id=19776, stack(0x0000005b40600000,0x0000005b40700000) (1024K)]
  0x000001ac7eb140d0 JavaThread "pool-1-thread-1"                   [_thread_in_Java, id=1456, stack(0x0000005b40700000,0x0000005b40800000) (1024K)]
  0x000001ac7eb15b10 JavaThread "ForkJoinPool.commonPool-worker-1" daemon [_thread_blocked, id=3968, stack(0x0000005b40800000,0x0000005b40900000) (1024K)]
  0x000001ac7eb14df0 JavaThread "ForkJoinPool.commonPool-worker-2" daemon [_thread_blocked, id=14476, stack(0x0000005b40900000,0x0000005b40a00000) (1024K)]
  0x000001ac7eb12690 JavaThread "ForkJoinPool.commonPool-worker-4" daemon [_thread_blocked, id=4448, stack(0x0000005b40a00000,0x0000005b40b00000) (1024K)]
  0x000001ac7eb161a0 JavaThread "ForkJoinPool.commonPool-worker-3" daemon [_thread_blocked, id=12316, stack(0x0000005b40b00000,0x0000005b40c00000) (1024K)]
  0x000001ac7eb12d20 JavaThread "ForkJoinPool.commonPool-worker-5" daemon [_thread_blocked, id=2384, stack(0x0000005b40c00000,0x0000005b40d00000) (1024K)]
  0x000001ac7eb16830 JavaThread "ForkJoinPool.commonPool-worker-6" daemon [_thread_blocked, id=17356, stack(0x0000005b40d00000,0x0000005b40e00000) (1024K)]
  0x000001ac7eb133b0 JavaThread "ForkJoinPool.commonPool-worker-7" daemon [_thread_blocked, id=23980, stack(0x0000005b40e00000,0x0000005b40f00000) (1024K)]
Total: 44

Other Threads:
  0x000001ac77f029f0 VMThread "VM Thread"                           [id=22712, stack(0x0000005b3dc00000,0x0000005b3dd00000) (1024K)]
  0x000001ac77e3ca00 WatcherThread "VM Periodic Task Thread"        [id=24528, stack(0x0000005b3db00000,0x0000005b3dc00000) (1024K)]
  0x000001ac704da480 WorkerThread "GC Thread#0"                     [id=11584, stack(0x0000005b3da00000,0x0000005b3db00000) (1024K)]
  0x000001ac7e1b6720 WorkerThread "GC Thread#1"                     [id=17132, stack(0x0000005b3e700000,0x0000005b3e800000) (1024K)]
  0x000001ac7e1b6ee0 WorkerThread "GC Thread#2"                     [id=3768, stack(0x0000005b3e800000,0x0000005b3e900000) (1024K)]
  0x000001ac7e1b5ad0 WorkerThread "GC Thread#3"                     [id=18992, stack(0x0000005b3e900000,0x0000005b3ea00000) (1024K)]
  0x000001ac7e1b5e70 WorkerThread "GC Thread#4"                     [id=22556, stack(0x0000005b3ea00000,0x0000005b3eb00000) (1024K)]
  0x000001ac7e19f720 WorkerThread "GC Thread#5"                     [id=3716, stack(0x0000005b3eb00000,0x0000005b3ec00000) (1024K)]
  0x000001ac7e19fed0 WorkerThread "GC Thread#6"                     [id=1924, stack(0x0000005b3ec00000,0x0000005b3ed00000) (1024K)]
  0x000001ac7e0239f0 WorkerThread "GC Thread#7"                     [id=15584, stack(0x0000005b3ef00000,0x0000005b3f000000) (1024K)]
Total: 10

Threads with active compile tasks:
C2 CompilerThread0  155309 7408       4       org.eclipse.jdt.internal.compiler.util.JrtFileSystem$2::visitFile (10 bytes)
C1 CompilerThread0  155309 7448       2       org.eclipse.jdt.internal.compiler.parser.Scanner::internalScanIdentifierOrKeyword (5041 bytes)
Total: 2

VM state: not at safepoint (normal execution)

VM Mutex/Monitor currently owned by a thread: None

Heap address: 0x0000000080000000, size: 2048 MB, Compressed Oops mode: 32-bit

CDS archive(s) mapped at: [0x000001ac0f000000-0x000001ac0fba0000-0x000001ac0fba0000), size 12189696, SharedBaseAddress: 0x000001ac0f000000, ArchiveRelocationMode: 1.
Compressed class space mapped at: 0x000001ac10000000-0x000001ac50000000, reserved size: 1073741824
Narrow klass base: 0x000001ac0f000000, Narrow klass shift: 0, Narrow klass range: 0x100000000

GC Precious Log:
 CardTable entry size: 512
 CPUs: 8 total, 8 available
 Memory: 3719M
 Large Page Support: Disabled
 NUMA Support: Disabled
 Compressed Oops: Enabled (32-bit)
 Alignments: Space 512K, Generation 512K, Heap 2M
 Heap Min Capacity: 100M
 Heap Initial Capacity: 100M
 Heap Max Capacity: 2G
 Pre-touch: Disabled
 Parallel Workers: 8

Heap:
 PSYoungGen      total 24576K, used 21820K [0x00000000d5580000, 0x00000000d7380000, 0x0000000100000000)
  eden space 22016K, 88% used [0x00000000d5580000,0x00000000d686f008,0x00000000d6b00000)
  from space 2560K, 95% used [0x00000000d7000000,0x00000000d7260010,0x00000000d7280000)
  to   space 1024K, 0% used [0x00000000d7280000,0x00000000d7280000,0x00000000d7380000)
 ParOldGen       total 68608K, used 42201K [0x0000000080000000, 0x0000000084300000, 0x00000000d5580000)
  object space 68608K, 61% used [0x0000000080000000,0x0000000082936478,0x0000000084300000)
 Metaspace       used 49166K, committed 50560K, reserved 1114112K
  class space    used 5324K, committed 5952K, reserved 1048576K

Card table byte_map: [0x000001ac6fe60000,0x000001ac70270000] _byte_map_base: 0x000001ac6fa60000

Marking Bits: (ParMarkBitMap*) 0x00007ff9dda7a340
 Begin Bits: [0x000001ac73960000, 0x000001ac75960000)
 End Bits:   [0x000001ac75960000, 0x000001ac77960000)

Polling page: 0x000001ac6e340000

Metaspace:

Usage:
  Non-class:     42.81 MB used.
      Class:      5.20 MB used.
       Both:     48.01 MB used.

Virtual space:
  Non-class space:       64.00 MB reserved,      43.56 MB ( 68%) committed,  1 nodes.
      Class space:        1.00 GB reserved,       5.81 MB ( <1%) committed,  1 nodes.
             Both:        1.06 GB reserved,      49.38 MB (  5%) committed. 

Chunk freelists:
   Non-Class:  3.86 MB
       Class:  10.14 MB
        Both:  14.00 MB

MaxMetaspaceSize: unlimited
CompressedClassSpaceSize: 1.00 GB
Initial GC threshold: 21.00 MB
Current GC threshold: 58.38 MB
CDS: on
 - commit_granule_bytes: 65536.
 - commit_granule_words: 8192.
 - virtual_space_node_default_size: 8388608.
 - enlarge_chunks_in_place: 1.
 - use_allocation_guard: 0.


Internal statistics:

num_allocs_failed_limit: 6.
num_arena_births: 1004.
num_arena_deaths: 14.
num_vsnodes_births: 2.
num_vsnodes_deaths: 0.
num_space_committed: 790.
num_space_uncommitted: 0.
num_chunks_returned_to_freelist: 20.
num_chunks_taken_from_freelist: 3315.
num_chunk_merges: 9.
num_chunk_splits: 2014.
num_chunks_enlarged: 1077.
num_inconsistent_stats: 0.

CodeHeap 'non-profiled nmethods': size=120000Kb used=3791Kb max_used=3791Kb free=116208Kb
 bounds [0x000001ac07ad0000, 0x000001ac07e90000, 0x000001ac0f000000]
CodeHeap 'profiled nmethods': size=120000Kb used=14469Kb max_used=14469Kb free=105530Kb
 bounds [0x000001ac00000000, 0x000001ac00e30000, 0x000001ac07530000]
CodeHeap 'non-nmethods': size=5760Kb used=1373Kb max_used=1412Kb free=4387Kb
 bounds [0x000001ac07530000, 0x000001ac077a0000, 0x000001ac07ad0000]
CodeCache: size=245760Kb, used=19633Kb, max_used=19672Kb, free=226125Kb
 total_blobs=7452, nmethods=6777, adapters=581, full_count=0
Compilation: enabled, stopped_count=0, restarted_count=0

Compilation events (20 events):
Event: 149.559 Thread 0x000001ac77f51070 nmethod 7435 0x000001ac00e1d310 code [0x000001ac00e1d4e0, 0x000001ac00e1d788]
Event: 149.559 Thread 0x000001ac77f51070 7436       3       java.util.ArrayDeque::removeFirst (19 bytes)
Event: 149.559 Thread 0x000001ac77f51070 nmethod 7436 0x000001ac00e1d910 code [0x000001ac00e1dae0, 0x000001ac00e1dd28]
Event: 149.559 Thread 0x000001ac77f51070 7437       3       java.util.List::of (64 bytes)
Event: 149.566 Thread 0x000001ac77f51070 nmethod 7437 0x000001ac00e1de10 code [0x000001ac00e1e0a0, 0x000001ac00e1ec08]
Event: 149.568 Thread 0x000001ac77f51070 7441       2       org.eclipse.jdt.internal.core.util.WeakHashSet::get (65 bytes)
Event: 149.569 Thread 0x000001ac77f51070 nmethod 7441 0x000001ac00e1f010 code [0x000001ac00e1f200, 0x000001ac00e1f4f0]
Event: 149.569 Thread 0x000001ac77f51070 7442       2       java.util.ImmutableCollections::listCopy (54 bytes)
Event: 149.569 Thread 0x000001ac77f51070 nmethod 7442 0x000001ac00e1f710 code [0x000001ac00e1f900, 0x000001ac00e1fc08]
Event: 149.569 Thread 0x000001ac77f51070 7443       2       org.eclipse.jdt.internal.core.JarPackageFragmentRootInfo$PackageContent::<init> (15 bytes)
Event: 149.569 Thread 0x000001ac77f51070 nmethod 7443 0x000001ac00e1fd10 code [0x000001ac00e1fea0, 0x000001ac00e1ffd0]
Event: 149.583 Thread 0x000001ac77f51070 7444       2       java.util.Collection::toArray (17 bytes)
Event: 149.586 Thread 0x000001ac77f51070 nmethod 7444 0x000001ac00e20090 code [0x000001ac00e20240, 0x000001ac00e203f8]
Event: 149.586 Thread 0x000001ac77f51070 7447       2       java.util.ImmutableCollections$MapN$MapNIterator::next (75 bytes)
Event: 149.590 Thread 0x000001ac77f51070 nmethod 7447 0x000001ac00e20510 code [0x000001ac00e20700, 0x000001ac00e20c30]
Event: 149.590 Thread 0x000001ac77f51070 7445       2       java.util.AbstractMap$1$1::hasNext (10 bytes)
Event: 149.592 Thread 0x000001ac77f51070 nmethod 7445 0x000001ac00e20f10 code [0x000001ac00e210c0, 0x000001ac00e211f8]
Event: 149.592 Thread 0x000001ac77f51070 7446       2       java.util.AbstractMap$1$1::next (18 bytes)
Event: 149.592 Thread 0x000001ac77f51070 nmethod 7446 0x000001ac00e21290 code [0x000001ac00e21440, 0x000001ac00e215f8]
Event: 149.650 Thread 0x000001ac77f51070 7448       2       org.eclipse.jdt.internal.compiler.parser.Scanner::internalScanIdentifierOrKeyword (5041 bytes)

GC Heap History (20 events):
Event: 111.430 GC heap after
{Heap after GC invocations=16 (full 2):
 PSYoungGen      total 22528K, used 0K [0x00000000d5580000, 0x00000000d7080000, 0x0000000100000000)
  eden space 22016K, 0% used [0x00000000d5580000,0x00000000d5580000,0x00000000d6b00000)
  from space 512K, 0% used [0x00000000d7000000,0x00000000d7000000,0x00000000d7080000)
  to   space 1024K, 0% used [0x00000000d6e80000,0x00000000d6e80000,0x00000000d6f80000)
 ParOldGen       total 68608K, used 18314K [0x0000000080000000, 0x0000000084300000, 0x00000000d5580000)
  object space 68608K, 26% used [0x0000000080000000,0x00000000811e2b18,0x0000000084300000)
 Metaspace       used 34924K, committed 35840K, reserved 1114112K
  class space    used 3645K, committed 4032K, reserved 1048576K
}
Event: 113.736 GC heap before
{Heap before GC invocations=17 (full 2):
 PSYoungGen      total 22528K, used 22016K [0x00000000d5580000, 0x00000000d7080000, 0x0000000100000000)
  eden space 22016K, 100% used [0x00000000d5580000,0x00000000d6b00000,0x00000000d6b00000)
  from space 512K, 0% used [0x00000000d7000000,0x00000000d7000000,0x00000000d7080000)
  to   space 1024K, 0% used [0x00000000d6e80000,0x00000000d6e80000,0x00000000d6f80000)
 ParOldGen       total 68608K, used 18314K [0x0000000080000000, 0x0000000084300000, 0x00000000d5580000)
  object space 68608K, 26% used [0x0000000080000000,0x00000000811e2b18,0x0000000084300000)
 Metaspace       used 37621K, committed 38656K, reserved 1114112K
  class space    used 3990K, committed 4416K, reserved 1048576K
}
Event: 113.752 GC heap after
{Heap after GC invocations=17 (full 2):
 PSYoungGen      total 23040K, used 1024K [0x00000000d5580000, 0x00000000d7080000, 0x0000000100000000)
  eden space 22016K, 0% used [0x00000000d5580000,0x00000000d5580000,0x00000000d6b00000)
  from space 1024K, 100% used [0x00000000d6e80000,0x00000000d6f80000,0x00000000d6f80000)
  to   space 1024K, 0% used [0x00000000d6f80000,0x00000000d6f80000,0x00000000d7080000)
 ParOldGen       total 68608K, used 18666K [0x0000000080000000, 0x0000000084300000, 0x00000000d5580000)
  object space 68608K, 27% used [0x0000000080000000,0x000000008123ab28,0x0000000084300000)
 Metaspace       used 37621K, committed 38656K, reserved 1114112K
  class space    used 3990K, committed 4416K, reserved 1048576K
}
Event: 115.165 GC heap before
{Heap before GC invocations=18 (full 2):
 PSYoungGen      total 23040K, used 23040K [0x00000000d5580000, 0x00000000d7080000, 0x0000000100000000)
  eden space 22016K, 100% used [0x00000000d5580000,0x00000000d6b00000,0x00000000d6b00000)
  from space 1024K, 100% used [0x00000000d6e80000,0x00000000d6f80000,0x00000000d6f80000)
  to   space 1024K, 0% used [0x00000000d6f80000,0x00000000d6f80000,0x00000000d7080000)
 ParOldGen       total 68608K, used 18666K [0x0000000080000000, 0x0000000084300000, 0x00000000d5580000)
  object space 68608K, 27% used [0x0000000080000000,0x000000008123ab28,0x0000000084300000)
 Metaspace       used 40132K, committed 41216K, reserved 1114112K
  class space    used 4310K, committed 4736K, reserved 1048576K
}
Event: 115.180 GC heap after
{Heap after GC invocations=18 (full 2):
 PSYoungGen      total 23040K, used 1021K [0x00000000d5580000, 0x00000000d7100000, 0x0000000100000000)
  eden space 22016K, 0% used [0x00000000d5580000,0x00000000d5580000,0x00000000d6b00000)
  from space 1024K, 99% used [0x00000000d6f80000,0x00000000d707f6e0,0x00000000d7080000)
  to   space 3072K, 0% used [0x00000000d6b00000,0x00000000d6b00000,0x00000000d6e00000)
 ParOldGen       total 68608K, used 20227K [0x0000000080000000, 0x0000000084300000, 0x00000000d5580000)
  object space 68608K, 29% used [0x0000000080000000,0x00000000813c0e50,0x0000000084300000)
 Metaspace       used 40132K, committed 41216K, reserved 1114112K
  class space    used 4310K, committed 4736K, reserved 1048576K
}
Event: 116.920 GC heap before
{Heap before GC invocations=19 (full 2):
 PSYoungGen      total 23040K, used 23037K [0x00000000d5580000, 0x00000000d7100000, 0x0000000100000000)
  eden space 22016K, 100% used [0x00000000d5580000,0x00000000d6b00000,0x00000000d6b00000)
  from space 1024K, 99% used [0x00000000d6f80000,0x00000000d707f6e0,0x00000000d7080000)
  to   space 3072K, 0% used [0x00000000d6b00000,0x00000000d6b00000,0x00000000d6e00000)
 ParOldGen       total 68608K, used 20227K [0x0000000080000000, 0x0000000084300000, 0x00000000d5580000)
  object space 68608K, 29% used [0x0000000080000000,0x00000000813c0e50,0x0000000084300000)
 Metaspace       used 42681K, committed 43904K, reserved 1114112K
  class space    used 4654K, committed 5184K, reserved 1048576K
}
Event: 117.177 GC heap after
{Heap after GC invocations=19 (full 2):
 PSYoungGen      total 24576K, used 2160K [0x00000000d5580000, 0x00000000d7000000, 0x0000000100000000)
  eden space 22016K, 0% used [0x00000000d5580000,0x00000000d5580000,0x00000000d6b00000)
  from space 2560K, 84% used [0x00000000d6b00000,0x00000000d6d1c010,0x00000000d6d80000)
  to   space 2560K, 0% used [0x00000000d6d80000,0x00000000d6d80000,0x00000000d7000000)
 ParOldGen       total 68608K, used 21205K [0x0000000080000000, 0x0000000084300000, 0x00000000d5580000)
  object space 68608K, 30% used [0x0000000080000000,0x00000000814b5488,0x0000000084300000)
 Metaspace       used 42681K, committed 43904K, reserved 1114112K
  class space    used 4654K, committed 5184K, reserved 1048576K
}
Event: 121.142 GC heap before
{Heap before GC invocations=20 (full 2):
 PSYoungGen      total 24576K, used 24176K [0x00000000d5580000, 0x00000000d7000000, 0x0000000100000000)
  eden space 22016K, 100% used [0x00000000d5580000,0x00000000d6b00000,0x00000000d6b00000)
  from space 2560K, 84% used [0x00000000d6b00000,0x00000000d6d1c010,0x00000000d6d80000)
  to   space 2560K, 0% used [0x00000000d6d80000,0x00000000d6d80000,0x00000000d7000000)
 ParOldGen       total 68608K, used 21205K [0x0000000080000000, 0x0000000084300000, 0x00000000d5580000)
  object space 68608K, 30% used [0x0000000080000000,0x00000000814b5488,0x0000000084300000)
 Metaspace       used 44844K, committed 46016K, reserved 1114112K
  class space    used 4887K, committed 5376K, reserved 1048576K
}
Event: 121.205 GC heap after
{Heap after GC invocations=20 (full 2):
 PSYoungGen      total 24576K, used 2208K [0x00000000d5580000, 0x00000000d7000000, 0x0000000100000000)
  eden space 22016K, 0% used [0x00000000d5580000,0x00000000d5580000,0x00000000d6b00000)
  from space 2560K, 86% used [0x00000000d6d80000,0x00000000d6fa8000,0x00000000d7000000)
  to   space 2560K, 0% used [0x00000000d6b00000,0x00000000d6b00000,0x00000000d6d80000)
 ParOldGen       total 68608K, used 23163K [0x0000000080000000, 0x0000000084300000, 0x00000000d5580000)
  object space 68608K, 33% used [0x0000000080000000,0x000000008169ed30,0x0000000084300000)
 Metaspace       used 44844K, committed 46016K, reserved 1114112K
  class space    used 4887K, committed 5376K, reserved 1048576K
}
Event: 128.293 GC heap before
{Heap before GC invocations=21 (full 2):
 PSYoungGen      total 24576K, used 24224K [0x00000000d5580000, 0x00000000d7000000, 0x0000000100000000)
  eden space 22016K, 100% used [0x00000000d5580000,0x00000000d6b00000,0x00000000d6b00000)
  from space 2560K, 86% used [0x00000000d6d80000,0x00000000d6fa8000,0x00000000d7000000)
  to   space 2560K, 0% used [0x00000000d6b00000,0x00000000d6b00000,0x00000000d6d80000)
 ParOldGen       total 68608K, used 23163K [0x0000000080000000, 0x0000000084300000, 0x00000000d5580000)
  object space 68608K, 33% used [0x0000000080000000,0x000000008169ed30,0x0000000084300000)
 Metaspace       used 45953K, committed 47232K, reserved 1114112K
  class space    used 5001K, committed 5568K, reserved 1048576K
}
Event: 128.418 GC heap after
{Heap after GC invocations=21 (full 2):
 PSYoungGen      total 24576K, used 2547K [0x00000000d5580000, 0x00000000d8000000, 0x0000000100000000)
  eden space 22016K, 0% used [0x00000000d5580000,0x00000000d5580000,0x00000000d6b00000)
  from space 2560K, 99% used [0x00000000d6b00000,0x00000000d6d7cd90,0x00000000d6d80000)
  to   space 10752K, 0% used [0x00000000d7580000,0x00000000d7580000,0x00000000d8000000)
 ParOldGen       total 68608K, used 29937K [0x0000000080000000, 0x0000000084300000, 0x00000000d5580000)
  object space 68608K, 43% used [0x0000000080000000,0x0000000081d3c5a8,0x0000000084300000)
 Metaspace       used 45953K, committed 47232K, reserved 1114112K
  class space    used 5001K, committed 5568K, reserved 1048576K
}
Event: 135.809 GC heap before
{Heap before GC invocations=22 (full 2):
 PSYoungGen      total 24576K, used 24563K [0x00000000d5580000, 0x00000000d8000000, 0x0000000100000000)
  eden space 22016K, 100% used [0x00000000d5580000,0x00000000d6b00000,0x00000000d6b00000)
  from space 2560K, 99% used [0x00000000d6b00000,0x00000000d6d7cd90,0x00000000d6d80000)
  to   space 10752K, 0% used [0x00000000d7580000,0x00000000d7580000,0x00000000d8000000)
 ParOldGen       total 68608K, used 29937K [0x0000000080000000, 0x0000000084300000, 0x00000000d5580000)
  object space 68608K, 43% used [0x0000000080000000,0x0000000081d3c5a8,0x0000000084300000)
 Metaspace       used 47060K, committed 48384K, reserved 1114112K
  class space    used 5125K, committed 5696K, reserved 1048576K
}
Event: 135.821 GC heap after
{Heap after GC invocations=22 (full 2):
 PSYoungGen      total 23040K, used 896K [0x00000000d5580000, 0x00000000d7680000, 0x0000000100000000)
  eden space 22016K, 0% used [0x00000000d5580000,0x00000000d5580000,0x00000000d6b00000)
  from space 1024K, 87% used [0x00000000d7580000,0x00000000d7660000,0x00000000d7680000)
  to   space 4096K, 0% used [0x00000000d6e80000,0x00000000d6e80000,0x00000000d7280000)
 ParOldGen       total 68608K, used 32537K [0x0000000080000000, 0x0000000084300000, 0x00000000d5580000)
  object space 68608K, 47% used [0x0000000080000000,0x0000000081fc66d8,0x0000000084300000)
 Metaspace       used 47060K, committed 48384K, reserved 1114112K
  class space    used 5125K, committed 5696K, reserved 1048576K
}
Event: 146.284 GC heap before
{Heap before GC invocations=23 (full 2):
 PSYoungGen      total 23040K, used 22912K [0x00000000d5580000, 0x00000000d7680000, 0x0000000100000000)
  eden space 22016K, 100% used [0x00000000d5580000,0x00000000d6b00000,0x00000000d6b00000)
  from space 1024K, 87% used [0x00000000d7580000,0x00000000d7660000,0x00000000d7680000)
  to   space 4096K, 0% used [0x00000000d6e80000,0x00000000d6e80000,0x00000000d7280000)
 ParOldGen       total 68608K, used 32537K [0x0000000080000000, 0x0000000084300000, 0x00000000d5580000)
  object space 68608K, 47% used [0x0000000080000000,0x0000000081fc66d8,0x0000000084300000)
 Metaspace       used 48795K, committed 50112K, reserved 1114112K
  class space    used 5271K, committed 5888K, reserved 1048576K
}
Event: 146.358 GC heap after
{Heap after GC invocations=23 (full 2):
 PSYoungGen      total 26112K, used 2072K [0x00000000d5580000, 0x00000000d7600000, 0x0000000100000000)
  eden space 22016K, 0% used [0x00000000d5580000,0x00000000d5580000,0x00000000d6b00000)
  from space 4096K, 50% used [0x00000000d6e80000,0x00000000d70861d8,0x00000000d7280000)
  to   space 2560K, 0% used [0x00000000d7380000,0x00000000d7380000,0x00000000d7600000)
 ParOldGen       total 68608K, used 33163K [0x0000000080000000, 0x0000000084300000, 0x00000000d5580000)
  object space 68608K, 48% used [0x0000000080000000,0x0000000082062eb0,0x0000000084300000)
 Metaspace       used 48795K, committed 50112K, reserved 1114112K
  class space    used 5271K, committed 5888K, reserved 1048576K
}
Event: 149.299 GC heap before
{Heap before GC invocations=24 (full 2):
 PSYoungGen      total 26112K, used 24088K [0x00000000d5580000, 0x00000000d7600000, 0x0000000100000000)
  eden space 22016K, 100% used [0x00000000d5580000,0x00000000d6b00000,0x00000000d6b00000)
  from space 4096K, 50% used [0x00000000d6e80000,0x00000000d70861d8,0x00000000d7280000)
  to   space 2560K, 0% used [0x00000000d7380000,0x00000000d7380000,0x00000000d7600000)
 ParOldGen       total 68608K, used 33163K [0x0000000080000000, 0x0000000084300000, 0x00000000d5580000)
  object space 68608K, 48% used [0x0000000080000000,0x0000000082062eb0,0x0000000084300000)
 Metaspace       used 49139K, committed 50496K, reserved 1114112K
  class space    used 5324K, committed 5952K, reserved 1048576K
}
Event: 149.346 GC heap after
{Heap after GC invocations=24 (full 2):
 PSYoungGen      total 24576K, used 2513K [0x00000000d5580000, 0x00000000d7600000, 0x0000000100000000)
  eden space 22016K, 0% used [0x00000000d5580000,0x00000000d5580000,0x00000000d6b00000)
  from space 2560K, 98% used [0x00000000d7380000,0x00000000d75f4420,0x00000000d7600000)
  to   space 3072K, 0% used [0x00000000d7000000,0x00000000d7000000,0x00000000d7300000)
 ParOldGen       total 68608K, used 35087K [0x0000000080000000, 0x0000000084300000, 0x00000000d5580000)
  object space 68608K, 51% used [0x0000000080000000,0x0000000082243cc0,0x0000000084300000)
 Metaspace       used 49139K, committed 50496K, reserved 1114112K
  class space    used 5324K, committed 5952K, reserved 1048576K
}
Event: 149.694 GC heap before
{Heap before GC invocations=25 (full 2):
 PSYoungGen      total 24576K, used 24529K [0x00000000d5580000, 0x00000000d7600000, 0x0000000100000000)
  eden space 22016K, 100% used [0x00000000d5580000,0x00000000d6b00000,0x00000000d6b00000)
  from space 2560K, 98% used [0x00000000d7380000,0x00000000d75f4420,0x00000000d7600000)
  to   space 3072K, 0% used [0x00000000d7000000,0x00000000d7000000,0x00000000d7300000)
 ParOldGen       total 68608K, used 35087K [0x0000000080000000, 0x0000000084300000, 0x00000000d5580000)
  object space 68608K, 51% used [0x0000000080000000,0x0000000082243cc0,0x0000000084300000)
 Metaspace       used 49146K, committed 50496K, reserved 1114112K
  class space    used 5324K, committed 5952K, reserved 1048576K
}
Event: 149.702 GC heap after
{Heap after GC invocations=25 (full 2):
 PSYoungGen      total 25088K, used 2690K [0x00000000d5580000, 0x00000000d7400000, 0x0000000100000000)
  eden space 22016K, 0% used [0x00000000d5580000,0x00000000d5580000,0x00000000d6b00000)
  from space 3072K, 87% used [0x00000000d7000000,0x00000000d72a0810,0x00000000d7300000)
  to   space 1024K, 0% used [0x00000000d7300000,0x00000000d7300000,0x00000000d7400000)
 ParOldGen       total 68608K, used 37410K [0x0000000080000000, 0x0000000084300000, 0x00000000d5580000)
  object space 68608K, 54% used [0x0000000080000000,0x00000000824889b8,0x0000000084300000)
 Metaspace       used 49146K, committed 50496K, reserved 1114112K
  class space    used 5324K, committed 5952K, reserved 1048576K
}
Event: 150.859 GC heap before
{Heap before GC invocations=26 (full 2):
 PSYoungGen      total 25088K, used 24706K [0x00000000d5580000, 0x00000000d7400000, 0x0000000100000000)
  eden space 22016K, 100% used [0x00000000d5580000,0x00000000d6b00000,0x00000000d6b00000)
  from space 3072K, 87% used [0x00000000d7000000,0x00000000d72a0810,0x00000000d7300000)
  to   space 1024K, 0% used [0x00000000d7300000,0x00000000d7300000,0x00000000d7400000)
 ParOldGen       total 68608K, used 37410K [0x0000000080000000, 0x0000000084300000, 0x00000000d5580000)
  object space 68608K, 54% used [0x0000000080000000,0x00000000824889b8,0x0000000084300000)
 Metaspace       used 49153K, committed 50496K, reserved 1114112K
  class space    used 5324K, committed 5952K, reserved 1048576K
}

Dll operation events (10 events):
Event: 0.254 Loaded shared library c:\Users\jf406\.vscode\extensions\redhat.java-1.47.0-win32-x64\jre\21.0.8-win32-x86_64\bin\java.dll
Event: 1.525 Loaded shared library c:\Users\jf406\.vscode\extensions\redhat.java-1.47.0-win32-x64\jre\21.0.8-win32-x86_64\bin\zip.dll
Event: 1.898 Loaded shared library C:\Users\jf406\.vscode\extensions\redhat.java-1.47.0-win32-x64\jre\21.0.8-win32-x86_64\bin\instrument.dll
Event: 2.015 Loaded shared library C:\Users\jf406\.vscode\extensions\redhat.java-1.47.0-win32-x64\jre\21.0.8-win32-x86_64\bin\net.dll
Event: 2.060 Loaded shared library C:\Users\jf406\.vscode\extensions\redhat.java-1.47.0-win32-x64\jre\21.0.8-win32-x86_64\bin\nio.dll
Event: 2.102 Loaded shared library C:\Users\jf406\.vscode\extensions\redhat.java-1.47.0-win32-x64\jre\21.0.8-win32-x86_64\bin\zip.dll
Event: 2.277 Loaded shared library C:\Users\jf406\.vscode\extensions\redhat.java-1.47.0-win32-x64\jre\21.0.8-win32-x86_64\bin\jimage.dll
Event: 3.141 Loaded shared library c:\Users\jf406\.vscode\extensions\redhat.java-1.47.0-win32-x64\jre\21.0.8-win32-x86_64\bin\verify.dll
Event: 19.111 Loaded shared library C:\Users\jf406\AppData\Roaming\Code\User\globalStorage\redhat.java\1.47.0\config_win\org.eclipse.equinox.launcher\org.eclipse.equinox.launcher.win32.win32.x86_64_1.2.1400.v20250801-0854\eclipse_11916.dll
Event: 75.549 Loaded shared library C:\Users\jf406\AppData\Local\Temp\jna-100983422\jna14264093863571142900.dll

Deoptimization events (20 events):
Event: 140.117 Thread 0x000001ac7eb140d0 Uncommon trap: trap_request=0xffffff45 fr.pc=0x000001ac07dabb6c relative=0x000000000000022c
Event: 140.117 Thread 0x000001ac7eb140d0 Uncommon trap: reason=unstable_if action=reinterpret pc=0x000001ac07dabb6c method=java.net.URI.quote(Ljava/lang/String;JJ)Ljava/lang/String; @ 56 c2
Event: 140.117 Thread 0x000001ac7eb140d0 DEOPT PACKING pc=0x000001ac07dabb6c sp=0x0000005b407fd760
Event: 140.118 Thread 0x000001ac7eb140d0 DEOPT UNPACKING pc=0x000001ac07583aa2 sp=0x0000005b407fd6d0 mode 2
Event: 145.457 Thread 0x000001ac7eb140d0 Uncommon trap: trap_request=0xffffff45 fr.pc=0x000001ac07e595f0 relative=0x0000000000000550
Event: 145.463 Thread 0x000001ac7eb140d0 Uncommon trap: reason=unstable_if action=reinterpret pc=0x000001ac07e595f0 method=jdk.internal.jimage.ImageReader$SharedImageReader.findNode(Ljava/lang/String;)Ljdk/internal/jimage/ImageReader$Node; @ 25 c2
Event: 145.472 Thread 0x000001ac7eb140d0 DEOPT PACKING pc=0x000001ac07e595f0 sp=0x0000005b407fd310
Event: 145.479 Thread 0x000001ac7eb140d0 DEOPT UNPACKING pc=0x000001ac07583aa2 sp=0x0000005b407fd2d8 mode 2
Event: 145.696 Thread 0x000001ac7eb140d0 Uncommon trap: trap_request=0xffffff45 fr.pc=0x000001ac07e573e0 relative=0x00000000000001a0
Event: 145.696 Thread 0x000001ac7eb140d0 Uncommon trap: reason=unstable_if action=reinterpret pc=0x000001ac07e573e0 method=jdk.internal.jrtfs.JrtPath.normalize(Ljava/lang/String;)Ljava/lang/String; @ 78 c2
Event: 145.696 Thread 0x000001ac7eb140d0 DEOPT PACKING pc=0x000001ac07e573e0 sp=0x0000005b407fcc90
Event: 145.696 Thread 0x000001ac7eb140d0 DEOPT UNPACKING pc=0x000001ac07583aa2 sp=0x0000005b407fcc10 mode 2
Event: 146.700 Thread 0x000001ac7eb140d0 Uncommon trap: trap_request=0xffffff45 fr.pc=0x000001ac07e612cc relative=0x000000000000124c
Event: 146.700 Thread 0x000001ac7eb140d0 Uncommon trap: reason=unstable_if action=reinterpret pc=0x000001ac07e612cc method=org.eclipse.jdt.internal.core.util.Util.splitOn(CLjava/lang/String;II)[Ljava/lang/String; @ 21 c2
Event: 146.702 Thread 0x000001ac7eb140d0 DEOPT PACKING pc=0x000001ac07e612cc sp=0x0000005b407fcbd0
Event: 146.704 Thread 0x000001ac7eb140d0 DEOPT UNPACKING pc=0x000001ac07583aa2 sp=0x0000005b407fcb98 mode 2
Event: 149.762 Thread 0x000001ac7eb140d0 Uncommon trap: trap_request=0xffffff45 fr.pc=0x000001ac07e701c8 relative=0x0000000000000608
Event: 150.631 Thread 0x000001ac7eb140d0 Uncommon trap: reason=unstable_if action=reinterpret pc=0x000001ac07e701c8 method=java.util.ArrayList.equalsRange(Ljava/util/List;II)Z @ 41 c2
Event: 150.632 Thread 0x000001ac7eb140d0 DEOPT PACKING pc=0x000001ac07e701c8 sp=0x0000005b407fceb0
Event: 150.636 Thread 0x000001ac7eb140d0 DEOPT UNPACKING pc=0x000001ac07583aa2 sp=0x0000005b407fce50 mode 2

Classes loaded (20 events):
Event: 144.345 Loading class sun/nio/ch/Util$4
Event: 144.351 Loading class sun/nio/ch/Util$4 done
Event: 144.625 Loading class java/nio/file/ClosedDirectoryStreamException
Event: 144.639 Loading class java/nio/file/ClosedDirectoryStreamException done
Event: 144.639 Loading class jdk/internal/jrtfs/JrtFileSystem
Event: 144.652 Loading class jdk/internal/jrtfs/JrtFileSystem done
Event: 144.653 Loading class jdk/internal/jrtfs/JrtPath
Event: 144.657 Loading class jdk/internal/jrtfs/JrtPath done
Event: 144.657 Loading class jdk/internal/jimage/ImageReader$Node
Event: 144.662 Loading class jdk/internal/jimage/ImageReader$Node done
Event: 144.757 Loading class java/nio/ByteBufferAsIntBufferL
Event: 144.766 Loading class java/nio/ByteBufferAsIntBufferL done
Event: 144.833 Loading class jdk/internal/jimage/ImageReader$Directory
Event: 144.836 Loading class jdk/internal/jimage/ImageReader$Directory done
Event: 148.328 Loading class java/util/AbstractList$ListItr
Event: 148.352 Loading class java/util/AbstractList$ListItr done
Event: 148.778 Loading class java/nio/channels/Channels$ReadableByteChannelImpl
Event: 148.785 Loading class java/nio/channels/Channels$ReadableByteChannelImpl done
Event: 148.796 Loading class java/nio/channels/NonWritableChannelException
Event: 148.799 Loading class java/nio/channels/NonWritableChannelException done

Classes unloaded (7 events):
Event: 98.865 Thread 0x000001ac77f029f0 Unloading class 0x000001ac101a4c00 'java/lang/invoke/LambdaForm$MH+0x000001ac101a4c00'
Event: 98.866 Thread 0x000001ac77f029f0 Unloading class 0x000001ac101a4800 'java/lang/invoke/LambdaForm$MH+0x000001ac101a4800'
Event: 98.866 Thread 0x000001ac77f029f0 Unloading class 0x000001ac101a4400 'java/lang/invoke/LambdaForm$MH+0x000001ac101a4400'
Event: 98.866 Thread 0x000001ac77f029f0 Unloading class 0x000001ac101a4000 'java/lang/invoke/LambdaForm$MH+0x000001ac101a4000'
Event: 98.866 Thread 0x000001ac77f029f0 Unloading class 0x000001ac101a3c00 'java/lang/invoke/LambdaForm$BMH+0x000001ac101a3c00'
Event: 98.866 Thread 0x000001ac77f029f0 Unloading class 0x000001ac101a3800 'java/lang/invoke/LambdaForm$DMH+0x000001ac101a3800'
Event: 98.866 Thread 0x000001ac77f029f0 Unloading class 0x000001ac101a2400 'java/lang/invoke/LambdaForm$DMH+0x000001ac101a2400'

Classes redefined (0 events):
No events

Internal exceptions (20 events):
Event: 132.250 Thread 0x000001ac7e945460 Exception <a 'sun/nio/fs/WindowsException'{0x00000000d5d98128}> (0x00000000d5d98128) 
thrown [s\src\hotspot\share\prims\jni.cpp, line 520]
Event: 132.250 Thread 0x000001ac7e945460 Exception <a 'sun/nio/fs/WindowsException'{0x00000000d5d987a8}> (0x00000000d5d987a8) 
thrown [s\src\hotspot\share\prims\jni.cpp, line 520]
Event: 132.250 Thread 0x000001ac7e945460 Exception <a 'sun/nio/fs/WindowsException'{0x00000000d5d98e40}> (0x00000000d5d98e40) 
thrown [s\src\hotspot\share\prims\jni.cpp, line 520]
Event: 132.252 Thread 0x000001ac7e945460 Exception <a 'sun/nio/fs/WindowsException'{0x00000000d5d9c298}> (0x00000000d5d9c298) 
thrown [s\src\hotspot\share\prims\jni.cpp, line 520]
Event: 132.252 Thread 0x000001ac7e945460 Exception <a 'sun/nio/fs/WindowsException'{0x00000000d5d9c868}> (0x00000000d5d9c868) 
thrown [s\src\hotspot\share\prims\jni.cpp, line 520]
Event: 132.252 Thread 0x000001ac7e945460 Exception <a 'sun/nio/fs/WindowsException'{0x00000000d5d9ce38}> (0x00000000d5d9ce38) 
thrown [s\src\hotspot\share\prims\jni.cpp, line 520]
Event: 132.252 Thread 0x000001ac7e945460 Exception <a 'sun/nio/fs/WindowsException'{0x00000000d5d9d428}> (0x00000000d5d9d428) 
thrown [s\src\hotspot\share\prims\jni.cpp, line 520]
Event: 132.254 Thread 0x000001ac7e945460 Exception <a 'sun/nio/fs/WindowsException'{0x00000000d5da0c98}> (0x00000000d5da0c98) 
thrown [s\src\hotspot\share\prims\jni.cpp, line 520]
Event: 132.254 Thread 0x000001ac7e945460 Exception <a 'sun/nio/fs/WindowsException'{0x00000000d5da1258}> (0x00000000d5da1258) 
thrown [s\src\hotspot\share\prims\jni.cpp, line 520]
Event: 132.254 Thread 0x000001ac7e945460 Exception <a 'sun/nio/fs/WindowsException'{0x00000000d5da1818}> (0x00000000d5da1818) 
thrown [s\src\hotspot\share\prims\jni.cpp, line 520]
Event: 132.254 Thread 0x000001ac7e945460 Exception <a 'sun/nio/fs/WindowsException'{0x00000000d5da1df0}> (0x00000000d5da1df0) 
thrown [s\src\hotspot\share\prims\jni.cpp, line 520]
Event: 132.257 Thread 0x000001ac7e945460 Exception <a 'sun/nio/fs/WindowsException'{0x00000000d5da52d8}> (0x00000000d5da52d8) 
thrown [s\src\hotspot\share\prims\jni.cpp, line 520]
Event: 132.257 Thread 0x000001ac7e945460 Exception <a 'sun/nio/fs/WindowsException'{0x00000000d5da58a8}> (0x00000000d5da58a8) 
thrown [s\src\hotspot\share\prims\jni.cpp, line 520]
Event: 132.257 Thread 0x000001ac7e945460 Exception <a 'sun/nio/fs/WindowsException'{0x00000000d5da5e78}> (0x00000000d5da5e78) 
thrown [s\src\hotspot\share\prims\jni.cpp, line 520]
Event: 132.280 Thread 0x000001ac7e945460 Exception <a 'sun/nio/fs/WindowsException'{0x00000000d5da6468}> (0x00000000d5da6468) 
thrown [s\src\hotspot\share\prims\jni.cpp, line 520]
Event: 132.313 Thread 0x000001ac7e945460 Exception <a 'sun/nio/fs/WindowsException'{0x00000000d5da9ba0}> (0x00000000d5da9ba0) 
thrown [s\src\hotspot\share\prims\jni.cpp, line 520]
Event: 132.313 Thread 0x000001ac7e945460 Exception <a 'sun/nio/fs/WindowsException'{0x00000000d5daa1a8}> (0x00000000d5daa1a8) 
thrown [s\src\hotspot\share\prims\jni.cpp, line 520]
Event: 132.313 Thread 0x000001ac7e945460 Exception <a 'sun/nio/fs/WindowsException'{0x00000000d5daa7c0}> (0x00000000d5daa7c0) 
thrown [s\src\hotspot\share\prims\jni.cpp, line 520]
Event: 132.313 Thread 0x000001ac7e945460 Exception <a 'sun/nio/fs/WindowsException'{0x00000000d5daade8}> (0x00000000d5daade8) 
thrown [s\src\hotspot\share\prims\jni.cpp, line 520]
Event: 144.524 Thread 0x000001ac7eb140d0 Exception <a 'java/lang/NoSuchMethodError'{0x00000000d601ccb0}: 'java.lang.Object java.lang.invoke.DelegatingMethodHandle$Holder.reinvoke_L(java.lang.Object, int, long, java.lang.Object, java.lang.Object, int, java.lang.Object)'> (0x00000000d601ccb0) 
thrown [s\src\hotspot\share\interpreter\linkResolver.cpp, line 773]

ZGC Phase Switch (0 events):
No events

VM Operations (20 events):
Event: 144.783 Executing VM operation: HandshakeAllThreads (Deoptimize) done
Event: 144.783 Executing VM operation: Cleanup
Event: 144.783 Executing VM operation: Cleanup done
Event: 144.787 Executing VM operation: HandshakeAllThreads (Deoptimize)
Event: 144.787 Executing VM operation: HandshakeAllThreads (Deoptimize) done
Event: 145.062 Executing VM operation: HandshakeAllThreads (Deoptimize)
Event: 145.062 Executing VM operation: HandshakeAllThreads (Deoptimize) done
Event: 146.068 Executing VM operation: Cleanup
Event: 146.069 Executing VM operation: Cleanup done
Event: 146.284 Executing VM operation: ParallelGCFailedAllocation (Allocation Failure)
Event: 146.358 Executing VM operation: ParallelGCFailedAllocation (Allocation Failure) done
Event: 147.362 Executing VM operation: Cleanup
Event: 147.740 Executing VM operation: Cleanup done
Event: 148.665 Executing VM operation: HandshakeAllThreads (Deoptimize)
Event: 148.668 Executing VM operation: HandshakeAllThreads (Deoptimize) done
Event: 149.299 Executing VM operation: ParallelGCFailedAllocation (Allocation Failure)
Event: 149.346 Executing VM operation: ParallelGCFailedAllocation (Allocation Failure) done
Event: 149.694 Executing VM operation: ParallelGCFailedAllocation (Allocation Failure)
Event: 149.702 Executing VM operation: ParallelGCFailedAllocation (Allocation Failure) done
Event: 150.859 Executing VM operation: ParallelGCFailedAllocation (Allocation Failure)

Memory protections (0 events):
No events

Nmethod flushes (20 events):
Event: 111.392 Thread 0x000001ac77f029f0 flushing  nmethod 0x000001ac006a4490
Event: 111.392 Thread 0x000001ac77f029f0 flushing  nmethod 0x000001ac006a4d90
Event: 111.392 Thread 0x000001ac77f029f0 flushing  nmethod 0x000001ac006a5690
Event: 111.392 Thread 0x000001ac77f029f0 flushing  nmethod 0x000001ac006a7a10
Event: 111.392 Thread 0x000001ac77f029f0 flushing  nmethod 0x000001ac006a8190
Event: 111.392 Thread 0x000001ac77f029f0 flushing  nmethod 0x000001ac006a9710
Event: 111.392 Thread 0x000001ac77f029f0 flushing  nmethod 0x000001ac006a9c10
Event: 111.392 Thread 0x000001ac77f029f0 flushing  nmethod 0x000001ac006aa510
Event: 111.392 Thread 0x000001ac77f029f0 flushing  nmethod 0x000001ac006ab510
Event: 111.392 Thread 0x000001ac77f029f0 flushing  nmethod 0x000001ac006acf90
Event: 111.392 Thread 0x000001ac77f029f0 flushing  nmethod 0x000001ac006b6290
Event: 111.392 Thread 0x000001ac77f029f0 flushing  nmethod 0x000001ac00709d90
Event: 111.392 Thread 0x000001ac77f029f0 flushing  nmethod 0x000001ac0070bf90
Event: 111.392 Thread 0x000001ac77f029f0 flushing  nmethod 0x000001ac00710990
Event: 111.392 Thread 0x000001ac77f029f0 flushing  nmethod 0x000001ac0071d190
Event: 111.392 Thread 0x000001ac77f029f0 flushing  nmethod 0x000001ac0076a690
Event: 111.392 Thread 0x000001ac77f029f0 flushing  nmethod 0x000001ac00786a90
Event: 111.392 Thread 0x000001ac77f029f0 flushing  nmethod 0x000001ac0079c410
Event: 111.392 Thread 0x000001ac77f029f0 flushing  nmethod 0x000001ac007e0a90
Event: 111.392 Thread 0x000001ac77f029f0 flushing  nmethod 0x000001ac007e0f10

Events (20 events):
Event: 115.021 Thread 0x000001ac7e945460 Thread added: 0x000001ac7e94bd60
Event: 115.393 Thread 0x000001ac704bae10 Thread added: 0x000001ac7e94a320
Event: 115.397 Thread 0x000001ac704bae10 Thread added: 0x000001ac7e94c3f0
Event: 115.398 Thread 0x000001ac704bae10 Thread added: 0x000001ac7e94a9b0
Event: 115.399 Thread 0x000001ac704bae10 Thread added: 0x000001ac7e94b040
Event: 115.417 Thread 0x000001ac704bae10 Thread added: 0x000001ac7e949c90
Event: 115.417 Thread 0x000001ac704bae10 Thread added: 0x000001ac7e94b6d0
Event: 115.422 Thread 0x000001ac704bae10 Thread added: 0x000001ac7e948f70
Event: 115.428 Thread 0x000001ac704bae10 Thread added: 0x000001ac7e949600
Event: 115.429 Thread 0x000001ac704bae10 Thread added: 0x000001ac7e94ca80
Event: 115.692 Thread 0x000001ac704bae10 Thread added: 0x000001ac7eb15480
Event: 118.104 Thread 0x000001ac704bae10 Thread added: 0x000001ac7eb12000
Event: 118.108 Thread 0x000001ac704bae10 Thread added: 0x000001ac7eb140d0
Event: 125.722 Thread 0x000001ac7e946ea0 Thread added: 0x000001ac7eb15b10
Event: 125.724 Thread 0x000001ac7e946ea0 Thread added: 0x000001ac7eb14df0
Event: 125.788 Thread 0x000001ac7eb14df0 Thread added: 0x000001ac7eb12690
Event: 125.789 Thread 0x000001ac7eb15b10 Thread added: 0x000001ac7eb161a0
Event: 125.790 Thread 0x000001ac7eb12690 Thread added: 0x000001ac7eb12d20
Event: 125.791 Thread 0x000001ac7eb161a0 Thread added: 0x000001ac7eb16830
Event: 125.792 Thread 0x000001ac7eb12d20 Thread added: 0x000001ac7eb133b0


Dynamic libraries:
0x00007ff7a0a80000 - 0x00007ff7a0a8e000 	c:\Users\jf406\.vscode\extensions\redhat.java-1.47.0-win32-x64\jre\21.0.8-win32-x86_64\bin\java.exe
0x00007ffa71700000 - 0x00007ffa71968000 	C:\Windows\SYSTEM32\ntdll.dll
0x00007ffa6f930000 - 0x00007ffa6f9f9000 	C:\Windows\System32\KERNEL32.DLL
0x00007ffa6ee30000 - 0x00007ffa6f222000 	C:\Windows\System32\KERNELBASE.dll
0x00007ffa6eaa0000 - 0x00007ffa6ebeb000 	C:\Windows\System32\ucrtbase.dll
0x00007ffa45c00000 - 0x00007ffa45c1e000 	c:\Users\jf406\.vscode\extensions\redhat.java-1.47.0-win32-x64\jre\21.0.8-win32-x86_64\bin\VCRUNTIME140.dll
0x00007ffa473f0000 - 0x00007ffa47408000 	c:\Users\jf406\.vscode\extensions\redhat.java-1.47.0-win32-x64\jre\21.0.8-win32-x86_64\bin\jli.dll
0x00007ffa6fa30000 - 0x00007ffa6fbf5000 	C:\Windows\System32\USER32.dll
0x00007ffa6e9d0000 - 0x00007ffa6e9f7000 	C:\Windows\System32\win32u.dll
0x00007ffa70400000 - 0x00007ffa7042b000 	C:\Windows\System32\GDI32.dll
0x00007ffa6f230000 - 0x00007ffa6f35d000 	C:\Windows\System32\gdi32full.dll
0x00007ffa6e920000 - 0x00007ffa6e9c3000 	C:\Windows\System32\msvcp_win.dll
0x00007ffa516b0000 - 0x00007ffa51943000 	C:\Windows\WinSxS\amd64_microsoft.windows.common-controls_6595b64144ccf1df_6.0.26100.6899_none_3e0efeeae32e88c1\COMCTL32.dll
0x00007ffa70350000 - 0x00007ffa703f9000 	C:\Windows\System32\msvcrt.dll
0x00007ffa70920000 - 0x00007ffa7094f000 	C:\Windows\System32\IMM32.DLL
0x00007ffa5b5b0000 - 0x00007ffa5b5bc000 	c:\Users\jf406\.vscode\extensions\redhat.java-1.47.0-win32-x64\jre\21.0.8-win32-x86_64\bin\vcruntime140_1.dll
0x00007ffa2a890000 - 0x00007ffa2a91d000 	c:\Users\jf406\.vscode\extensions\redhat.java-1.47.0-win32-x64\jre\21.0.8-win32-x86_64\bin\msvcp140.dll
0x00007ff9dcdc0000 - 0x00007ff9ddb57000 	c:\Users\jf406\.vscode\extensions\redhat.java-1.47.0-win32-x64\jre\21.0.8-win32-x86_64\bin\server\jvm.dll
0x00007ffa71600000 - 0x00007ffa716b4000 	C:\Windows\System32\ADVAPI32.dll
0x00007ffa70450000 - 0x00007ffa704f6000 	C:\Windows\System32\sechost.dll
0x00007ffa70800000 - 0x00007ffa70918000 	C:\Windows\System32\RPCRT4.dll
0x00007ffa70960000 - 0x00007ffa709d4000 	C:\Windows\System32\WS2_32.dll
0x00007ffa64710000 - 0x00007ffa64745000 	C:\Windows\SYSTEM32\WINMM.dll
0x00007ffa6e6f0000 - 0x00007ffa6e74e000 	C:\Windows\SYSTEM32\POWRPROF.dll
0x00007ffa51980000 - 0x00007ffa5198b000 	C:\Windows\SYSTEM32\VERSION.dll
0x00007ffa6e6d0000 - 0x00007ffa6e6e4000 	C:\Windows\SYSTEM32\UMPDC.dll
0x00007ffa6d660000 - 0x00007ffa6d67b000 	C:\Windows\SYSTEM32\kernel.appcore.dll
0x00007ffa56ec0000 - 0x00007ffa56eca000 	c:\Users\jf406\.vscode\extensions\redhat.java-1.47.0-win32-x64\jre\21.0.8-win32-x86_64\bin\jimage.dll
0x00007ffa6c130000 - 0x00007ffa6c372000 	C:\Windows\SYSTEM32\DBGHELP.DLL
0x00007ffa70c20000 - 0x00007ffa70f9b000 	C:\Windows\System32\combase.dll
0x00007ffa70690000 - 0x00007ffa70767000 	C:\Windows\System32\OLEAUT32.dll
0x00007ffa3cc20000 - 0x00007ffa3cc5c000 	C:\Windows\SYSTEM32\dbgcore.DLL
0x00007ffa6ea00000 - 0x00007ffa6ea98000 	C:\Windows\System32\bcryptPrimitives.dll
0x00007ffa552b0000 - 0x00007ffa552bf000 	c:\Users\jf406\.vscode\extensions\redhat.java-1.47.0-win32-x64\jre\21.0.8-win32-x86_64\bin\instrument.dll
0x00007ffa45a40000 - 0x00007ffa45a5f000 	c:\Users\jf406\.vscode\extensions\redhat.java-1.47.0-win32-x64\jre\21.0.8-win32-x86_64\bin\java.dll
0x00007ffa6fc00000 - 0x00007ffa7034d000 	C:\Windows\System32\SHELL32.dll
0x00007ffa6f360000 - 0x00007ffa6f4cb000 	C:\Windows\System32\wintypes.dll
0x00007ffa6c4c0000 - 0x00007ffa6cd1d000 	C:\Windows\SYSTEM32\windows.storage.dll
0x00007ffa70590000 - 0x00007ffa70682000 	C:\Windows\System32\SHCORE.dll
0x00007ffa70fa0000 - 0x00007ffa71002000 	C:\Windows\System32\shlwapi.dll
0x00007ffa6e7b0000 - 0x00007ffa6e7d9000 	C:\Windows\SYSTEM32\profapi.dll
0x00007ffa45720000 - 0x00007ffa45738000 	c:\Users\jf406\.vscode\extensions\redhat.java-1.47.0-win32-x64\jre\21.0.8-win32-x86_64\bin\zip.dll
0x00007ffa55300000 - 0x00007ffa55310000 	C:\Users\jf406\.vscode\extensions\redhat.java-1.47.0-win32-x64\jre\21.0.8-win32-x86_64\bin\net.dll
0x00007ffa5e370000 - 0x00007ffa5e48f000 	C:\Windows\SYSTEM32\WINHTTP.dll
0x00007ffa6dbd0000 - 0x00007ffa6dc3b000 	C:\Windows\system32\mswsock.dll
0x00007ffa45700000 - 0x00007ffa45716000 	C:\Users\jf406\.vscode\extensions\redhat.java-1.47.0-win32-x64\jre\21.0.8-win32-x86_64\bin\nio.dll
0x00007ffa50b30000 - 0x00007ffa50b40000 	c:\Users\jf406\.vscode\extensions\redhat.java-1.47.0-win32-x64\jre\21.0.8-win32-x86_64\bin\verify.dll
0x00007ffa3b3f0000 - 0x00007ffa3b434000 	C:\Users\jf406\AppData\Roaming\Code\User\globalStorage\redhat.java\1.47.0\config_win\org.eclipse.equinox.launcher\org.eclipse.equinox.launcher.win32.win32.x86_64_1.2.1400.v20250801-0854\eclipse_11916.dll
0x00007ffa6f590000 - 0x00007ffa6f728000 	C:\Windows\System32\ole32.dll
0x00007ffa6de90000 - 0x00007ffa6deab000 	C:\Windows\SYSTEM32\CRYPTSP.dll
0x00007ffa6d5c0000 - 0x00007ffa6d5fb000 	C:\Windows\system32\rsaenh.dll
0x00007ffa6dc70000 - 0x00007ffa6dc9b000 	C:\Windows\SYSTEM32\USERENV.dll
0x00007ffa6e780000 - 0x00007ffa6e7a6000 	C:\Windows\SYSTEM32\bcrypt.dll
0x00007ffa6de80000 - 0x00007ffa6de8c000 	C:\Windows\SYSTEM32\CRYPTBASE.dll
0x00007ffa6d110000 - 0x00007ffa6d144000 	C:\Windows\SYSTEM32\IPHLPAPI.DLL
0x00007ffa6f920000 - 0x00007ffa6f92a000 	C:\Windows\System32\NSI.dll
0x00007ffa3ae20000 - 0x00007ffa3ae69000 	C:\Users\jf406\AppData\Local\Temp\jna-100983422\jna14264093863571142900.dll
0x00007ffa70bc0000 - 0x00007ffa70bc8000 	C:\Windows\System32\PSAPI.DLL
0x00007ffa660d0000 - 0x00007ffa660ee000 	C:\Windows\SYSTEM32\dhcpcsvc6.DLL
0x00007ffa66020000 - 0x00007ffa66043000 	C:\Windows\SYSTEM32\dhcpcsvc.DLL

JVMTI agents:
c:\Users\jf406\.vscode\extensions\redhat.java-1.47.0-win32-x64\lombok\lombok-1.18.39-4050.jar path:c:\Users\jf406\.vscode\extensions\redhat.java-1.47.0-win32-x64\jre\21.0.8-win32-x86_64\bin\instrument.dll, loaded, initialized, instrumentlib options:none

dbghelp: loaded successfully - version: 4.0.5 - missing functions: none
symbol engine: initialized successfully - sym options: 0x614 - pdb path: .;c:\Users\jf406\.vscode\extensions\redhat.java-1.47.0-win32-x64\jre\21.0.8-win32-x86_64\bin;C:\Windows\SYSTEM32;C:\Windows\WinSxS\amd64_microsoft.windows.common-controls_6595b64144ccf1df_6.0.26100.6899_none_3e0efeeae32e88c1;c:\Users\jf406\.vscode\extensions\redhat.java-1.47.0-win32-x64\jre\21.0.8-win32-x86_64\bin\server;C:\Users\jf406\AppData\Roaming\Code\User\globalStorage\redhat.java\1.47.0\config_win\org.eclipse.equinox.launcher\org.eclipse.equinox.launcher.win32.win32.x86_64_1.2.1400.v20250801-0854;C:\Users\jf406\AppData\Local\Temp\jna-100983422

VM Arguments:
jvm_args: --add-modules=ALL-SYSTEM --add-opens=java.base/java.util=ALL-UNNAMED --add-opens=java.base/java.lang=ALL-UNNAMED --add-opens=java.base/sun.nio.fs=ALL-UNNAMED -Declipse.application=org.eclipse.jdt.ls.core.id1 -Dosgi.bundles.defaultStartLevel=4 -Declipse.product=org.eclipse.jdt.ls.core.product -Djava.import.generatesMetadataFilesAtProjectRoot=false -DDetectVMInstallationsJob.disabled=true -Dfile.encoding=utf8 -XX:+UseParallelGC -XX:GCTimeRatio=4 -XX:AdaptiveSizePolicyWeight=90 -Dsun.zip.disableMemoryMapping=true -Xmx2G -Xms100m -Xlog:disable -javaagent:c:\Users\jf406\.vscode\extensions\redhat.java-1.47.0-win32-x64\lombok\lombok-1.18.39-4050.jar -XX:+HeapDumpOnOutOfMemoryError -XX:HeapDumpPath=c:\Users\jf406\AppData\Roaming\Code\User\workspaceStorage\920bcd2a5c4fc57746403fc289813d22\redhat.java -Daether.dependencyCollector.impl=bf 
java_command: c:\Users\jf406\.vscode\extensions\redhat.java-1.47.0-win32-x64\server\plugins\org.eclipse.equinox.launcher_1.7.100.v20251014-1222.jar -configuration c:\Users\jf406\AppData\Roaming\Code\User\globalStorage\redhat.java\1.47.0\config_win -data c:\Users\jf406\AppData\Roaming\Code\User\workspaceStorage\920bcd2a5c4fc57746403fc289813d22\redhat.java\jdt_ws --pipe=\\.\pipe\lsp-ef8163dac2d9c9ea0b6bb84c6a915eda-sock
java_class_path (initial): c:\Users\jf406\.vscode\extensions\redhat.java-1.47.0-win32-x64\server\plugins\org.eclipse.equinox.launcher_1.7.100.v20251014-1222.jar
Launcher Type: SUN_STANDARD

[Global flags]
    uintx AdaptiveSizePolicyWeight                 = 90                                        {product} {command line}
     intx CICompilerCount                          = 4                                         {product} {ergonomic}
    uintx GCTimeRatio                              = 4                                         {product} {command line}
     bool HeapDumpOnOutOfMemoryError               = true                                   {manageable} {command line}
    ccstr HeapDumpPath                             = c:\Users\jf406\AppData\Roaming\Code\User\workspaceStorage\920bcd2a5c4fc57746403fc289813d22\redhat.java         {manageable} {command line}
   size_t InitialHeapSize                          = 104857600                                 {product} {command line}
   size_t MaxHeapSize                              = 2147483648                                {product} {command line}
   size_t MaxNewSize                               = 715653120                                 {product} {ergonomic}
   size_t MinHeapDeltaBytes                        = 524288                                    {product} {ergonomic}
   size_t MinHeapSize                              = 104857600                                 {product} {command line}
   size_t NewSize                                  = 34603008                                  {product} {ergonomic}
    uintx NonNMethodCodeHeapSize                   = 5839372                                {pd product} {ergonomic}
    uintx NonProfiledCodeHeapSize                  = 122909434                              {pd product} {ergonomic}
   size_t OldSize                                  = 70254592                                  {product} {ergonomic}
    uintx ProfiledCodeHeapSize                     = 122909434                              {pd product} {ergonomic}
    uintx ReservedCodeCacheSize                    = 251658240                              {pd product} {ergonomic}
     bool SegmentedCodeCache                       = true                                      {product} {ergonomic}
   size_t SoftMaxHeapSize                          = 2147483648                             {manageable} {ergonomic}
     bool UseCompressedOops                        = true                           {product lp64_product} {ergonomic}
     bool UseLargePagesIndividualAllocation        = false                                  {pd product} {ergonomic}
     bool UseParallelGC                            = true                                      {product} {command line}

Logging:
Log output configuration:
 #0: stdout all=off uptime,level,tags foldmultilines=false
 #1: stderr all=off uptime,level,tags foldmultilines=false

Environment Variables:
PATH=C:\Program Files\Common Files\Oracle\Java\javapath;C:\Program Files (x86)\Common Files\Oracle\Java\java8path;C:\Program Files (x86)\Common Files\Oracle\Java\javapath;C:\Windows\system32;C:\Windows;C:\Windows\System32\Wbem;C:\Windows\System32\WindowsPowerShell\v1.0\;C:\Windows\System32\OpenSSH\;C:\ProgramData\chocolatey\bin;C:\Program Files\nodejs\;C:\Program Files\Git\cmd;C:\Users\jf406\AppData\Local\Programs\Python\Python313\Scripts\;C:\Users\jf406\AppData\Local\Programs\Python\Python313\;C:\Users\jf406\AppData\Local\Programs\Python\Launcher\;C:\Users\jf406\AppData\Local\Microsoft\WindowsApps;C:\Users\jf406\AppData\Local\Programs\Microsoft VS Code\bin;C:\Users\jf406\AppData\Roaming\npm;C:\Program Files\maven-mvnd-1.0.2-windows-amd64\bin;C:\flutter\bin;
USERNAME=jf406
OS=Windows_NT
PROCESSOR_IDENTIFIER=Intel64 Family 6 Model 190 Stepping 0, GenuineIntel
TMP=C:\Users\jf406\AppData\Local\Temp
TEMP=C:\Users\jf406\AppData\Local\Temp




Periodic native trim disabled

---------------  S Y S T E M  ---------------

OS:
 Windows 11 , 64 bit Build 26100 (10.0.26100.6725)
OS uptime: 5 days 11:56 hours
Hyper-V role detected

CPU: total 8 (initial active 8) (8 cores per cpu, 1 threads per core) family 6 model 190 stepping 0 microcode 0x15, cx8, cmov, fxsr, mmx, 3dnowpref, sse, sse2, sse3, ssse3, sse4.1, sse4.2, popcnt, lzcnt, tsc, tscinvbit, avx, avx2, aes, erms, clmul, bmi1, bmi2, adx, sha, fma, vzeroupper, clflush, clflushopt, clwb, hv, serialize, rdtscp, rdpid, fsrm, f16c, cet_ibt, cet_ss
Processor Information for processor 0
  Max Mhz: 1800, Current Mhz: 1800, Mhz Limit: 1800
Processor Information for processor 1
  Max Mhz: 1800, Current Mhz: 1500, Mhz Limit: 1800
Processor Information for processor 2
  Max Mhz: 1800, Current Mhz: 1800, Mhz Limit: 1800
Processor Information for processor 3
  Max Mhz: 1800, Current Mhz: 1800, Mhz Limit: 1800
Processor Information for processor 4
  Max Mhz: 1800, Current Mhz: 1800, Mhz Limit: 1800
Processor Information for processor 5
  Max Mhz: 1800, Current Mhz: 1800, Mhz Limit: 1800
Processor Information for processor 6
  Max Mhz: 1800, Current Mhz: 1500, Mhz Limit: 1800
Processor Information for processor 7
  Max Mhz: 1800, Current Mhz: 1800, Mhz Limit: 1800

Memory: 4k page, system-wide physical 3719M (250M free)
TotalPageFile size 14983M (AvailPageFile size 0M)
current process WorkingSet (physical memory assigned to process): 73M, peak: 139M
current process commit charge ("private bytes"): 335M, peak: 342M

vm_info: OpenJDK 64-Bit Server VM (21.0.8+9-LTS) for windows-amd64 JRE (21.0.8+9-LTS), built on 2025-07-15T00:00:00Z by "admin" with MS VC++ 17.7 (VS2022)

END.
