#
# There is insufficient memory for the Java Runtime Environment to continue.
# Native memory allocation (malloc) failed to allocate 1780016 bytes. Error detail: Chunk::new
# Possible reasons:
#   The system is out of physical RAM or swap space
#   This process is running with CompressedOops enabled, and the Java Heap may be blocking the growth of the native heap
# Possible solutions:
#   Reduce memory load on the system
#   Increase physical memory or swap space
#   Check if swap backing store is full
#   Decrease Java heap size (-Xmx/-Xms)
#   Decrease number of Java threads
#   Decrease Java thread stack sizes (-Xss)
#   Set larger code cache with -XX:ReservedCodeCacheSize=
#   JVM is running with Unscaled Compressed Oops mode in which the Java heap is
#     placed in the first 4GB address space. The Java Heap base address is the
#     maximum limit for the native heap growth. Please use -XX:HeapBaseMinAddress
#     to set the Java Heap base and to place the Java Heap above 4GB virtual address.
# This output file may be truncated or incomplete.
#
#  Out of Memory Error (arena.cpp:168), pid=24656, tid=6004
#
# JRE version: OpenJDK Runtime Environment Temurin-21.0.8+9 (21.0.8+9) (build 21.0.8+9-LTS)
# Java VM: OpenJDK 64-Bit Server VM Temurin-21.0.8+9 (21.0.8+9-LTS, mixed mode, sharing, tiered, compressed oops, compressed class ptrs, parallel gc, windows-amd64)
# No core dump will be written. Minidumps are not enabled by default on client versions of Windows
#

---------------  S U M M A R Y ------------

Command Line: --add-modules=ALL-SYSTEM --add-opens=java.base/java.util=ALL-UNNAMED --add-opens=java.base/java.lang=ALL-UNNAMED --add-opens=java.base/sun.nio.fs=ALL-UNNAMED -Declipse.application=org.eclipse.jdt.ls.core.id1 -Dosgi.bundles.defaultStartLevel=4 -Declipse.product=org.eclipse.jdt.ls.core.product -Djava.import.generatesMetadataFilesAtProjectRoot=false -DDetectVMInstallationsJob.disabled=true -Dfile.encoding=utf8 -XX:+UseParallelGC -XX:GCTimeRatio=4 -XX:AdaptiveSizePolicyWeight=90 -Dsun.zip.disableMemoryMapping=true -Xmx2G -Xms100m -Xlog:disable -javaagent:c:\Users\jf406\.vscode\extensions\redhat.java-1.47.0-win32-x64\lombok\lombok-1.18.39-4050.jar -XX:+HeapDumpOnOutOfMemoryError -XX:HeapDumpPath=c:\Users\jf406\AppData\Roaming\Code\User\workspaceStorage\920bcd2a5c4fc57746403fc289813d22\redhat.java -Daether.dependencyCollector.impl=bf c:\Users\jf406\.vscode\extensions\redhat.java-1.47.0-win32-x64\server\plugins\org.eclipse.equinox.launcher_1.7.100.v20251014-1222.jar -configuration c:\Users\jf406\AppData\Roaming\Code\User\globalStorage\redhat.java\1.47.0\config_win -data c:\Users\jf406\AppData\Roaming\Code\User\workspaceStorage\920bcd2a5c4fc57746403fc289813d22\redhat.java\jdt_ws --pipe=\\.\pipe\lsp-47b3fcd390ee9c82690105bf57f40e7b-sock

Host: Intel(R) Core(TM) i3-N305, 8 cores, 3G,  Windows 11 , 64 bit Build 26100 (10.0.26100.6725)
Time: Thu Nov  6 05:59:32 2025 Hora oficial do Brasil elapsed time: 21.963473 seconds (0d 0h 0m 21s)

---------------  T H R E A D  ---------------

Current thread (0x000001a628561ff0):  JavaThread "C2 CompilerThread0" daemon [_thread_in_native, id=6004, stack(0x0000001f60f00000,0x0000001f61000000) (1024K)]


Current CompileTask:
C2:21963 6190   !   4       org.eclipse.osgi.internal.loader.classpath.ClasspathManager::defineClass (636 bytes)

Stack: [0x0000001f60f00000,0x0000001f61000000]
Native frames: (J=compiled Java code, j=interpreted, Vv=VM code, C=native code)
V  [jvm.dll+0x6d2449]
V  [jvm.dll+0x8ae341]
V  [jvm.dll+0x8b08be]
V  [jvm.dll+0x8b0fa3]
V  [jvm.dll+0x280c96]
V  [jvm.dll+0xc581d]
V  [jvm.dll+0xc5d53]
V  [jvm.dll+0x3b9162]
V  [jvm.dll+0x385315]
V  [jvm.dll+0x38477a]
V  [jvm.dll+0x248ed0]
V  [jvm.dll+0x2484af]
V  [jvm.dll+0x1c89ee]
V  [jvm.dll+0x257d4d]
V  [jvm.dll+0x2562ea]
V  [jvm.dll+0x3f2d16]
V  [jvm.dll+0x857e6b]
V  [jvm.dll+0x6d0b0d]
C  [ucrtbase.dll+0x37b0]
C  [KERNEL32.DLL+0x2e8d7]
C  [ntdll.dll+0x8c53c]


---------------  P R O C E S S  ---------------

Threads class SMR info:
_java_thread_list=0x000001a687d7e810, length=37, elements={
0x000001a626199000, 0x000001a62853f2d0, 0x000001a628540070, 0x000001a628547240,
0x000001a628546520, 0x000001a628547f60, 0x000001a628546bb0, 0x000001a628561ff0,
0x000001a628562740, 0x000001a6285478d0, 0x000001a6285485f0, 0x000001a628548c80,
0x000001a628545800, 0x000001a686353250, 0x000001a686352bc0, 0x000001a686351810,
0x000001a68634fdd0, 0x000001a686351ea0, 0x000001a686350460, 0x000001a6863538e0,
0x000001a686353f70, 0x000001a686350af0, 0x000001a686354600, 0x000001a686351180,
0x000001a686355320, 0x000001a686356040, 0x000001a6863573f0, 0x000001a6863559b0,
0x000001a686354c90, 0x000001a6863566d0, 0x000001a686356d60, 0x000001a68722d9d0,
0x000001a68722b900, 0x000001a68722abe0, 0x000001a68722e060, 0x000001a68722b270,
0x000001a68722ed80
}

Java Threads: ( => current thread )
  0x000001a626199000 JavaThread "main"                              [_thread_blocked, id=20744, stack(0x0000001f60500000,0x0000001f60600000) (1024K)]
  0x000001a62853f2d0 JavaThread "Reference Handler"          daemon [_thread_blocked, id=18096, stack(0x0000001f60900000,0x0000001f60a00000) (1024K)]
  0x000001a628540070 JavaThread "Finalizer"                  daemon [_thread_blocked, id=19792, stack(0x0000001f60a00000,0x0000001f60b00000) (1024K)]
  0x000001a628547240 JavaThread "Signal Dispatcher"          daemon [_thread_blocked, id=22796, stack(0x0000001f60b00000,0x0000001f60c00000) (1024K)]
  0x000001a628546520 JavaThread "Attach Listener"            daemon [_thread_blocked, id=18512, stack(0x0000001f60c00000,0x0000001f60d00000) (1024K)]
  0x000001a628547f60 JavaThread "Service Thread"             daemon [_thread_blocked, id=18612, stack(0x0000001f60d00000,0x0000001f60e00000) (1024K)]
  0x000001a628546bb0 JavaThread "Monitor Deflation Thread"   daemon [_thread_blocked, id=12964, stack(0x0000001f60e00000,0x0000001f60f00000) (1024K)]
=>0x000001a628561ff0 JavaThread "C2 CompilerThread0"         daemon [_thread_in_native, id=6004, stack(0x0000001f60f00000,0x0000001f61000000) (1024K)]
  0x000001a628562740 JavaThread "C1 CompilerThread0"         daemon [_thread_blocked, id=24764, stack(0x0000001f61000000,0x0000001f61100000) (1024K)]
  0x000001a6285478d0 JavaThread "Common-Cleaner"             daemon [_thread_blocked, id=17932, stack(0x0000001f61100000,0x0000001f61200000) (1024K)]
  0x000001a6285485f0 JavaThread "Notification Thread"        daemon [_thread_blocked, id=17160, stack(0x0000001f61200000,0x0000001f61300000) (1024K)]
  0x000001a628548c80 JavaThread "Active Thread: Equinox Container: c2adb86c-2ce1-4bee-8d9f-f740bc14d191"        [_thread_blocked, id=18796, stack(0x0000001f61900000,0x0000001f61a00000) (1024K)]
  0x000001a628545800 JavaThread "Refresh Thread: Equinox Container: c2adb86c-2ce1-4bee-8d9f-f740bc14d191" daemon [_thread_blocked, id=13068, stack(0x0000001f61a00000,0x0000001f61b00000) (1024K)]
  0x000001a686353250 JavaThread "Framework Event Dispatcher: Equinox Container: c2adb86c-2ce1-4bee-8d9f-f740bc14d191" daemon [_thread_blocked, id=24748, stack(0x0000001f61c00000,0x0000001f61d00000) (1024K)]
  0x000001a686352bc0 JavaThread "Start Level: Equinox Container: c2adb86c-2ce1-4bee-8d9f-f740bc14d191" daemon [_thread_blocked, id=25108, stack(0x0000001f61d00000,0x0000001f61e00000) (1024K)]
  0x000001a686351810 JavaThread "Bundle File Closer"         daemon [_thread_blocked, id=2528, stack(0x0000001f61e00000,0x0000001f61f00000) (1024K)]
  0x000001a68634fdd0 JavaThread "SCR Component Actor"        daemon [_thread_blocked, id=7072, stack(0x0000001f61f00000,0x0000001f62000000) (1024K)]
  0x000001a686351ea0 JavaThread "Worker-JM"                         [_thread_blocked, id=9980, stack(0x0000001f62000000,0x0000001f62100000) (1024K)]
  0x000001a686350460 JavaThread "JNA Cleaner"                daemon [_thread_blocked, id=10736, stack(0x0000001f62100000,0x0000001f62200000) (1024K)]
  0x000001a6863538e0 JavaThread "Worker-0"                          [_thread_blocked, id=16940, stack(0x0000001f62200000,0x0000001f62300000) (1024K)]
  0x000001a686353f70 JavaThread "Worker-1"                          [_thread_blocked, id=4916, stack(0x0000001f62300000,0x0000001f62400000) (1024K)]
  0x000001a686350af0 JavaThread "Worker-2: Initialize workspace"        [_thread_blocked, id=20268, stack(0x0000001f62400000,0x0000001f62500000) (1024K)]
  0x000001a686354600 JavaThread "Java indexing"              daemon [_thread_in_native, id=1736, stack(0x0000001f62500000,0x0000001f62600000) (1024K)]
  0x000001a686351180 JavaThread "Worker-3: Java indexing... "        [_thread_blocked, id=21996, stack(0x0000001f62800000,0x0000001f62900000) (1024K)]
  0x000001a686355320 JavaThread "Worker-4"                          [_thread_blocked, id=10560, stack(0x0000001f62900000,0x0000001f62a00000) (1024K)]
  0x000001a686356040 JavaThread "Thread-1"                   daemon [_thread_in_native, id=4156, stack(0x0000001f62a00000,0x0000001f62b00000) (1024K)]
  0x000001a6863573f0 JavaThread "Thread-2"                   daemon [_thread_in_native, id=9748, stack(0x0000001f62b00000,0x0000001f62c00000) (1024K)]
  0x000001a6863559b0 JavaThread "Thread-3"                   daemon [_thread_in_native, id=22648, stack(0x0000001f62c00000,0x0000001f62d00000) (1024K)]
  0x000001a686354c90 JavaThread "Thread-4"                   daemon [_thread_in_native, id=20404, stack(0x0000001f62d00000,0x0000001f62e00000) (1024K)]
  0x000001a6863566d0 JavaThread "Thread-5"                   daemon [_thread_in_native, id=22656, stack(0x0000001f62e00000,0x0000001f62f00000) (1024K)]
  0x000001a686356d60 JavaThread "Thread-6"                   daemon [_thread_in_native, id=6784, stack(0x0000001f62f00000,0x0000001f63000000) (1024K)]
  0x000001a68722d9d0 JavaThread "Thread-7"                   daemon [_thread_in_native, id=14340, stack(0x0000001f63000000,0x0000001f63100000) (1024K)]
  0x000001a68722b900 JavaThread "Thread-8"                   daemon [_thread_in_native, id=18808, stack(0x0000001f63100000,0x0000001f63200000) (1024K)]
  0x000001a68722abe0 JavaThread "Thread-9"                   daemon [_thread_in_native, id=14388, stack(0x0000001f63200000,0x0000001f63300000) (1024K)]
  0x000001a68722e060 JavaThread "pool-2-thread-1"                   [_thread_blocked, id=21624, stack(0x0000001f63300000,0x0000001f63400000) (1024K)]
  0x000001a68722b270 JavaThread "WorkspaceEventsHandler"            [_thread_blocked, id=7696, stack(0x0000001f63400000,0x0000001f63500000) (1024K)]
  0x000001a68722ed80 JavaThread "pool-1-thread-1"                   [_thread_blocked, id=6732, stack(0x0000001f63500000,0x0000001f63600000) (1024K)]
Total: 37

Other Threads:
  0x000001a6285225f0 VMThread "VM Thread"                           [id=17556, stack(0x0000001f60800000,0x0000001f60900000) (1024K)]
  0x000001a62845ca00 WatcherThread "VM Periodic Task Thread"        [id=24724, stack(0x0000001f60700000,0x0000001f60800000) (1024K)]
  0x000001a6285ebbf0 WorkerThread "GC Thread#0"                     [id=24304, stack(0x0000001f60600000,0x0000001f60700000) (1024K)]
  0x000001a686312c90 WorkerThread "GC Thread#1"                     [id=23688, stack(0x0000001f61300000,0x0000001f61400000) (1024K)]
  0x000001a686446740 WorkerThread "GC Thread#2"                     [id=24280, stack(0x0000001f61400000,0x0000001f61500000) (1024K)]
  0x000001a686446ae0 WorkerThread "GC Thread#3"                     [id=20584, stack(0x0000001f61500000,0x0000001f61600000) (1024K)]
  0x000001a686047770 WorkerThread "GC Thread#4"                     [id=8628, stack(0x0000001f61600000,0x0000001f61700000) (1024K)]
  0x000001a686047f10 WorkerThread "GC Thread#5"                     [id=25304, stack(0x0000001f61700000,0x0000001f61800000) (1024K)]
  0x000001a6860484c0 WorkerThread "GC Thread#6"                     [id=23020, stack(0x0000001f61800000,0x0000001f61900000) (1024K)]
  0x000001a6864c8420 WorkerThread "GC Thread#7"                     [id=18736, stack(0x0000001f61b00000,0x0000001f61c00000) (1024K)]
Total: 10

Threads with active compile tasks:
C2 CompilerThread0  22045 6190   !   4       org.eclipse.osgi.internal.loader.classpath.ClasspathManager::defineClass (636 bytes)
Total: 1

VM state: not at safepoint (normal execution)

VM Mutex/Monitor currently owned by a thread: None

Heap address: 0x0000000080000000, size: 2048 MB, Compressed Oops mode: 32-bit

CDS archive(s) mapped at: [0x000001a63f000000-0x000001a63fba0000-0x000001a63fba0000), size 12189696, SharedBaseAddress: 0x000001a63f000000, ArchiveRelocationMode: 1.
Compressed class space mapped at: 0x000001a640000000-0x000001a680000000, reserved size: 1073741824
Narrow klass base: 0x000001a63f000000, Narrow klass shift: 0, Narrow klass range: 0x100000000

GC Precious Log:
 CardTable entry size: 512
 CPUs: 8 total, 8 available
 Memory: 3719M
 Large Page Support: Disabled
 NUMA Support: Disabled
 Compressed Oops: Enabled (32-bit)
 Alignments: Space 512K, Generation 512K, Heap 2M
 Heap Min Capacity: 100M
 Heap Initial Capacity: 100M
 Heap Max Capacity: 2G
 Pre-touch: Disabled
 Parallel Workers: 8

Heap:
 PSYoungGen      total 20992K, used 9255K [0x00000000d5580000, 0x00000000d6c00000, 0x0000000100000000)
  eden space 18944K, 38% used [0x00000000d5580000,0x00000000d5cb3cc0,0x00000000d6800000)
  from space 2048K, 91% used [0x00000000d6800000,0x00000000d69d6210,0x00000000d6a00000)
  to   space 2048K, 0% used [0x00000000d6a00000,0x00000000d6a00000,0x00000000d6c00000)
 ParOldGen       total 68608K, used 38807K [0x0000000080000000, 0x0000000084300000, 0x00000000d5580000)
  object space 68608K, 56% used [0x0000000080000000,0x00000000825e5f28,0x0000000084300000)
 Metaspace       used 52371K, committed 53760K, reserved 1114112K
  class space    used 5704K, committed 6272K, reserved 1048576K

Card table byte_map: [0x000001a627f70000,0x000001a628380000] _byte_map_base: 0x000001a627b70000

Marking Bits: (ParMarkBitMap*) 0x00007ff9dda7a340
 Begin Bits: [0x000001a63aa70000, 0x000001a63ca70000)
 End Bits:   [0x000001a63ca70000, 0x000001a63ea70000)

Polling page: 0x000001a627cf0000

Metaspace:

Usage:
  Non-class:     45.57 MB used.
      Class:      5.57 MB used.
       Both:     51.14 MB used.

Virtual space:
  Non-class space:       64.00 MB reserved,      46.38 MB ( 72%) committed,  1 nodes.
      Class space:        1.00 GB reserved,       6.12 MB ( <1%) committed,  1 nodes.
             Both:        1.06 GB reserved,      52.50 MB (  5%) committed. 

Chunk freelists:
   Non-Class:  976.00 KB
       Class:  9.88 MB
        Both:  10.83 MB

MaxMetaspaceSize: unlimited
CompressedClassSpaceSize: 1.00 GB
Initial GC threshold: 21.00 MB
Current GC threshold: 58.38 MB
CDS: on
 - commit_granule_bytes: 65536.
 - commit_granule_words: 8192.
 - virtual_space_node_default_size: 8388608.
 - enlarge_chunks_in_place: 1.
 - use_allocation_guard: 0.


Internal statistics:

num_allocs_failed_limit: 6.
num_arena_births: 1028.
num_arena_deaths: 14.
num_vsnodes_births: 2.
num_vsnodes_deaths: 0.
num_space_committed: 840.
num_space_uncommitted: 0.
num_chunks_returned_to_freelist: 20.
num_chunks_taken_from_freelist: 3529.
num_chunk_merges: 7.
num_chunk_splits: 2115.
num_chunks_enlarged: 1105.
num_inconsistent_stats: 0.

CodeHeap 'non-profiled nmethods': size=120000Kb used=2690Kb max_used=2690Kb free=117309Kb
 bounds [0x000001a633290000, 0x000001a633540000, 0x000001a63a7c0000]
CodeHeap 'profiled nmethods': size=120000Kb used=13890Kb max_used=13890Kb free=106109Kb
 bounds [0x000001a62b7c0000, 0x000001a62c560000, 0x000001a632cf0000]
CodeHeap 'non-nmethods': size=5760Kb used=1396Kb max_used=1425Kb free=4363Kb
 bounds [0x000001a632cf0000, 0x000001a632f60000, 0x000001a633290000]
CodeCache: size=245760Kb, used=17976Kb, max_used=18005Kb, free=227781Kb
 total_blobs=7501, nmethods=6799, adapters=608, full_count=0
Compilation: enabled, stopped_count=0, restarted_count=0

Compilation events (20 events):
Event: 20.900 Thread 0x000001a628562740 nmethod 7393 0x000001a63352fb10 code [0x000001a63352fca0, 0x000001a63352fd68]
Event: 20.901 Thread 0x000001a628562740 7394       1       org.eclipse.jdt.internal.core.OpenableElementInfo::setModule (6 bytes)
Event: 20.902 Thread 0x000001a628562740 nmethod 7394 0x000001a63352fe10 code [0x000001a63352ffa0, 0x000001a633530080]
Event: 20.926 Thread 0x000001a628562740 7399       2       java.util.List::of (4 bytes)
Event: 20.927 Thread 0x000001a628562740 nmethod 7399 0x000001a62c53a190 code [0x000001a62c53a320, 0x000001a62c53a410]
Event: 20.934 Thread 0x000001a628562740 7400       3       org.eclipse.jdt.internal.compiler.classfmt.ClassFileStruct::utf8At (171 bytes)
Event: 20.935 Thread 0x000001a628562740 nmethod 7400 0x000001a62c53a490 code [0x000001a62c53a660, 0x000001a62c53abb8]
Event: 20.935 Thread 0x000001a628562740 7401       3       org.eclipse.jdt.core.compiler.CharOperation::replace (35 bytes)
Event: 20.935 Thread 0x000001a628562740 nmethod 7401 0x000001a62c53ae10 code [0x000001a62c53afc0, 0x000001a62c53b1d8]
Event: 20.935 Thread 0x000001a628562740 7402       2       jdk.internal.jrtfs.JrtPath::match (50 bytes)
Event: 20.936 Thread 0x000001a628562740 nmethod 7402 0x000001a62c53b310 code [0x000001a62c53b4c0, 0x000001a62c53b670]
Event: 20.938 Thread 0x000001a628562740 7403       2       sun.nio.fs.WindowsPath::equals (28 bytes)
Event: 20.939 Thread 0x000001a628562740 nmethod 7403 0x000001a62c53b710 code [0x000001a62c53b8c0, 0x000001a62c53baa8]
Event: 20.939 Thread 0x000001a628562740 7404       2       org.eclipse.jdt.internal.compiler.classfmt.ModuleInfo$ModuleReferenceInfo::<init> (15 bytes)
Event: 20.939 Thread 0x000001a628562740 nmethod 7404 0x000001a62c53bb90 code [0x000001a62c53bd20, 0x000001a62c53be48]
Event: 20.939 Thread 0x000001a628562740 7405       1       org.eclipse.jdt.internal.compiler.util.ObjectVector::size (5 bytes)
Event: 20.940 Thread 0x000001a628562740 nmethod 7405 0x000001a633530110 code [0x000001a6335302a0, 0x000001a633530368]
Event: 20.940 Thread 0x000001a628562740 7407       3       org.eclipse.jdt.core.compiler.CharOperation::equals (6 bytes)
Event: 20.940 Thread 0x000001a628562740 nmethod 7407 0x000001a62c53bf10 code [0x000001a62c53c0c0, 0x000001a62c53c1d8]
Event: 20.940 Thread 0x000001a628562740 7406       2       org.eclipse.jdt.internal.compiler.classfmt.ModuleInfo::readModuleAttribute (1166 bytes)

GC Heap History (20 events):
Event: 18.915 GC heap before
{Heap before GC invocations=20 (full 2):
 PSYoungGen      total 22528K, used 22366K [0x00000000d5580000, 0x00000000d6e80000, 0x0000000100000000)
  eden space 20480K, 99% used [0x00000000d5580000,0x00000000d697f930,0x00000000d6980000)
  from space 2048K, 92% used [0x00000000d6980000,0x00000000d6b58020,0x00000000d6b80000)
  to   space 2560K, 0% used [0x00000000d6c00000,0x00000000d6c00000,0x00000000d6e80000)
 ParOldGen       total 68608K, used 22858K [0x0000000080000000, 0x0000000084300000, 0x00000000d5580000)
  object space 68608K, 33% used [0x0000000080000000,0x0000000081652860,0x0000000084300000)
 Metaspace       used 46609K, committed 47936K, reserved 1114112K
  class space    used 5103K, committed 5696K, reserved 1048576K
}
Event: 18.921 GC heap after
{Heap after GC invocations=20 (full 2):
 PSYoungGen      total 22016K, used 1376K [0x00000000d5580000, 0x00000000d6d80000, 0x0000000100000000)
  eden space 20480K, 0% used [0x00000000d5580000,0x00000000d5580000,0x00000000d6980000)
  from space 1536K, 89% used [0x00000000d6c00000,0x00000000d6d58000,0x00000000d6d80000)
  to   space 2048K, 0% used [0x00000000d6980000,0x00000000d6980000,0x00000000d6b80000)
 ParOldGen       total 68608K, used 24512K [0x0000000080000000, 0x0000000084300000, 0x00000000d5580000)
  object space 68608K, 35% used [0x0000000080000000,0x00000000817f0008,0x0000000084300000)
 Metaspace       used 46609K, committed 47936K, reserved 1114112K
  class space    used 5103K, committed 5696K, reserved 1048576K
}
Event: 19.329 GC heap before
{Heap before GC invocations=21 (full 2):
 PSYoungGen      total 22016K, used 21816K [0x00000000d5580000, 0x00000000d6d80000, 0x0000000100000000)
  eden space 20480K, 99% used [0x00000000d5580000,0x00000000d69760f8,0x00000000d6980000)
  from space 1536K, 89% used [0x00000000d6c00000,0x00000000d6d58000,0x00000000d6d80000)
  to   space 2048K, 0% used [0x00000000d6980000,0x00000000d6980000,0x00000000d6b80000)
 ParOldGen       total 68608K, used 24512K [0x0000000080000000, 0x0000000084300000, 0x00000000d5580000)
  object space 68608K, 35% used [0x0000000080000000,0x00000000817f0008,0x0000000084300000)
 Metaspace       used 48167K, committed 49408K, reserved 1114112K
  class space    used 5263K, committed 5824K, reserved 1048576K
}
Event: 19.333 GC heap after
{Heap after GC invocations=21 (full 2):
 PSYoungGen      total 22016K, used 1375K [0x00000000d5580000, 0x00000000d6c80000, 0x0000000100000000)
  eden space 20480K, 0% used [0x00000000d5580000,0x00000000d5580000,0x00000000d6980000)
  from space 1536K, 89% used [0x00000000d6980000,0x00000000d6ad7e88,0x00000000d6b00000)
  to   space 1536K, 0% used [0x00000000d6b00000,0x00000000d6b00000,0x00000000d6c80000)
 ParOldGen       total 68608K, used 25746K [0x0000000080000000, 0x0000000084300000, 0x00000000d5580000)
  object space 68608K, 37% used [0x0000000080000000,0x00000000819248e0,0x0000000084300000)
 Metaspace       used 48167K, committed 49408K, reserved 1114112K
  class space    used 5263K, committed 5824K, reserved 1048576K
}
Event: 19.812 GC heap before
{Heap before GC invocations=22 (full 2):
 PSYoungGen      total 22016K, used 21855K [0x00000000d5580000, 0x00000000d6c80000, 0x0000000100000000)
  eden space 20480K, 100% used [0x00000000d5580000,0x00000000d6980000,0x00000000d6980000)
  from space 1536K, 89% used [0x00000000d6980000,0x00000000d6ad7e88,0x00000000d6b00000)
  to   space 1536K, 0% used [0x00000000d6b00000,0x00000000d6b00000,0x00000000d6c80000)
 ParOldGen       total 68608K, used 25746K [0x0000000080000000, 0x0000000084300000, 0x00000000d5580000)
  object space 68608K, 37% used [0x0000000080000000,0x00000000819248e0,0x0000000084300000)
 Metaspace       used 50175K, committed 51584K, reserved 1114112K
  class space    used 5461K, committed 6080K, reserved 1048576K
}
Event: 19.815 GC heap after
{Heap after GC invocations=22 (full 2):
 PSYoungGen      total 22016K, used 1056K [0x00000000d5580000, 0x00000000d6c80000, 0x0000000100000000)
  eden space 20480K, 0% used [0x00000000d5580000,0x00000000d5580000,0x00000000d6980000)
  from space 1536K, 68% used [0x00000000d6b00000,0x00000000d6c08020,0x00000000d6c80000)
  to   space 1536K, 0% used [0x00000000d6980000,0x00000000d6980000,0x00000000d6b00000)
 ParOldGen       total 68608K, used 26776K [0x0000000080000000, 0x0000000084300000, 0x00000000d5580000)
  object space 68608K, 39% used [0x0000000080000000,0x0000000081a26008,0x0000000084300000)
 Metaspace       used 50175K, committed 51584K, reserved 1114112K
  class space    used 5461K, committed 6080K, reserved 1048576K
}
Event: 20.077 GC heap before
{Heap before GC invocations=23 (full 2):
 PSYoungGen      total 22016K, used 21536K [0x00000000d5580000, 0x00000000d6c80000, 0x0000000100000000)
  eden space 20480K, 100% used [0x00000000d5580000,0x00000000d6980000,0x00000000d6980000)
  from space 1536K, 68% used [0x00000000d6b00000,0x00000000d6c08020,0x00000000d6c80000)
  to   space 1536K, 0% used [0x00000000d6980000,0x00000000d6980000,0x00000000d6b00000)
 ParOldGen       total 68608K, used 26776K [0x0000000080000000, 0x0000000084300000, 0x00000000d5580000)
  object space 68608K, 39% used [0x0000000080000000,0x0000000081a26008,0x0000000084300000)
 Metaspace       used 50691K, committed 52096K, reserved 1114112K
  class space    used 5528K, committed 6144K, reserved 1048576K
}
Event: 20.081 GC heap after
{Heap after GC invocations=23 (full 2):
 PSYoungGen      total 22016K, used 1504K [0x00000000d5580000, 0x00000000d6f80000, 0x0000000100000000)
  eden space 20480K, 0% used [0x00000000d5580000,0x00000000d5580000,0x00000000d6980000)
  from space 1536K, 97% used [0x00000000d6980000,0x00000000d6af8010,0x00000000d6b00000)
  to   space 3072K, 0% used [0x00000000d6c80000,0x00000000d6c80000,0x00000000d6f80000)
 ParOldGen       total 68608K, used 27759K [0x0000000080000000, 0x0000000084300000, 0x00000000d5580000)
  object space 68608K, 40% used [0x0000000080000000,0x0000000081b1be28,0x0000000084300000)
 Metaspace       used 50691K, committed 52096K, reserved 1114112K
  class space    used 5528K, committed 6144K, reserved 1048576K
}
Event: 20.240 GC heap before
{Heap before GC invocations=24 (full 2):
 PSYoungGen      total 22016K, used 21984K [0x00000000d5580000, 0x00000000d6f80000, 0x0000000100000000)
  eden space 20480K, 100% used [0x00000000d5580000,0x00000000d6980000,0x00000000d6980000)
  from space 1536K, 97% used [0x00000000d6980000,0x00000000d6af8010,0x00000000d6b00000)
  to   space 3072K, 0% used [0x00000000d6c80000,0x00000000d6c80000,0x00000000d6f80000)
 ParOldGen       total 68608K, used 27759K [0x0000000080000000, 0x0000000084300000, 0x00000000d5580000)
  object space 68608K, 40% used [0x0000000080000000,0x0000000081b1be28,0x0000000084300000)
 Metaspace       used 51134K, committed 52544K, reserved 1114112K
  class space    used 5592K, committed 6208K, reserved 1048576K
}
Event: 20.245 GC heap after
{Heap after GC invocations=24 (full 2):
 PSYoungGen      total 23040K, used 2225K [0x00000000d5580000, 0x00000000d6f00000, 0x0000000100000000)
  eden space 20480K, 0% used [0x00000000d5580000,0x00000000d5580000,0x00000000d6980000)
  from space 2560K, 86% used [0x00000000d6c80000,0x00000000d6eac420,0x00000000d6f00000)
  to   space 2560K, 0% used [0x00000000d6a00000,0x00000000d6a00000,0x00000000d6c80000)
 ParOldGen       total 68608K, used 29231K [0x0000000080000000, 0x0000000084300000, 0x00000000d5580000)
  object space 68608K, 42% used [0x0000000080000000,0x0000000081c8be38,0x0000000084300000)
 Metaspace       used 51134K, committed 52544K, reserved 1114112K
  class space    used 5592K, committed 6208K, reserved 1048576K
}
Event: 20.341 GC heap before
{Heap before GC invocations=25 (full 2):
 PSYoungGen      total 23040K, used 22705K [0x00000000d5580000, 0x00000000d6f00000, 0x0000000100000000)
  eden space 20480K, 100% used [0x00000000d5580000,0x00000000d6980000,0x00000000d6980000)
  from space 2560K, 86% used [0x00000000d6c80000,0x00000000d6eac420,0x00000000d6f00000)
  to   space 2560K, 0% used [0x00000000d6a00000,0x00000000d6a00000,0x00000000d6c80000)
 ParOldGen       total 68608K, used 29231K [0x0000000080000000, 0x0000000084300000, 0x00000000d5580000)
  object space 68608K, 42% used [0x0000000080000000,0x0000000081c8be38,0x0000000084300000)
 Metaspace       used 51271K, committed 52608K, reserved 1114112K
  class space    used 5601K, committed 6208K, reserved 1048576K
}
Event: 20.347 GC heap after
{Heap after GC invocations=25 (full 2):
 PSYoungGen      total 23040K, used 2208K [0x00000000d5580000, 0x00000000d6e80000, 0x0000000100000000)
  eden space 20480K, 0% used [0x00000000d5580000,0x00000000d5580000,0x00000000d6980000)
  from space 2560K, 86% used [0x00000000d6a00000,0x00000000d6c28010,0x00000000d6c80000)
  to   space 2048K, 0% used [0x00000000d6c80000,0x00000000d6c80000,0x00000000d6e80000)
 ParOldGen       total 68608K, used 31275K [0x0000000080000000, 0x0000000084300000, 0x00000000d5580000)
  object space 68608K, 45% used [0x0000000080000000,0x0000000081e8af30,0x0000000084300000)
 Metaspace       used 51271K, committed 52608K, reserved 1114112K
  class space    used 5601K, committed 6208K, reserved 1048576K
}
Event: 20.453 GC heap before
{Heap before GC invocations=26 (full 2):
 PSYoungGen      total 23040K, used 22688K [0x00000000d5580000, 0x00000000d6e80000, 0x0000000100000000)
  eden space 20480K, 100% used [0x00000000d5580000,0x00000000d6980000,0x00000000d6980000)
  from space 2560K, 86% used [0x00000000d6a00000,0x00000000d6c28010,0x00000000d6c80000)
  to   space 2048K, 0% used [0x00000000d6c80000,0x00000000d6c80000,0x00000000d6e80000)
 ParOldGen       total 68608K, used 31275K [0x0000000080000000, 0x0000000084300000, 0x00000000d5580000)
  object space 68608K, 45% used [0x0000000080000000,0x0000000081e8af30,0x0000000084300000)
 Metaspace       used 51510K, committed 52864K, reserved 1114112K
  class space    used 5614K, committed 6208K, reserved 1048576K
}
Event: 20.459 GC heap after
{Heap after GC invocations=26 (full 2):
 PSYoungGen      total 20992K, used 2020K [0x00000000d5580000, 0x00000000d7280000, 0x0000000100000000)
  eden space 18944K, 0% used [0x00000000d5580000,0x00000000d5580000,0x00000000d6800000)
  from space 2048K, 98% used [0x00000000d6c80000,0x00000000d6e79000,0x00000000d6e80000)
  to   space 4608K, 0% used [0x00000000d6800000,0x00000000d6800000,0x00000000d6c80000)
 ParOldGen       total 68608K, used 33403K [0x0000000080000000, 0x0000000084300000, 0x00000000d5580000)
  object space 68608K, 48% used [0x0000000080000000,0x000000008209ef40,0x0000000084300000)
 Metaspace       used 51510K, committed 52864K, reserved 1114112K
  class space    used 5614K, committed 6208K, reserved 1048576K
}
Event: 20.571 GC heap before
{Heap before GC invocations=27 (full 2):
 PSYoungGen      total 20992K, used 20964K [0x00000000d5580000, 0x00000000d7280000, 0x0000000100000000)
  eden space 18944K, 100% used [0x00000000d5580000,0x00000000d6800000,0x00000000d6800000)
  from space 2048K, 98% used [0x00000000d6c80000,0x00000000d6e79000,0x00000000d6e80000)
  to   space 4608K, 0% used [0x00000000d6800000,0x00000000d6800000,0x00000000d6c80000)
 ParOldGen       total 68608K, used 33403K [0x0000000080000000, 0x0000000084300000, 0x00000000d5580000)
  object space 68608K, 48% used [0x0000000080000000,0x000000008209ef40,0x0000000084300000)
 Metaspace       used 51583K, committed 52928K, reserved 1114112K
  class space    used 5629K, committed 6208K, reserved 1048576K
}
Event: 20.579 GC heap after
{Heap after GC invocations=27 (full 2):
 PSYoungGen      total 20992K, used 1792K [0x00000000d5580000, 0x00000000d6e00000, 0x0000000100000000)
  eden space 18944K, 0% used [0x00000000d5580000,0x00000000d5580000,0x00000000d6800000)
  from space 2048K, 87% used [0x00000000d6800000,0x00000000d69c0000,0x00000000d6a00000)
  to   space 3072K, 0% used [0x00000000d6b00000,0x00000000d6b00000,0x00000000d6e00000)
 ParOldGen       total 68608K, used 35423K [0x0000000080000000, 0x0000000084300000, 0x00000000d5580000)
  object space 68608K, 51% used [0x0000000080000000,0x0000000082297f18,0x0000000084300000)
 Metaspace       used 51583K, committed 52928K, reserved 1114112K
  class space    used 5629K, committed 6208K, reserved 1048576K
}
Event: 20.751 GC heap before
{Heap before GC invocations=28 (full 2):
 PSYoungGen      total 20992K, used 20725K [0x00000000d5580000, 0x00000000d6e00000, 0x0000000100000000)
  eden space 18944K, 99% used [0x00000000d5580000,0x00000000d67fd650,0x00000000d6800000)
  from space 2048K, 87% used [0x00000000d6800000,0x00000000d69c0000,0x00000000d6a00000)
  to   space 3072K, 0% used [0x00000000d6b00000,0x00000000d6b00000,0x00000000d6e00000)
 ParOldGen       total 68608K, used 35423K [0x0000000080000000, 0x0000000084300000, 0x00000000d5580000)
  object space 68608K, 51% used [0x0000000080000000,0x0000000082297f18,0x0000000084300000)
 Metaspace       used 51780K, committed 53184K, reserved 1114112K
  class space    used 5645K, committed 6272K, reserved 1048576K
}
Event: 20.757 GC heap after
{Heap after GC invocations=28 (full 2):
 PSYoungGen      total 20992K, used 1792K [0x00000000d5580000, 0x00000000d6d00000, 0x0000000100000000)
  eden space 18944K, 0% used [0x00000000d5580000,0x00000000d5580000,0x00000000d6800000)
  from space 2048K, 87% used [0x00000000d6b00000,0x00000000d6cc0010,0x00000000d6d00000)
  to   space 2048K, 0% used [0x00000000d6800000,0x00000000d6800000,0x00000000d6a00000)
 ParOldGen       total 68608K, used 37111K [0x0000000080000000, 0x0000000084300000, 0x00000000d5580000)
  object space 68608K, 54% used [0x0000000080000000,0x000000008243df18,0x0000000084300000)
 Metaspace       used 51780K, committed 53184K, reserved 1114112K
  class space    used 5645K, committed 6272K, reserved 1048576K
}
Event: 20.894 GC heap before
{Heap before GC invocations=29 (full 2):
 PSYoungGen      total 20992K, used 20736K [0x00000000d5580000, 0x00000000d6d00000, 0x0000000100000000)
  eden space 18944K, 100% used [0x00000000d5580000,0x00000000d6800000,0x00000000d6800000)
  from space 2048K, 87% used [0x00000000d6b00000,0x00000000d6cc0010,0x00000000d6d00000)
  to   space 2048K, 0% used [0x00000000d6800000,0x00000000d6800000,0x00000000d6a00000)
 ParOldGen       total 68608K, used 37111K [0x0000000080000000, 0x0000000084300000, 0x00000000d5580000)
  object space 68608K, 54% used [0x0000000080000000,0x000000008243df18,0x0000000084300000)
 Metaspace       used 52029K, committed 53440K, reserved 1114112K
  class space    used 5667K, committed 6272K, reserved 1048576K
}
Event: 20.900 GC heap after
{Heap after GC invocations=29 (full 2):
 PSYoungGen      total 20992K, used 1880K [0x00000000d5580000, 0x00000000d6c00000, 0x0000000100000000)
  eden space 18944K, 0% used [0x00000000d5580000,0x00000000d5580000,0x00000000d6800000)
  from space 2048K, 91% used [0x00000000d6800000,0x00000000d69d6210,0x00000000d6a00000)
  to   space 2048K, 0% used [0x00000000d6a00000,0x00000000d6a00000,0x00000000d6c00000)
 ParOldGen       total 68608K, used 38807K [0x0000000080000000, 0x0000000084300000, 0x00000000d5580000)
  object space 68608K, 56% used [0x0000000080000000,0x00000000825e5f28,0x0000000084300000)
 Metaspace       used 52029K, committed 53440K, reserved 1114112K
  class space    used 5667K, committed 6272K, reserved 1048576K
}

Dll operation events (10 events):
Event: 0.026 Loaded shared library c:\Users\jf406\.vscode\extensions\redhat.java-1.47.0-win32-x64\jre\21.0.8-win32-x86_64\bin\java.dll
Event: 0.232 Loaded shared library c:\Users\jf406\.vscode\extensions\redhat.java-1.47.0-win32-x64\jre\21.0.8-win32-x86_64\bin\zip.dll
Event: 0.324 Loaded shared library C:\Users\jf406\.vscode\extensions\redhat.java-1.47.0-win32-x64\jre\21.0.8-win32-x86_64\bin\instrument.dll
Event: 0.357 Loaded shared library C:\Users\jf406\.vscode\extensions\redhat.java-1.47.0-win32-x64\jre\21.0.8-win32-x86_64\bin\net.dll
Event: 0.366 Loaded shared library C:\Users\jf406\.vscode\extensions\redhat.java-1.47.0-win32-x64\jre\21.0.8-win32-x86_64\bin\nio.dll
Event: 0.376 Loaded shared library C:\Users\jf406\.vscode\extensions\redhat.java-1.47.0-win32-x64\jre\21.0.8-win32-x86_64\bin\zip.dll
Event: 0.425 Loaded shared library C:\Users\jf406\.vscode\extensions\redhat.java-1.47.0-win32-x64\jre\21.0.8-win32-x86_64\bin\jimage.dll
Event: 0.669 Loaded shared library c:\Users\jf406\.vscode\extensions\redhat.java-1.47.0-win32-x64\jre\21.0.8-win32-x86_64\bin\verify.dll
Event: 3.760 Loaded shared library C:\Users\jf406\AppData\Roaming\Code\User\globalStorage\redhat.java\1.47.0\config_win\org.eclipse.equinox.launcher\org.eclipse.equinox.launcher.win32.win32.x86_64_1.2.1400.v20250801-0854\eclipse_11916.dll
Event: 9.503 Loaded shared library C:\Users\jf406\AppData\Local\Temp\jna-100983422\jna14343810652948121748.dll

Deoptimization events (20 events):
Event: 20.413 Thread 0x000001a686354600 DEOPT PACKING pc=0x000001a62c11280d sp=0x0000001f625fcdc0
Event: 20.413 Thread 0x000001a686354600 DEOPT UNPACKING pc=0x000001a632d44242 sp=0x0000001f625fc270 mode 0
Event: 20.435 Thread 0x000001a68722ed80 Uncommon trap: trap_request=0xffffff45 fr.pc=0x000001a6335278bc relative=0x00000000000005fc
Event: 20.435 Thread 0x000001a68722ed80 Uncommon trap: reason=unstable_if action=reinterpret pc=0x000001a6335278bc method=java.util.ArrayList.equalsRange(Ljava/util/List;II)Z @ 41 c2
Event: 20.435 Thread 0x000001a68722ed80 DEOPT PACKING pc=0x000001a6335278bc sp=0x0000001f635fd040
Event: 20.435 Thread 0x000001a68722ed80 DEOPT UNPACKING pc=0x000001a632d43aa2 sp=0x0000001f635fcfe0 mode 2
Event: 20.439 Thread 0x000001a686354600 DEOPT PACKING pc=0x000001a62b863578 sp=0x0000001f625fc5e0
Event: 20.439 Thread 0x000001a686354600 DEOPT UNPACKING pc=0x000001a632d44242 sp=0x0000001f625fbac8 mode 0
Event: 20.472 Thread 0x000001a686354600 DEOPT PACKING pc=0x000001a62bdcc339 sp=0x0000001f625fc6d0
Event: 20.472 Thread 0x000001a686354600 DEOPT UNPACKING pc=0x000001a632d44242 sp=0x0000001f625fbbd0 mode 0
Event: 20.620 Thread 0x000001a686354600 DEOPT PACKING pc=0x000001a62b863578 sp=0x0000001f625fcbe0
Event: 20.620 Thread 0x000001a686354600 DEOPT UNPACKING pc=0x000001a632d44242 sp=0x0000001f625fc0c8 mode 0
Event: 20.744 Thread 0x000001a686354600 DEOPT PACKING pc=0x000001a62baf5546 sp=0x0000001f625fbf70
Event: 20.744 Thread 0x000001a686354600 DEOPT UNPACKING pc=0x000001a632d44242 sp=0x0000001f625fb4f0 mode 0
Event: 20.821 Thread 0x000001a686354600 DEOPT PACKING pc=0x000001a62b863578 sp=0x0000001f625fce80
Event: 20.821 Thread 0x000001a686354600 DEOPT UNPACKING pc=0x000001a632d44242 sp=0x0000001f625fc368 mode 0
Event: 20.934 Thread 0x000001a68722ed80 DEOPT PACKING pc=0x000001a62c4c5cea sp=0x0000001f635fd600
Event: 20.934 Thread 0x000001a68722ed80 DEOPT UNPACKING pc=0x000001a632d44242 sp=0x0000001f635fca88 mode 0
Event: 20.935 Thread 0x000001a68722ed80 DEOPT PACKING pc=0x000001a62c4c62ae sp=0x0000001f635fd4f0
Event: 20.935 Thread 0x000001a68722ed80 DEOPT UNPACKING pc=0x000001a632d44242 sp=0x0000001f635fc978 mode 0

Classes loaded (20 events):
Event: 19.842 Loading class java/nio/file/ClosedDirectoryStreamException
Event: 19.842 Loading class java/nio/file/ClosedDirectoryStreamException done
Event: 19.842 Loading class jdk/internal/jrtfs/JrtFileSystem
Event: 19.843 Loading class jdk/internal/jrtfs/JrtFileSystem done
Event: 19.843 Loading class jdk/internal/jrtfs/JrtPath
Event: 19.844 Loading class jdk/internal/jrtfs/JrtPath done
Event: 19.845 Loading class jdk/internal/jimage/ImageReader$Node
Event: 19.845 Loading class jdk/internal/jimage/ImageReader$Node done
Event: 19.860 Loading class java/nio/ByteBufferAsIntBufferL
Event: 19.861 Loading class java/nio/ByteBufferAsIntBufferL done
Event: 19.865 Loading class jdk/internal/jimage/ImageReader$Directory
Event: 19.865 Loading class jdk/internal/jimage/ImageReader$Directory done
Event: 20.102 Loading class java/util/Vector$1
Event: 20.102 Loading class java/util/Vector$1 done
Event: 20.190 Loading class java/util/AbstractList$ListItr
Event: 20.190 Loading class java/util/AbstractList$ListItr done
Event: 20.209 Loading class java/nio/channels/Channels$ReadableByteChannelImpl
Event: 20.209 Loading class java/nio/channels/Channels$ReadableByteChannelImpl done
Event: 20.210 Loading class java/nio/channels/NonWritableChannelException
Event: 20.210 Loading class java/nio/channels/NonWritableChannelException done

Classes unloaded (7 events):
Event: 11.001 Thread 0x000001a6285225f0 Unloading class 0x000001a6401a4800 'java/lang/invoke/LambdaForm$MH+0x000001a6401a4800'
Event: 11.001 Thread 0x000001a6285225f0 Unloading class 0x000001a6401a4400 'java/lang/invoke/LambdaForm$MH+0x000001a6401a4400'
Event: 11.001 Thread 0x000001a6285225f0 Unloading class 0x000001a6401a4000 'java/lang/invoke/LambdaForm$MH+0x000001a6401a4000'
Event: 11.001 Thread 0x000001a6285225f0 Unloading class 0x000001a6401a3c00 'java/lang/invoke/LambdaForm$MH+0x000001a6401a3c00'
Event: 11.001 Thread 0x000001a6285225f0 Unloading class 0x000001a6401a3800 'java/lang/invoke/LambdaForm$BMH+0x000001a6401a3800'
Event: 11.001 Thread 0x000001a6285225f0 Unloading class 0x000001a6401a3400 'java/lang/invoke/LambdaForm$DMH+0x000001a6401a3400'
Event: 11.001 Thread 0x000001a6285225f0 Unloading class 0x000001a6401a2000 'java/lang/invoke/LambdaForm$DMH+0x000001a6401a2000'

Classes redefined (0 events):
No events

Internal exceptions (20 events):
Event: 19.191 Thread 0x000001a6863538e0 Exception <a 'sun/nio/fs/WindowsException'{0x00000000d5e93578}> (0x00000000d5e93578) 
thrown [s\src\hotspot\share\prims\jni.cpp, line 520]
Event: 19.192 Thread 0x000001a6863538e0 Exception <a 'sun/nio/fs/WindowsException'{0x00000000d5e93bf8}> (0x00000000d5e93bf8) 
thrown [s\src\hotspot\share\prims\jni.cpp, line 520]
Event: 19.192 Thread 0x000001a6863538e0 Exception <a 'sun/nio/fs/WindowsException'{0x00000000d5e94290}> (0x00000000d5e94290) 
thrown [s\src\hotspot\share\prims\jni.cpp, line 520]
Event: 19.199 Thread 0x000001a6863538e0 Exception <a 'sun/nio/fs/WindowsException'{0x00000000d5e976e8}> (0x00000000d5e976e8) 
thrown [s\src\hotspot\share\prims\jni.cpp, line 520]
Event: 19.200 Thread 0x000001a6863538e0 Exception <a 'sun/nio/fs/WindowsException'{0x00000000d5e97cb8}> (0x00000000d5e97cb8) 
thrown [s\src\hotspot\share\prims\jni.cpp, line 520]
Event: 19.200 Thread 0x000001a6863538e0 Exception <a 'sun/nio/fs/WindowsException'{0x00000000d5eb4b20}> (0x00000000d5eb4b20) 
thrown [s\src\hotspot\share\prims\jni.cpp, line 520]
Event: 19.201 Thread 0x000001a6863538e0 Exception <a 'sun/nio/fs/WindowsException'{0x00000000d5eb5110}> (0x00000000d5eb5110) 
thrown [s\src\hotspot\share\prims\jni.cpp, line 520]
Event: 19.206 Thread 0x000001a6863538e0 Exception <a 'sun/nio/fs/WindowsException'{0x00000000d5eb86e8}> (0x00000000d5eb86e8) 
thrown [s\src\hotspot\share\prims\jni.cpp, line 520]
Event: 19.206 Thread 0x000001a6863538e0 Exception <a 'sun/nio/fs/WindowsException'{0x00000000d5eb8ca8}> (0x00000000d5eb8ca8) 
thrown [s\src\hotspot\share\prims\jni.cpp, line 520]
Event: 19.206 Thread 0x000001a6863538e0 Exception <a 'sun/nio/fs/WindowsException'{0x00000000d5eb9268}> (0x00000000d5eb9268) 
thrown [s\src\hotspot\share\prims\jni.cpp, line 520]
Event: 19.206 Thread 0x000001a6863538e0 Exception <a 'sun/nio/fs/WindowsException'{0x00000000d5eb9840}> (0x00000000d5eb9840) 
thrown [s\src\hotspot\share\prims\jni.cpp, line 520]
Event: 19.211 Thread 0x000001a6863538e0 Exception <a 'sun/nio/fs/WindowsException'{0x00000000d5edf150}> (0x00000000d5edf150) 
thrown [s\src\hotspot\share\prims\jni.cpp, line 520]
Event: 19.212 Thread 0x000001a6863538e0 Exception <a 'sun/nio/fs/WindowsException'{0x00000000d5edf720}> (0x00000000d5edf720) 
thrown [s\src\hotspot\share\prims\jni.cpp, line 520]
Event: 19.213 Thread 0x000001a6863538e0 Exception <a 'sun/nio/fs/WindowsException'{0x00000000d5edfcf0}> (0x00000000d5edfcf0) 
thrown [s\src\hotspot\share\prims\jni.cpp, line 520]
Event: 19.213 Thread 0x000001a6863538e0 Exception <a 'sun/nio/fs/WindowsException'{0x00000000d5ee02e0}> (0x00000000d5ee02e0) 
thrown [s\src\hotspot\share\prims\jni.cpp, line 520]
Event: 19.221 Thread 0x000001a6863538e0 Exception <a 'sun/nio/fs/WindowsException'{0x00000000d5ee37d8}> (0x00000000d5ee37d8) 
thrown [s\src\hotspot\share\prims\jni.cpp, line 520]
Event: 19.221 Thread 0x000001a6863538e0 Exception <a 'sun/nio/fs/WindowsException'{0x00000000d5ee3de0}> (0x00000000d5ee3de0) 
thrown [s\src\hotspot\share\prims\jni.cpp, line 520]
Event: 19.221 Thread 0x000001a6863538e0 Exception <a 'sun/nio/fs/WindowsException'{0x00000000d5ee43f8}> (0x00000000d5ee43f8) 
thrown [s\src\hotspot\share\prims\jni.cpp, line 520]
Event: 19.222 Thread 0x000001a6863538e0 Exception <a 'sun/nio/fs/WindowsException'{0x00000000d5ee4a20}> (0x00000000d5ee4a20) 
thrown [s\src\hotspot\share\prims\jni.cpp, line 520]
Event: 19.827 Thread 0x000001a68722ed80 Exception <a 'java/lang/NoSuchMethodError'{0x00000000d55d8d08}: 'java.lang.Object java.lang.invoke.DelegatingMethodHandle$Holder.reinvoke_L(java.lang.Object, int, long, java.lang.Object, java.lang.Object, int, java.lang.Object)'> (0x00000000d55d8d08) 
thrown [s\src\hotspot\share\interpreter\linkResolver.cpp, line 773]

ZGC Phase Switch (0 events):
No events

VM Operations (20 events):
Event: 19.863 Executing VM operation: HandshakeAllThreads (Deoptimize) done
Event: 19.942 Executing VM operation: HandshakeAllThreads (Deoptimize)
Event: 19.942 Executing VM operation: HandshakeAllThreads (Deoptimize) done
Event: 20.076 Executing VM operation: ParallelGCFailedAllocation (Allocation Failure)
Event: 20.081 Executing VM operation: ParallelGCFailedAllocation (Allocation Failure) done
Event: 20.192 Executing VM operation: HandshakeAllThreads (Deoptimize)
Event: 20.192 Executing VM operation: HandshakeAllThreads (Deoptimize) done
Event: 20.240 Executing VM operation: ParallelGCFailedAllocation (Allocation Failure)
Event: 20.245 Executing VM operation: ParallelGCFailedAllocation (Allocation Failure) done
Event: 20.341 Executing VM operation: ParallelGCFailedAllocation (Allocation Failure)
Event: 20.347 Executing VM operation: ParallelGCFailedAllocation (Allocation Failure) done
Event: 20.453 Executing VM operation: ParallelGCFailedAllocation (Allocation Failure)
Event: 20.459 Executing VM operation: ParallelGCFailedAllocation (Allocation Failure) done
Event: 20.571 Executing VM operation: ParallelGCFailedAllocation (Allocation Failure)
Event: 20.579 Executing VM operation: ParallelGCFailedAllocation (Allocation Failure) done
Event: 20.751 Executing VM operation: ParallelGCFailedAllocation (Allocation Failure)
Event: 20.757 Executing VM operation: ParallelGCFailedAllocation (Allocation Failure) done
Event: 20.894 Executing VM operation: ParallelGCFailedAllocation (Allocation Failure)
Event: 20.900 Executing VM operation: ParallelGCFailedAllocation (Allocation Failure) done
Event: 21.911 Executing VM operation: Cleanup

Memory protections (0 events):
No events

Nmethod flushes (20 events):
Event: 15.184 Thread 0x000001a6285225f0 flushing  nmethod 0x000001a62be1df90
Event: 15.184 Thread 0x000001a6285225f0 flushing  nmethod 0x000001a62be4b190
Event: 15.184 Thread 0x000001a6285225f0 flushing  nmethod 0x000001a62be4c610
Event: 15.184 Thread 0x000001a6285225f0 flushing  nmethod 0x000001a62be4cf10
Event: 15.184 Thread 0x000001a6285225f0 flushing  nmethod 0x000001a62be4e110
Event: 15.184 Thread 0x000001a6285225f0 flushing  nmethod 0x000001a62be4e910
Event: 15.184 Thread 0x000001a6285225f0 flushing  nmethod 0x000001a62be50610
Event: 15.184 Thread 0x000001a6285225f0 flushing  nmethod 0x000001a62be50f10
Event: 15.184 Thread 0x000001a6285225f0 flushing  nmethod 0x000001a62be52010
Event: 15.184 Thread 0x000001a6285225f0 flushing  nmethod 0x000001a62be53810
Event: 15.184 Thread 0x000001a6285225f0 flushing  nmethod 0x000001a62be55210
Event: 15.184 Thread 0x000001a6285225f0 flushing  nmethod 0x000001a62be61310
Event: 15.184 Thread 0x000001a6285225f0 flushing  nmethod 0x000001a62be73690
Event: 15.184 Thread 0x000001a6285225f0 flushing  nmethod 0x000001a62be8ea10
Event: 15.184 Thread 0x000001a6285225f0 flushing  nmethod 0x000001a62bea9210
Event: 15.184 Thread 0x000001a6285225f0 flushing  nmethod 0x000001a62bef9410
Event: 15.184 Thread 0x000001a6285225f0 flushing  nmethod 0x000001a62bf28210
Event: 15.184 Thread 0x000001a6285225f0 flushing  nmethod 0x000001a62bf3f210
Event: 15.184 Thread 0x000001a6285225f0 flushing  nmethod 0x000001a62bf75910
Event: 15.184 Thread 0x000001a6285225f0 flushing  nmethod 0x000001a62bf75d90

Events (20 events):
Event: 7.016 Thread 0x000001a686352bc0 Thread added: 0x000001a686351ea0
Event: 9.593 Thread 0x000001a686352bc0 Thread added: 0x000001a686350460
Event: 9.692 Thread 0x000001a686352bc0 Thread added: 0x000001a6863538e0
Event: 9.766 Thread 0x000001a686352bc0 Thread added: 0x000001a686353f70
Event: 12.473 Thread 0x000001a6863538e0 Thread added: 0x000001a686350af0
Event: 14.543 Thread 0x000001a686352bc0 Thread added: 0x000001a686354600
Event: 15.687 Thread 0x000001a6863538e0 Thread added: 0x000001a686351180
Event: 15.871 Thread 0x000001a686351180 Thread added: 0x000001a686355320
Event: 16.038 Thread 0x000001a626199000 Thread added: 0x000001a686356040
Event: 16.039 Thread 0x000001a626199000 Thread added: 0x000001a6863573f0
Event: 16.040 Thread 0x000001a626199000 Thread added: 0x000001a6863559b0
Event: 16.040 Thread 0x000001a626199000 Thread added: 0x000001a686354c90
Event: 16.041 Thread 0x000001a626199000 Thread added: 0x000001a6863566d0
Event: 16.041 Thread 0x000001a626199000 Thread added: 0x000001a686356d60
Event: 16.042 Thread 0x000001a626199000 Thread added: 0x000001a68722d9d0
Event: 16.042 Thread 0x000001a626199000 Thread added: 0x000001a68722b900
Event: 16.042 Thread 0x000001a626199000 Thread added: 0x000001a68722abe0
Event: 16.097 Thread 0x000001a626199000 Thread added: 0x000001a68722e060
Event: 16.844 Thread 0x000001a626199000 Thread added: 0x000001a68722b270
Event: 16.845 Thread 0x000001a626199000 Thread added: 0x000001a68722ed80


Dynamic libraries:
0x00007ff786910000 - 0x00007ff78691e000 	c:\Users\jf406\.vscode\extensions\redhat.java-1.47.0-win32-x64\jre\21.0.8-win32-x86_64\bin\java.exe
0x00007ffa71700000 - 0x00007ffa71968000 	C:\Windows\SYSTEM32\ntdll.dll
0x00007ffa6f930000 - 0x00007ffa6f9f9000 	C:\Windows\System32\KERNEL32.DLL
0x00007ffa6ee30000 - 0x00007ffa6f222000 	C:\Windows\System32\KERNELBASE.dll
0x00007ffa6eaa0000 - 0x00007ffa6ebeb000 	C:\Windows\System32\ucrtbase.dll
0x00007ffa4fdc0000 - 0x00007ffa4fdd8000 	c:\Users\jf406\.vscode\extensions\redhat.java-1.47.0-win32-x64\jre\21.0.8-win32-x86_64\bin\jli.dll
0x00007ffa4fa70000 - 0x00007ffa4fa8e000 	c:\Users\jf406\.vscode\extensions\redhat.java-1.47.0-win32-x64\jre\21.0.8-win32-x86_64\bin\VCRUNTIME140.dll
0x00007ffa6fa30000 - 0x00007ffa6fbf5000 	C:\Windows\System32\USER32.dll
0x00007ffa516b0000 - 0x00007ffa51943000 	C:\Windows\WinSxS\amd64_microsoft.windows.common-controls_6595b64144ccf1df_6.0.26100.6899_none_3e0efeeae32e88c1\COMCTL32.dll
0x00007ffa6e9d0000 - 0x00007ffa6e9f7000 	C:\Windows\System32\win32u.dll
0x00007ffa70350000 - 0x00007ffa703f9000 	C:\Windows\System32\msvcrt.dll
0x00007ffa70400000 - 0x00007ffa7042b000 	C:\Windows\System32\GDI32.dll
0x00007ffa6f230000 - 0x00007ffa6f35d000 	C:\Windows\System32\gdi32full.dll
0x00007ffa6e920000 - 0x00007ffa6e9c3000 	C:\Windows\System32\msvcp_win.dll
0x00007ffa70920000 - 0x00007ffa7094f000 	C:\Windows\System32\IMM32.DLL
0x00007ffa509e0000 - 0x00007ffa509ec000 	c:\Users\jf406\.vscode\extensions\redhat.java-1.47.0-win32-x64\jre\21.0.8-win32-x86_64\bin\vcruntime140_1.dll
0x00007ffa301f0000 - 0x00007ffa3027d000 	c:\Users\jf406\.vscode\extensions\redhat.java-1.47.0-win32-x64\jre\21.0.8-win32-x86_64\bin\msvcp140.dll
0x00007ff9dcdc0000 - 0x00007ff9ddb57000 	c:\Users\jf406\.vscode\extensions\redhat.java-1.47.0-win32-x64\jre\21.0.8-win32-x86_64\bin\server\jvm.dll
0x00007ffa71600000 - 0x00007ffa716b4000 	C:\Windows\System32\ADVAPI32.dll
0x00007ffa70450000 - 0x00007ffa704f6000 	C:\Windows\System32\sechost.dll
0x00007ffa70800000 - 0x00007ffa70918000 	C:\Windows\System32\RPCRT4.dll
0x00007ffa70960000 - 0x00007ffa709d4000 	C:\Windows\System32\WS2_32.dll
0x00007ffa6e6f0000 - 0x00007ffa6e74e000 	C:\Windows\SYSTEM32\POWRPROF.dll
0x00007ffa51980000 - 0x00007ffa5198b000 	C:\Windows\SYSTEM32\VERSION.dll
0x00007ffa64710000 - 0x00007ffa64745000 	C:\Windows\SYSTEM32\WINMM.dll
0x00007ffa6e6d0000 - 0x00007ffa6e6e4000 	C:\Windows\SYSTEM32\UMPDC.dll
0x00007ffa6d660000 - 0x00007ffa6d67b000 	C:\Windows\SYSTEM32\kernel.appcore.dll
0x00007ffa505c0000 - 0x00007ffa505ca000 	c:\Users\jf406\.vscode\extensions\redhat.java-1.47.0-win32-x64\jre\21.0.8-win32-x86_64\bin\jimage.dll
0x00007ffa6c130000 - 0x00007ffa6c372000 	C:\Windows\SYSTEM32\DBGHELP.DLL
0x00007ffa70c20000 - 0x00007ffa70f9b000 	C:\Windows\System32\combase.dll
0x00007ffa70690000 - 0x00007ffa70767000 	C:\Windows\System32\OLEAUT32.dll
0x00007ffa3cc20000 - 0x00007ffa3cc5c000 	C:\Windows\SYSTEM32\dbgcore.DLL
0x00007ffa6ea00000 - 0x00007ffa6ea98000 	C:\Windows\System32\bcryptPrimitives.dll
0x00007ffa50590000 - 0x00007ffa5059f000 	c:\Users\jf406\.vscode\extensions\redhat.java-1.47.0-win32-x64\jre\21.0.8-win32-x86_64\bin\instrument.dll
0x00007ffa473f0000 - 0x00007ffa4740f000 	c:\Users\jf406\.vscode\extensions\redhat.java-1.47.0-win32-x64\jre\21.0.8-win32-x86_64\bin\java.dll
0x00007ffa6fc00000 - 0x00007ffa7034d000 	C:\Windows\System32\SHELL32.dll
0x00007ffa6f360000 - 0x00007ffa6f4cb000 	C:\Windows\System32\wintypes.dll
0x00007ffa6c4c0000 - 0x00007ffa6cd1d000 	C:\Windows\SYSTEM32\windows.storage.dll
0x00007ffa70590000 - 0x00007ffa70682000 	C:\Windows\System32\SHCORE.dll
0x00007ffa70fa0000 - 0x00007ffa71002000 	C:\Windows\System32\shlwapi.dll
0x00007ffa6e7b0000 - 0x00007ffa6e7d9000 	C:\Windows\SYSTEM32\profapi.dll
0x00007ffa45c00000 - 0x00007ffa45c18000 	c:\Users\jf406\.vscode\extensions\redhat.java-1.47.0-win32-x64\jre\21.0.8-win32-x86_64\bin\zip.dll
0x00007ffa513e0000 - 0x00007ffa513f0000 	C:\Users\jf406\.vscode\extensions\redhat.java-1.47.0-win32-x64\jre\21.0.8-win32-x86_64\bin\net.dll
0x00007ffa5e370000 - 0x00007ffa5e48f000 	C:\Windows\SYSTEM32\WINHTTP.dll
0x00007ffa6dbd0000 - 0x00007ffa6dc3b000 	C:\Windows\system32\mswsock.dll
0x00007ffa442e0000 - 0x00007ffa442f6000 	C:\Users\jf406\.vscode\extensions\redhat.java-1.47.0-win32-x64\jre\21.0.8-win32-x86_64\bin\nio.dll
0x00007ffa50b90000 - 0x00007ffa50ba0000 	c:\Users\jf406\.vscode\extensions\redhat.java-1.47.0-win32-x64\jre\21.0.8-win32-x86_64\bin\verify.dll
0x00007ffa3d3c0000 - 0x00007ffa3d404000 	C:\Users\jf406\AppData\Roaming\Code\User\globalStorage\redhat.java\1.47.0\config_win\org.eclipse.equinox.launcher\org.eclipse.equinox.launcher.win32.win32.x86_64_1.2.1400.v20250801-0854\eclipse_11916.dll
0x00007ffa6f590000 - 0x00007ffa6f728000 	C:\Windows\System32\ole32.dll
0x00007ffa6de90000 - 0x00007ffa6deab000 	C:\Windows\SYSTEM32\CRYPTSP.dll
0x00007ffa6d5c0000 - 0x00007ffa6d5fb000 	C:\Windows\system32\rsaenh.dll
0x00007ffa6dc70000 - 0x00007ffa6dc9b000 	C:\Windows\SYSTEM32\USERENV.dll
0x00007ffa6e780000 - 0x00007ffa6e7a6000 	C:\Windows\SYSTEM32\bcrypt.dll
0x00007ffa6de80000 - 0x00007ffa6de8c000 	C:\Windows\SYSTEM32\CRYPTBASE.dll
0x00007ffa6d110000 - 0x00007ffa6d144000 	C:\Windows\SYSTEM32\IPHLPAPI.DLL
0x00007ffa6f920000 - 0x00007ffa6f92a000 	C:\Windows\System32\NSI.dll
0x00007ffa41d10000 - 0x00007ffa41d59000 	C:\Users\jf406\AppData\Local\Temp\jna-100983422\jna14343810652948121748.dll
0x00007ffa70bc0000 - 0x00007ffa70bc8000 	C:\Windows\System32\PSAPI.DLL
0x00007ffa660d0000 - 0x00007ffa660ee000 	C:\Windows\SYSTEM32\dhcpcsvc6.DLL
0x00007ffa66020000 - 0x00007ffa66043000 	C:\Windows\SYSTEM32\dhcpcsvc.DLL

JVMTI agents:
c:\Users\jf406\.vscode\extensions\redhat.java-1.47.0-win32-x64\lombok\lombok-1.18.39-4050.jar path:c:\Users\jf406\.vscode\extensions\redhat.java-1.47.0-win32-x64\jre\21.0.8-win32-x86_64\bin\instrument.dll, loaded, initialized, instrumentlib options:none

dbghelp: loaded successfully - version: 4.0.5 - missing functions: none
symbol engine: initialized successfully - sym options: 0x614 - pdb path: .;c:\Users\jf406\.vscode\extensions\redhat.java-1.47.0-win32-x64\jre\21.0.8-win32-x86_64\bin;C:\Windows\SYSTEM32;C:\Windows\WinSxS\amd64_microsoft.windows.common-controls_6595b64144ccf1df_6.0.26100.6899_none_3e0efeeae32e88c1;c:\Users\jf406\.vscode\extensions\redhat.java-1.47.0-win32-x64\jre\21.0.8-win32-x86_64\bin\server;C:\Users\jf406\AppData\Roaming\Code\User\globalStorage\redhat.java\1.47.0\config_win\org.eclipse.equinox.launcher\org.eclipse.equinox.launcher.win32.win32.x86_64_1.2.1400.v20250801-0854;C:\Users\jf406\AppData\Local\Temp\jna-100983422

VM Arguments:
jvm_args: --add-modules=ALL-SYSTEM --add-opens=java.base/java.util=ALL-UNNAMED --add-opens=java.base/java.lang=ALL-UNNAMED --add-opens=java.base/sun.nio.fs=ALL-UNNAMED -Declipse.application=org.eclipse.jdt.ls.core.id1 -Dosgi.bundles.defaultStartLevel=4 -Declipse.product=org.eclipse.jdt.ls.core.product -Djava.import.generatesMetadataFilesAtProjectRoot=false -DDetectVMInstallationsJob.disabled=true -Dfile.encoding=utf8 -XX:+UseParallelGC -XX:GCTimeRatio=4 -XX:AdaptiveSizePolicyWeight=90 -Dsun.zip.disableMemoryMapping=true -Xmx2G -Xms100m -Xlog:disable -javaagent:c:\Users\jf406\.vscode\extensions\redhat.java-1.47.0-win32-x64\lombok\lombok-1.18.39-4050.jar -XX:+HeapDumpOnOutOfMemoryError -XX:HeapDumpPath=c:\Users\jf406\AppData\Roaming\Code\User\workspaceStorage\920bcd2a5c4fc57746403fc289813d22\redhat.java -Daether.dependencyCollector.impl=bf 
java_command: c:\Users\jf406\.vscode\extensions\redhat.java-1.47.0-win32-x64\server\plugins\org.eclipse.equinox.launcher_1.7.100.v20251014-1222.jar -configuration c:\Users\jf406\AppData\Roaming\Code\User\globalStorage\redhat.java\1.47.0\config_win -data c:\Users\jf406\AppData\Roaming\Code\User\workspaceStorage\920bcd2a5c4fc57746403fc289813d22\redhat.java\jdt_ws --pipe=\\.\pipe\lsp-47b3fcd390ee9c82690105bf57f40e7b-sock
java_class_path (initial): c:\Users\jf406\.vscode\extensions\redhat.java-1.47.0-win32-x64\server\plugins\org.eclipse.equinox.launcher_1.7.100.v20251014-1222.jar
Launcher Type: SUN_STANDARD

[Global flags]
    uintx AdaptiveSizePolicyWeight                 = 90                                        {product} {command line}
     intx CICompilerCount                          = 4                                         {product} {ergonomic}
    uintx GCTimeRatio                              = 4                                         {product} {command line}
     bool HeapDumpOnOutOfMemoryError               = true                                   {manageable} {command line}
    ccstr HeapDumpPath                             = c:\Users\jf406\AppData\Roaming\Code\User\workspaceStorage\920bcd2a5c4fc57746403fc289813d22\redhat.java         {manageable} {command line}
   size_t InitialHeapSize                          = 104857600                                 {product} {command line}
   size_t MaxHeapSize                              = 2147483648                                {product} {command line}
   size_t MaxNewSize                               = 715653120                                 {product} {ergonomic}
   size_t MinHeapDeltaBytes                        = 524288                                    {product} {ergonomic}
   size_t MinHeapSize                              = 104857600                                 {product} {command line}
   size_t NewSize                                  = 34603008                                  {product} {ergonomic}
    uintx NonNMethodCodeHeapSize                   = 5839372                                {pd product} {ergonomic}
    uintx NonProfiledCodeHeapSize                  = 122909434                              {pd product} {ergonomic}
   size_t OldSize                                  = 70254592                                  {product} {ergonomic}
    uintx ProfiledCodeHeapSize                     = 122909434                              {pd product} {ergonomic}
    uintx ReservedCodeCacheSize                    = 251658240                              {pd product} {ergonomic}
     bool SegmentedCodeCache                       = true                                      {product} {ergonomic}
   size_t SoftMaxHeapSize                          = 2147483648                             {manageable} {ergonomic}
     bool UseCompressedOops                        = true                           {product lp64_product} {ergonomic}
     bool UseLargePagesIndividualAllocation        = false                                  {pd product} {ergonomic}
     bool UseParallelGC                            = true                                      {product} {command line}

Logging:
Log output configuration:
 #0: stdout all=off uptime,level,tags foldmultilines=false
 #1: stderr all=off uptime,level,tags foldmultilines=false

Environment Variables:
PATH=C:\Program Files\Common Files\Oracle\Java\javapath;C:\Program Files (x86)\Common Files\Oracle\Java\java8path;C:\Program Files (x86)\Common Files\Oracle\Java\javapath;C:\Windows\system32;C:\Windows;C:\Windows\System32\Wbem;C:\Windows\System32\WindowsPowerShell\v1.0\;C:\Windows\System32\OpenSSH\;C:\ProgramData\chocolatey\bin;C:\Program Files\nodejs\;C:\Program Files\Git\cmd;C:\Users\jf406\AppData\Local\Programs\Python\Python313\Scripts\;C:\Users\jf406\AppData\Local\Programs\Python\Python313\;C:\Users\jf406\AppData\Local\Programs\Python\Launcher\;C:\Users\jf406\AppData\Local\Microsoft\WindowsApps;C:\Users\jf406\AppData\Local\Programs\Microsoft VS Code\bin;C:\Users\jf406\AppData\Roaming\npm;C:\Program Files\maven-mvnd-1.0.2-windows-amd64\bin;C:\Program Files\flutter\bin;
USERNAME=jf406
OS=Windows_NT
PROCESSOR_IDENTIFIER=Intel64 Family 6 Model 190 Stepping 0, GenuineIntel
TMP=C:\Users\jf406\AppData\Local\Temp
TEMP=C:\Users\jf406\AppData\Local\Temp




Periodic native trim disabled

---------------  S Y S T E M  ---------------

OS:
 Windows 11 , 64 bit Build 26100 (10.0.26100.6725)
OS uptime: 5 days 8:37 hours
Hyper-V role detected

CPU: total 8 (initial active 8) (8 cores per cpu, 1 threads per core) family 6 model 190 stepping 0 microcode 0x15, cx8, cmov, fxsr, mmx, 3dnowpref, sse, sse2, sse3, ssse3, sse4.1, sse4.2, popcnt, lzcnt, tsc, tscinvbit, avx, avx2, aes, erms, clmul, bmi1, bmi2, adx, sha, fma, vzeroupper, clflush, clflushopt, clwb, hv, serialize, rdtscp, rdpid, fsrm, f16c, cet_ibt, cet_ss
Processor Information for processor 0
  Max Mhz: 1800, Current Mhz: 1500, Mhz Limit: 1800
Processor Information for processor 1
  Max Mhz: 1800, Current Mhz: 1500, Mhz Limit: 1800
Processor Information for processor 2
  Max Mhz: 1800, Current Mhz: 1800, Mhz Limit: 1800
Processor Information for processor 3
  Max Mhz: 1800, Current Mhz: 1500, Mhz Limit: 1800
Processor Information for processor 4
  Max Mhz: 1800, Current Mhz: 1800, Mhz Limit: 1800
Processor Information for processor 5
  Max Mhz: 1800, Current Mhz: 1500, Mhz Limit: 1800
Processor Information for processor 6
  Max Mhz: 1800, Current Mhz: 1500, Mhz Limit: 1800
Processor Information for processor 7
  Max Mhz: 1800, Current Mhz: 1500, Mhz Limit: 1800

Memory: 4k page, system-wide physical 3719M (130M free)
TotalPageFile size 14983M (AvailPageFile size 8M)
current process WorkingSet (physical memory assigned to process): 209M, peak: 211M
current process commit charge ("private bytes"): 325M, peak: 330M

vm_info: OpenJDK 64-Bit Server VM (21.0.8+9-LTS) for windows-amd64 JRE (21.0.8+9-LTS), built on 2025-07-15T00:00:00Z by "admin" with MS VC++ 17.7 (VS2022)

END.
