#
# There is insufficient memory for the Java Runtime Environment to continue.
# Native memory allocation (malloc) failed to allocate 1270656 bytes. Error detail: Chunk::new
# Possible reasons:
#   The system is out of physical RAM or swap space
#   This process is running with CompressedOops enabled, and the Java Heap may be blocking the growth of the native heap
# Possible solutions:
#   Reduce memory load on the system
#   Increase physical memory or swap space
#   Check if swap backing store is full
#   Decrease Java heap size (-Xmx/-Xms)
#   Decrease number of Java threads
#   Decrease Java thread stack sizes (-Xss)
#   Set larger code cache with -XX:ReservedCodeCacheSize=
#   JVM is running with Unscaled Compressed Oops mode in which the Java heap is
#     placed in the first 4GB address space. The Java Heap base address is the
#     maximum limit for the native heap growth. Please use -XX:HeapBaseMinAddress
#     to set the Java Heap base and to place the Java Heap above 4GB virtual address.
# This output file may be truncated or incomplete.
#
#  Out of Memory Error (arena.cpp:168), pid=268, tid=2400
#
# JRE version: OpenJDK Runtime Environment Temurin-21.0.8+9 (21.0.8+9) (build 21.0.8+9-LTS)
# Java VM: OpenJDK 64-Bit Server VM Temurin-21.0.8+9 (21.0.8+9-LTS, mixed mode, sharing, tiered, compressed oops, compressed class ptrs, parallel gc, windows-amd64)
# No core dump will be written. Minidumps are not enabled by default on client versions of Windows
#

---------------  S U M M A R Y ------------

Command Line: --add-modules=ALL-SYSTEM --add-opens=java.base/java.util=ALL-UNNAMED --add-opens=java.base/java.lang=ALL-UNNAMED --add-opens=java.base/sun.nio.fs=ALL-UNNAMED -Declipse.application=org.eclipse.jdt.ls.core.id1 -Dosgi.bundles.defaultStartLevel=4 -Declipse.product=org.eclipse.jdt.ls.core.product -Djava.import.generatesMetadataFilesAtProjectRoot=false -DDetectVMInstallationsJob.disabled=true -Dfile.encoding=utf8 -XX:+UseParallelGC -XX:GCTimeRatio=4 -XX:AdaptiveSizePolicyWeight=90 -Dsun.zip.disableMemoryMapping=true -Xmx2G -Xms100m -Xlog:disable -javaagent:c:\Users\jf406\.vscode\extensions\redhat.java-1.47.0-win32-x64\lombok\lombok-1.18.39-4050.jar -XX:+HeapDumpOnOutOfMemoryError -XX:HeapDumpPath=c:\Users\jf406\AppData\Roaming\Code\User\workspaceStorage\920bcd2a5c4fc57746403fc289813d22\redhat.java -Daether.dependencyCollector.impl=bf c:\Users\jf406\.vscode\extensions\redhat.java-1.47.0-win32-x64\server\plugins\org.eclipse.equinox.launcher_1.7.100.v20251014-1222.jar -configuration c:\Users\jf406\AppData\Roaming\Code\User\globalStorage\redhat.java\1.47.0\config_win -data c:\Users\jf406\AppData\Roaming\Code\User\workspaceStorage\920bcd2a5c4fc57746403fc289813d22\redhat.java\jdt_ws --pipe=\\.\pipe\lsp-2486c36e1d92a7feda6b22ba43273fc4-sock

Host: Intel(R) Core(TM) i3-N305, 8 cores, 3G,  Windows 11 , 64 bit Build 26100 (10.0.26100.6725)
Time: Thu Nov  6 05:59:03 2025 Hora oficial do Brasil elapsed time: 81.333597 seconds (0d 0h 1m 21s)

---------------  T H R E A D  ---------------

Current thread (0x000001cb5db59190):  JavaThread "C2 CompilerThread0" daemon [_thread_in_native, id=2400, stack(0x0000004c0b300000,0x0000004c0b400000) (1024K)]


Current CompileTask:
C2:81333 14658       4       org.eclipse.jdt.internal.compiler.lookup.LookupEnvironment::getTypeFromTypeSignature (770 bytes)

Stack: [0x0000004c0b300000,0x0000004c0b400000]
Native frames: (J=compiled Java code, j=interpreted, Vv=VM code, C=native code)
V  [jvm.dll+0x6d2449]
V  [jvm.dll+0x8ae341]
V  [jvm.dll+0x8b08be]
V  [jvm.dll+0x8b0fa3]
V  [jvm.dll+0x280c96]
V  [jvm.dll+0xc581d]
V  [jvm.dll+0xc5d53]
V  [jvm.dll+0x2f539d]
V  [jvm.dll+0x5fa00a]
V  [jvm.dll+0x252092]
V  [jvm.dll+0x25244f]
V  [jvm.dll+0x24ad14]
V  [jvm.dll+0x2483a4]
V  [jvm.dll+0x1c89ee]
V  [jvm.dll+0x257d4d]
V  [jvm.dll+0x2562ea]
V  [jvm.dll+0x3f2d16]
V  [jvm.dll+0x857e6b]
V  [jvm.dll+0x6d0b0d]
C  [ucrtbase.dll+0x37b0]
C  [KERNEL32.DLL+0x2e8d7]
C  [ntdll.dll+0x8c53c]


---------------  P R O C E S S  ---------------

Threads class SMR info:
_java_thread_list=0x000001cb7e2f13f0, length=72, elements={
0x000001cb5b809090, 0x000001cb5db1c6c0, 0x000001cb5db20000, 0x000001cb5db25ad0,
0x000001cb5db26ad0, 0x000001cb5db2c860, 0x000001cb5db37630, 0x000001cb5db59190,
0x000001cb5db5b4b0, 0x000001cb5dc1dad0, 0x000001cb7a431820, 0x000001cb7a971850,
0x000001cb7aac30c0, 0x000001cb7a8e53f0, 0x000001cb7aae0930, 0x000001cb7ac37790,
0x000001cb7a2e0770, 0x000001cb7ac53120, 0x000001cb7ac52400, 0x000001cb7ac52a90,
0x000001cb7ac537b0, 0x000001cb7ac53e40, 0x000001cb7ac51d70, 0x000001cb7ac544d0,
0x000001cb7ac54b60, 0x000001cb7b725760, 0x000001cb7b726b10, 0x000001cb7b725df0,
0x000001cb7b726480, 0x000001cb7b7271a0, 0x000001cb7b727830, 0x000001cb7b7250d0,
0x000001cb7b728be0, 0x000001cb7b72b340, 0x000001cb7b727ec0, 0x000001cb7b729f90,
0x000001cb7b72a620, 0x000001cb7b72b9d0, 0x000001cb7b728550, 0x000001cb7b729270,
0x000001cb7b72c060, 0x000001cb7b72c6f0, 0x000001cb7b729900, 0x000001cb7c41b410,
0x000001cb7c41baa0, 0x000001cb7c41a6f0, 0x000001cb7c41c7c0, 0x000001cb7c41ef20,
0x000001cb7c41e200, 0x000001cb7c41e890, 0x000001cb7c41d4e0, 0x000001cb7b61dc90,
0x000001cb7b61d600, 0x000001cb7b61fd60, 0x000001cb7b61e320, 0x000001cb7b61e9b0,
0x000001cb7b61f6d0, 0x000001cb7b61f040, 0x000001cb7b6203f0, 0x000001cb7b61cf70,
0x000001cb7b6231e0, 0x000001cb7b6224c0, 0x000001cb7b6217a0, 0x000001cb7b621e30,
0x000001cb7b622b50, 0x000001cb7b623870, 0x000001cb7b623f00, 0x000001cb7b620a80,
0x000001cb7b624590, 0x000001cb7a0ce640, 0x000001cb7a0cf9f0, 0x000001cb7a0cf360
}

Java Threads: ( => current thread )
  0x000001cb5b809090 JavaThread "main"                              [_thread_blocked, id=10100, stack(0x0000004c0a900000,0x0000004c0aa00000) (1024K)]
  0x000001cb5db1c6c0 JavaThread "Reference Handler"          daemon [_thread_blocked, id=20760, stack(0x0000004c0ad00000,0x0000004c0ae00000) (1024K)]
  0x000001cb5db20000 JavaThread "Finalizer"                  daemon [_thread_blocked, id=18600, stack(0x0000004c0ae00000,0x0000004c0af00000) (1024K)]
  0x000001cb5db25ad0 JavaThread "Signal Dispatcher"          daemon [_thread_blocked, id=22808, stack(0x0000004c0af00000,0x0000004c0b000000) (1024K)]
  0x000001cb5db26ad0 JavaThread "Attach Listener"            daemon [_thread_blocked, id=2676, stack(0x0000004c0b000000,0x0000004c0b100000) (1024K)]
  0x000001cb5db2c860 JavaThread "Service Thread"             daemon [_thread_blocked, id=21724, stack(0x0000004c0b100000,0x0000004c0b200000) (1024K)]
  0x000001cb5db37630 JavaThread "Monitor Deflation Thread"   daemon [_thread_blocked, id=15980, stack(0x0000004c0b200000,0x0000004c0b300000) (1024K)]
=>0x000001cb5db59190 JavaThread "C2 CompilerThread0"         daemon [_thread_in_native, id=2400, stack(0x0000004c0b300000,0x0000004c0b400000) (1024K)]
  0x000001cb5db5b4b0 JavaThread "C1 CompilerThread0"         daemon [_thread_blocked, id=9888, stack(0x0000004c0b400000,0x0000004c0b500000) (1024K)]
  0x000001cb5dc1dad0 JavaThread "Common-Cleaner"             daemon [_thread_blocked, id=22396, stack(0x0000004c0b500000,0x0000004c0b600000) (1024K)]
  0x000001cb7a431820 JavaThread "Notification Thread"        daemon [_thread_blocked, id=18008, stack(0x0000004c0b600000,0x0000004c0b700000) (1024K)]
  0x000001cb7a971850 JavaThread "Active Thread: Equinox Container: ac879651-bd8a-4b4b-ac72-e3ef80dc1ae9"        [_thread_blocked, id=23152, stack(0x0000004c0bd00000,0x0000004c0be00000) (1024K)]
  0x000001cb7aac30c0 JavaThread "Refresh Thread: Equinox Container: ac879651-bd8a-4b4b-ac72-e3ef80dc1ae9" daemon [_thread_blocked, id=20996, stack(0x0000004c0be00000,0x0000004c0bf00000) (1024K)]
  0x000001cb7a8e53f0 JavaThread "Framework Event Dispatcher: Equinox Container: ac879651-bd8a-4b4b-ac72-e3ef80dc1ae9" daemon [_thread_blocked, id=22324, stack(0x0000004c0c000000,0x0000004c0c100000) (1024K)]
  0x000001cb7aae0930 JavaThread "Start Level: Equinox Container: ac879651-bd8a-4b4b-ac72-e3ef80dc1ae9" daemon [_thread_blocked, id=5080, stack(0x0000004c0c100000,0x0000004c0c200000) (1024K)]
  0x000001cb7ac37790 JavaThread "Bundle File Closer"         daemon [_thread_blocked, id=4876, stack(0x0000004c0c200000,0x0000004c0c300000) (1024K)]
  0x000001cb7a2e0770 JavaThread "SCR Component Actor"        daemon [_thread_blocked, id=20700, stack(0x0000004c0c300000,0x0000004c0c400000) (1024K)]
  0x000001cb7ac53120 JavaThread "Worker-JM"                         [_thread_blocked, id=21100, stack(0x0000004c0c400000,0x0000004c0c500000) (1024K)]
  0x000001cb7ac52400 JavaThread "JNA Cleaner"                daemon [_thread_blocked, id=22088, stack(0x0000004c0c500000,0x0000004c0c600000) (1024K)]
  0x000001cb7ac52a90 JavaThread "Worker-0"                          [_thread_blocked, id=18148, stack(0x0000004c0c600000,0x0000004c0c700000) (1024K)]
  0x000001cb7ac537b0 JavaThread "Worker-1"                          [_thread_blocked, id=21036, stack(0x0000004c0c700000,0x0000004c0c800000) (1024K)]
  0x000001cb7ac53e40 JavaThread "Worker-2"                          [_thread_blocked, id=23836, stack(0x0000004c0c800000,0x0000004c0c900000) (1024K)]
  0x000001cb7ac51d70 JavaThread "Java indexing"              daemon [_thread_blocked, id=14532, stack(0x0000004c0c900000,0x0000004c0ca00000) (1024K)]
  0x000001cb7ac544d0 JavaThread "Worker-3"                          [_thread_blocked, id=8572, stack(0x0000004c0cc00000,0x0000004c0cd00000) (1024K)]
  0x000001cb7ac54b60 JavaThread "Worker-4"                          [_thread_blocked, id=12212, stack(0x0000004c0cd00000,0x0000004c0ce00000) (1024K)]
  0x000001cb7b725760 JavaThread "Thread-1"                   daemon [_thread_in_native, id=2860, stack(0x0000004c0ce00000,0x0000004c0cf00000) (1024K)]
  0x000001cb7b726b10 JavaThread "Thread-2"                   daemon [_thread_in_native, id=6708, stack(0x0000004c0cf00000,0x0000004c0d000000) (1024K)]
  0x000001cb7b725df0 JavaThread "Thread-3"                   daemon [_thread_in_native, id=21936, stack(0x0000004c0d000000,0x0000004c0d100000) (1024K)]
  0x000001cb7b726480 JavaThread "Thread-4"                   daemon [_thread_in_native, id=19276, stack(0x0000004c0d100000,0x0000004c0d200000) (1024K)]
  0x000001cb7b7271a0 JavaThread "Thread-5"                   daemon [_thread_in_native, id=14544, stack(0x0000004c0d200000,0x0000004c0d300000) (1024K)]
  0x000001cb7b727830 JavaThread "Thread-6"                   daemon [_thread_in_native, id=14608, stack(0x0000004c0d300000,0x0000004c0d400000) (1024K)]
  0x000001cb7b7250d0 JavaThread "Thread-7"                   daemon [_thread_in_native, id=20236, stack(0x0000004c0d400000,0x0000004c0d500000) (1024K)]
  0x000001cb7b728be0 JavaThread "Thread-8"                   daemon [_thread_in_native, id=14784, stack(0x0000004c0d500000,0x0000004c0d600000) (1024K)]
  0x000001cb7b72b340 JavaThread "Thread-9"                   daemon [_thread_in_native, id=7400, stack(0x0000004c0d600000,0x0000004c0d700000) (1024K)]
  0x000001cb7b727ec0 JavaThread "pool-2-thread-1"                   [_thread_blocked, id=18964, stack(0x0000004c0d700000,0x0000004c0d800000) (1024K)]
  0x000001cb7b729f90 JavaThread "WorkspaceEventsHandler"            [_thread_blocked, id=18632, stack(0x0000004c0d800000,0x0000004c0d900000) (1024K)]
  0x000001cb7b72a620 JavaThread "pool-1-thread-1"                   [_thread_blocked, id=25244, stack(0x0000004c0d900000,0x0000004c0da00000) (1024K)]
  0x000001cb7b72b9d0 JavaThread "ForkJoinPool.commonPool-worker-1" daemon [_thread_blocked, id=5084, stack(0x0000004c0dc00000,0x0000004c0dd00000) (1024K)]
  0x000001cb7b728550 JavaThread "ForkJoinPool.commonPool-worker-2" daemon [_thread_blocked, id=19228, stack(0x0000004c0dd00000,0x0000004c0de00000) (1024K)]
  0x000001cb7b729270 JavaThread "ForkJoinPool.commonPool-worker-3" daemon [_thread_blocked, id=22540, stack(0x0000004c0de00000,0x0000004c0df00000) (1024K)]
  0x000001cb7b72c060 JavaThread "ForkJoinPool.commonPool-worker-4" daemon [_thread_blocked, id=25476, stack(0x0000004c0df00000,0x0000004c0e000000) (1024K)]
  0x000001cb7b72c6f0 JavaThread "ForkJoinPool.commonPool-worker-6" daemon [_thread_blocked, id=20272, stack(0x0000004c0e000000,0x0000004c0e100000) (1024K)]
  0x000001cb7b729900 JavaThread "ForkJoinPool.commonPool-worker-5" daemon [_thread_blocked, id=25564, stack(0x0000004c0e100000,0x0000004c0e200000) (1024K)]
  0x000001cb7c41b410 JavaThread "ForkJoinPool.commonPool-worker-7" daemon [_thread_blocked, id=25548, stack(0x0000004c0e200000,0x0000004c0e300000) (1024K)]
  0x000001cb7c41baa0 JavaThread "Worker-5"                          [_thread_blocked, id=4348, stack(0x0000004c0e300000,0x0000004c0e400000) (1024K)]
  0x000001cb7c41a6f0 JavaThread "Worker-6"                          [_thread_blocked, id=6788, stack(0x0000004c0e400000,0x0000004c0e500000) (1024K)]
  0x000001cb7c41c7c0 JavaThread "Compiler Source File Reader" daemon [_thread_blocked, id=15148, stack(0x0000004c0db00000,0x0000004c0dc00000) (1024K)]
  0x000001cb7c41ef20 JavaThread "Compiler Processing Task"   daemon [_thread_blocked, id=17752, stack(0x0000004c0e500000,0x0000004c0e600000) (1024K)]
  0x000001cb7c41e200 JavaThread "Java Debug Server"          daemon [_thread_in_native, id=3224, stack(0x0000004c0e600000,0x0000004c0e700000) (1024K)]
  0x000001cb7c41e890 JavaThread "pool-8-thread-1"                   [_thread_in_native, id=12028, stack(0x0000004c0e700000,0x0000004c0e800000) (1024K)]
  0x000001cb7c41d4e0 JavaThread "RxSchedulerPurge-1"         daemon [_thread_blocked, id=25228, stack(0x0000004c0e800000,0x0000004c0e900000) (1024K)]
  0x000001cb7b61dc90 JavaThread "RxCachedWorkerPoolEvictor-1" daemon [_thread_blocked, id=20392, stack(0x0000004c0e900000,0x0000004c0ea00000) (1024K)]
  0x000001cb7b61d600 JavaThread "LocalFile Deleter"          daemon [_thread_blocked, id=22436, stack(0x0000004c0ea00000,0x0000004c0eb00000) (1024K)]
  0x000001cb7b61fd60 JavaThread "LocalFile Deleter"          daemon [_thread_blocked, id=16776, stack(0x0000004c0eb00000,0x0000004c0ec00000) (1024K)]
  0x000001cb7b61e320 JavaThread "LocalFile Deleter"          daemon [_thread_blocked, id=18040, stack(0x0000004c0ec00000,0x0000004c0ed00000) (1024K)]
  0x000001cb7b61e9b0 JavaThread "LocalFile Deleter"          daemon [_thread_blocked, id=20224, stack(0x0000004c0ed00000,0x0000004c0ee00000) (1024K)]
  0x000001cb7b61f6d0 JavaThread "LocalFile Deleter"          daemon [_thread_blocked, id=9772, stack(0x0000004c0ee00000,0x0000004c0ef00000) (1024K)]
  0x000001cb7b61f040 JavaThread "LocalFile Deleter"          daemon [_thread_blocked, id=14848, stack(0x0000004c0ef00000,0x0000004c0f000000) (1024K)]
  0x000001cb7b6203f0 JavaThread "LocalFile Deleter"          daemon [_thread_blocked, id=19712, stack(0x0000004c0f000000,0x0000004c0f100000) (1024K)]
  0x000001cb7b61cf70 JavaThread "LocalFile Deleter"          daemon [_thread_blocked, id=18108, stack(0x0000004c0f100000,0x0000004c0f200000) (1024K)]
  0x000001cb7b6231e0 JavaThread "RxNewThreadScheduler-1"     daemon [_thread_blocked, id=22604, stack(0x0000004c0f200000,0x0000004c0f300000) (1024K)]
  0x000001cb7b6224c0 JavaThread "Compiler Source File Reader" daemon [_thread_blocked, id=11052, stack(0x0000004c0f400000,0x0000004c0f500000) (1024K)]
  0x000001cb7b6217a0 JavaThread "Compiler Source File Reader" daemon [_thread_blocked, id=23948, stack(0x0000004c0f500000,0x0000004c0f600000) (1024K)]
  0x000001cb7b621e30 JavaThread "Compiler Source File Reader" daemon [_thread_blocked, id=15596, stack(0x0000004c0f600000,0x0000004c0f700000) (1024K)]
  0x000001cb7b622b50 JavaThread "Compiler Source File Reader" daemon [_thread_blocked, id=24964, stack(0x0000004c0f700000,0x0000004c0f800000) (1024K)]
  0x000001cb7b623870 JavaThread "Compiler Source File Reader" daemon [_thread_blocked, id=2260, stack(0x0000004c0f800000,0x0000004c0f900000) (1024K)]
  0x000001cb7b623f00 JavaThread "Compiler Class File Writer" daemon [_thread_blocked, id=18076, stack(0x0000004c0f900000,0x0000004c0fa00000) (1024K)]
  0x000001cb7b620a80 JavaThread "Compiler Class File Writer" daemon [_thread_blocked, id=4508, stack(0x0000004c0fa00000,0x0000004c0fb00000) (1024K)]
  0x000001cb7b624590 JavaThread "Compiler Class File Writer" daemon [_thread_blocked, id=14820, stack(0x0000004c0fb00000,0x0000004c0fc00000) (1024K)]
  0x000001cb7a0ce640 JavaThread "Compiler Class File Writer" daemon [_thread_blocked, id=17464, stack(0x0000004c0fc00000,0x0000004c0fd00000) (1024K)]
  0x000001cb7a0cf9f0 JavaThread "Compiler Class File Writer" daemon [_thread_blocked, id=20792, stack(0x0000004c0fd00000,0x0000004c0fe00000) (1024K)]
  0x000001cb7a0cf360 JavaThread "Compiler Class File Writer" daemon [_thread_blocked, id=22752, stack(0x0000004c0fe00000,0x0000004c0ff00000) (1024K)]
Total: 72

Other Threads:
  0x000001cb5db027a0 VMThread "VM Thread"                           [id=18348, stack(0x0000004c0ac00000,0x0000004c0ad00000) (1024K)]
  0x000001cb5da3ca00 WatcherThread "VM Periodic Task Thread"        [id=25404, stack(0x0000004c0ab00000,0x0000004c0ac00000) (1024K)]
  0x000001cb5dbcf170 WorkerThread "GC Thread#0"                     [id=22412, stack(0x0000004c0aa00000,0x0000004c0ab00000) (1024K)]
  0x000001cb7a4d9360 WorkerThread "GC Thread#1"                     [id=9472, stack(0x0000004c0b700000,0x0000004c0b800000) (1024K)]
  0x000001cb7a4d2f30 WorkerThread "GC Thread#2"                     [id=5980, stack(0x0000004c0b800000,0x0000004c0b900000) (1024K)]
  0x000001cb7a4d9700 WorkerThread "GC Thread#3"                     [id=24144, stack(0x0000004c0b900000,0x0000004c0ba00000) (1024K)]
  0x000001cb7a4d9aa0 WorkerThread "GC Thread#4"                     [id=2804, stack(0x0000004c0ba00000,0x0000004c0bb00000) (1024K)]
  0x000001cb7a440b00 WorkerThread "GC Thread#5"                     [id=24088, stack(0x0000004c0bb00000,0x0000004c0bc00000) (1024K)]
  0x000001cb7a440ea0 WorkerThread "GC Thread#6"                     [id=25224, stack(0x0000004c0bc00000,0x0000004c0bd00000) (1024K)]
  0x000001cb7aa6bc60 WorkerThread "GC Thread#7"                     [id=13400, stack(0x0000004c0bf00000,0x0000004c0c000000) (1024K)]
Total: 10

Threads with active compile tasks:
C2 CompilerThread0  81402 14658       4       org.eclipse.jdt.internal.compiler.lookup.LookupEnvironment::getTypeFromTypeSignature (770 bytes)
Total: 1

VM state: not at safepoint (normal execution)

VM Mutex/Monitor currently owned by a thread: None

Heap address: 0x0000000080000000, size: 2048 MB, Compressed Oops mode: 32-bit

CDS archive(s) mapped at: [0x000001cb00000000-0x000001cb00ba0000-0x000001cb00ba0000), size 12189696, SharedBaseAddress: 0x000001cb00000000, ArchiveRelocationMode: 1.
Compressed class space mapped at: 0x000001cb01000000-0x000001cb41000000, reserved size: 1073741824
Narrow klass base: 0x000001cb00000000, Narrow klass shift: 0, Narrow klass range: 0x100000000

GC Precious Log:
 CardTable entry size: 512
 CPUs: 8 total, 8 available
 Memory: 3719M
 Large Page Support: Disabled
 NUMA Support: Disabled
 Compressed Oops: Enabled (32-bit)
 Alignments: Space 512K, Generation 512K, Heap 2M
 Heap Min Capacity: 100M
 Heap Initial Capacity: 100M
 Heap Max Capacity: 2G
 Pre-touch: Disabled
 Parallel Workers: 8

Heap:
 PSYoungGen      total 4608K, used 3664K [0x00000000d5580000, 0x00000000d5f00000, 0x0000000100000000)
  eden space 4096K, 78% used [0x00000000d5580000,0x00000000d58a4070,0x00000000d5980000)
  from space 512K, 87% used [0x00000000d5a80000,0x00000000d5af0000,0x00000000d5b00000)
  to   space 1536K, 0% used [0x00000000d5d80000,0x00000000d5d80000,0x00000000d5f00000)
 ParOldGen       total 260608K, used 260241K [0x0000000080000000, 0x000000008fe80000, 0x00000000d5580000)
  object space 260608K, 99% used [0x0000000080000000,0x000000008fe24668,0x000000008fe80000)
 Metaspace       used 77546K, committed 79296K, reserved 1179648K
  class space    used 8258K, committed 8960K, reserved 1048576K

Card table byte_map: [0x000001cb5d550000,0x000001cb5d960000] _byte_map_base: 0x000001cb5d150000

Marking Bits: (ParMarkBitMap*) 0x00007ff9dda7a340
 Begin Bits: [0x000001cb70050000, 0x000001cb72050000)
 End Bits:   [0x000001cb72050000, 0x000001cb74050000)

Polling page: 0x000001cb5b7c0000

Metaspace:

Usage:
  Non-class:     67.66 MB used.
      Class:      8.06 MB used.
       Both:     75.73 MB used.

Virtual space:
  Non-class space:      128.00 MB reserved,      68.69 MB ( 54%) committed,  2 nodes.
      Class space:        1.00 GB reserved,       8.75 MB ( <1%) committed,  1 nodes.
             Both:        1.12 GB reserved,      77.44 MB (  7%) committed. 

Chunk freelists:
   Non-Class:  11.09 MB
       Class:  7.16 MB
        Both:  18.25 MB

MaxMetaspaceSize: unlimited
CompressedClassSpaceSize: 1.00 GB
Initial GC threshold: 21.00 MB
Current GC threshold: 97.31 MB
CDS: on
 - commit_granule_bytes: 65536.
 - commit_granule_words: 8192.
 - virtual_space_node_default_size: 8388608.
 - enlarge_chunks_in_place: 1.
 - use_allocation_guard: 0.


Internal statistics:

num_allocs_failed_limit: 9.
num_arena_births: 1374.
num_arena_deaths: 14.
num_vsnodes_births: 3.
num_vsnodes_deaths: 0.
num_space_committed: 1239.
num_space_uncommitted: 0.
num_chunks_returned_to_freelist: 23.
num_chunks_taken_from_freelist: 4956.
num_chunk_merges: 13.
num_chunk_splits: 2997.
num_chunks_enlarged: 1646.
num_inconsistent_stats: 0.

CodeHeap 'non-profiled nmethods': size=120000Kb used=8515Kb max_used=8515Kb free=111485Kb
 bounds [0x000001cb68870000, 0x000001cb690d0000, 0x000001cb6fda0000]
CodeHeap 'profiled nmethods': size=120000Kb used=31960Kb max_used=31960Kb free=88040Kb
 bounds [0x000001cb60da0000, 0x000001cb62ce0000, 0x000001cb682d0000]
CodeHeap 'non-nmethods': size=5760Kb used=1499Kb max_used=1578Kb free=4260Kb
 bounds [0x000001cb682d0000, 0x000001cb68540000, 0x000001cb68870000]
CodeCache: size=245760Kb, used=41974Kb, max_used=42053Kb, free=203785Kb
 total_blobs=14718, nmethods=13899, adapters=724, full_count=0
Compilation: enabled, stopped_count=0, restarted_count=0

Compilation events (20 events):
Event: 80.129 Thread 0x000001cb5db5b4b0 14720       3       java.util.concurrent.ScheduledThreadPoolExecutor::canRunInCurrentRunState (61 bytes)
Event: 80.131 Thread 0x000001cb5db5b4b0 nmethod 14720 0x000001cb62cd3510 code [0x000001cb62cd3720, 0x000001cb62cd3ed0]
Event: 80.131 Thread 0x000001cb5db5b4b0 14722       1       java.util.concurrent.ThreadPoolExecutor::getQueue (5 bytes)
Event: 80.131 Thread 0x000001cb5db5b4b0 nmethod 14722 0x000001cb690c0010 code [0x000001cb690c01a0, 0x000001cb690c0268]
Event: 80.131 Thread 0x000001cb5db5b4b0 14719       1       com.sun.org.apache.xerces.internal.impl.validation.ValidationState::setUsingNamespaces (6 bytes)
Event: 80.131 Thread 0x000001cb5db5b4b0 nmethod 14719 0x000001cb690c0310 code [0x000001cb690c04a0, 0x000001cb690c0570]
Event: 80.167 Thread 0x000001cb5db5b4b0 14726       3       org.eclipse.core.internal.dtree.NodeComparison::isUnchanged (11 bytes)
Event: 80.167 Thread 0x000001cb5db5b4b0 nmethod 14726 0x000001cb62cd4110 code [0x000001cb62cd42c0, 0x000001cb62cd4430]
Event: 80.167 Thread 0x000001cb5db5b4b0 14727       1       org.eclipse.lsp4j.ClientCapabilities::getWindow (5 bytes)
Event: 80.168 Thread 0x000001cb5db5b4b0 nmethod 14727 0x000001cb690c0610 code [0x000001cb690c07a0, 0x000001cb690c0868]
Event: 80.174 Thread 0x000001cb5db5b4b0 14728       3       org.eclipse.osgi.internal.log.EquinoxLogWriter::appendPaddedInt (76 bytes)
Event: 80.175 Thread 0x000001cb5db5b4b0 nmethod 14728 0x000001cb62cd4510 code [0x000001cb62cd4780, 0x000001cb62cd4db0]
Event: 80.180 Thread 0x000001cb5db5b4b0 14729       3       java.util.Collections$EmptyList::forEach (6 bytes)
Event: 80.181 Thread 0x000001cb5db5b4b0 nmethod 14729 0x000001cb62cd5090 code [0x000001cb62cd5240, 0x000001cb62cd54a0]
Event: 80.185 Thread 0x000001cb5db5b4b0 14730       1       org.eclipse.core.internal.jobs.InternalJob::getName (5 bytes)
Event: 80.185 Thread 0x000001cb5db5b4b0 nmethod 14730 0x000001cb690c0910 code [0x000001cb690c0aa0, 0x000001cb690c0b68]
Event: 80.185 Thread 0x000001cb5db5b4b0 14731       3       com.google.gson.internal.bind.TypeAdapters$15::write (10 bytes)
Event: 80.186 Thread 0x000001cb5db5b4b0 nmethod 14731 0x000001cb62cd5590 code [0x000001cb62cd5760, 0x000001cb62cd5a88]
Event: 80.186 Thread 0x000001cb5db5b4b0 14732       3       com.google.gson.internal.bind.TypeAdapters$15::write (7 bytes)
Event: 80.186 Thread 0x000001cb5db5b4b0 nmethod 14732 0x000001cb62cd5b90 code [0x000001cb62cd5d40, 0x000001cb62cd5f20]

GC Heap History (20 events):
Event: 75.780 GC heap before
{Heap before GC invocations=257 (full 3):
 PSYoungGen      total 6656K, used 4784K [0x00000000d5580000, 0x00000000d5f00000, 0x0000000100000000)
  eden space 4096K, 100% used [0x00000000d5580000,0x00000000d5980000,0x00000000d5980000)
  from space 2560K, 26% used [0x00000000d5b00000,0x00000000d5bac090,0x00000000d5d80000)
  to   space 1536K, 0% used [0x00000000d5d80000,0x00000000d5d80000,0x00000000d5f00000)
 ParOldGen       total 251904K, used 251762K [0x0000000080000000, 0x000000008f600000, 0x00000000d5580000)
  object space 251904K, 99% used [0x0000000080000000,0x000000008f5dc8f8,0x000000008f600000)
 Metaspace       used 76222K, committed 77888K, reserved 1179648K
  class space    used 8206K, committed 8896K, reserved 1048576K
}
Event: 75.782 GC heap after
{Heap after GC invocations=257 (full 3):
 PSYoungGen      total 4608K, used 480K [0x00000000d5580000, 0x00000000d5e00000, 0x0000000100000000)
  eden space 4096K, 0% used [0x00000000d5580000,0x00000000d5580000,0x00000000d5980000)
  from space 512K, 93% used [0x00000000d5d80000,0x00000000d5df8000,0x00000000d5e00000)
  to   space 1024K, 0% used [0x00000000d5c00000,0x00000000d5c00000,0x00000000d5d00000)
 ParOldGen       total 252416K, used 252130K [0x0000000080000000, 0x000000008f680000, 0x00000000d5580000)
  object space 252416K, 99% used [0x0000000080000000,0x000000008f6388f8,0x000000008f680000)
 Metaspace       used 76222K, committed 77888K, reserved 1179648K
  class space    used 8206K, committed 8896K, reserved 1048576K
}
Event: 75.884 GC heap before
{Heap before GC invocations=258 (full 3):
 PSYoungGen      total 4608K, used 4576K [0x00000000d5580000, 0x00000000d5e00000, 0x0000000100000000)
  eden space 4096K, 100% used [0x00000000d5580000,0x00000000d5980000,0x00000000d5980000)
  from space 512K, 93% used [0x00000000d5d80000,0x00000000d5df8000,0x00000000d5e00000)
  to   space 1024K, 0% used [0x00000000d5c00000,0x00000000d5c00000,0x00000000d5d00000)
 ParOldGen       total 252416K, used 252130K [0x0000000080000000, 0x000000008f680000, 0x00000000d5580000)
  object space 252416K, 99% used [0x0000000080000000,0x000000008f6388f8,0x000000008f680000)
 Metaspace       used 76284K, committed 77952K, reserved 1179648K
  class space    used 8206K, committed 8896K, reserved 1048576K
}
Event: 75.886 GC heap after
{Heap after GC invocations=258 (full 3):
 PSYoungGen      total 5120K, used 998K [0x00000000d5580000, 0x00000000d5e00000, 0x0000000100000000)
  eden space 4096K, 0% used [0x00000000d5580000,0x00000000d5580000,0x00000000d5980000)
  from space 1024K, 97% used [0x00000000d5c00000,0x00000000d5cf9ba8,0x00000000d5d00000)
  to   space 1024K, 0% used [0x00000000d5d00000,0x00000000d5d00000,0x00000000d5e00000)
 ParOldGen       total 252928K, used 252448K [0x0000000080000000, 0x000000008f700000, 0x00000000d5580000)
  object space 252928K, 99% used [0x0000000080000000,0x000000008f6882a8,0x000000008f700000)
 Metaspace       used 76284K, committed 77952K, reserved 1179648K
  class space    used 8206K, committed 8896K, reserved 1048576K
}
Event: 76.026 GC heap before
{Heap before GC invocations=259 (full 3):
 PSYoungGen      total 5120K, used 5085K [0x00000000d5580000, 0x00000000d5e00000, 0x0000000100000000)
  eden space 4096K, 99% used [0x00000000d5580000,0x00000000d597d9f8,0x00000000d5980000)
  from space 1024K, 97% used [0x00000000d5c00000,0x00000000d5cf9ba8,0x00000000d5d00000)
  to   space 1024K, 0% used [0x00000000d5d00000,0x00000000d5d00000,0x00000000d5e00000)
 ParOldGen       total 252928K, used 252448K [0x0000000080000000, 0x000000008f700000, 0x00000000d5580000)
  object space 252928K, 99% used [0x0000000080000000,0x000000008f6882a8,0x000000008f700000)
 Metaspace       used 76382K, committed 78080K, reserved 1179648K
  class space    used 8212K, committed 8896K, reserved 1048576K
}
Event: 76.029 GC heap after
{Heap after GC invocations=259 (full 3):
 PSYoungGen      total 5120K, used 1012K [0x00000000d5580000, 0x00000000d5e00000, 0x0000000100000000)
  eden space 4096K, 0% used [0x00000000d5580000,0x00000000d5580000,0x00000000d5980000)
  from space 1024K, 98% used [0x00000000d5d00000,0x00000000d5dfd238,0x00000000d5e00000)
  to   space 2048K, 0% used [0x00000000d5a00000,0x00000000d5a00000,0x00000000d5c00000)
 ParOldGen       total 253440K, used 252995K [0x0000000080000000, 0x000000008f780000, 0x00000000d5580000)
  object space 253440K, 99% used [0x0000000080000000,0x000000008f710f78,0x000000008f780000)
 Metaspace       used 76382K, committed 78080K, reserved 1179648K
  class space    used 8212K, committed 8896K, reserved 1048576K
}
Event: 76.254 GC heap before
{Heap before GC invocations=260 (full 3):
 PSYoungGen      total 5120K, used 5107K [0x00000000d5580000, 0x00000000d5e00000, 0x0000000100000000)
  eden space 4096K, 99% used [0x00000000d5580000,0x00000000d597fcf8,0x00000000d5980000)
  from space 1024K, 98% used [0x00000000d5d00000,0x00000000d5dfd238,0x00000000d5e00000)
  to   space 2048K, 0% used [0x00000000d5a00000,0x00000000d5a00000,0x00000000d5c00000)
 ParOldGen       total 253440K, used 252995K [0x0000000080000000, 0x000000008f780000, 0x00000000d5580000)
  object space 253440K, 99% used [0x0000000080000000,0x000000008f710f78,0x000000008f780000)
 Metaspace       used 76550K, committed 78208K, reserved 1179648K
  class space    used 8221K, committed 8896K, reserved 1048576K
}
Event: 76.258 GC heap after
{Heap after GC invocations=260 (full 3):
 PSYoungGen      total 6144K, used 961K [0x00000000d5580000, 0x00000000d5d80000, 0x0000000100000000)
  eden space 4096K, 0% used [0x00000000d5580000,0x00000000d5580000,0x00000000d5980000)
  from space 2048K, 46% used [0x00000000d5a00000,0x00000000d5af0410,0x00000000d5c00000)
  to   space 1536K, 0% used [0x00000000d5c00000,0x00000000d5c00000,0x00000000d5d80000)
 ParOldGen       total 253952K, used 253848K [0x0000000080000000, 0x000000008f800000, 0x00000000d5580000)
  object space 253952K, 99% used [0x0000000080000000,0x000000008f7e6078,0x000000008f800000)
 Metaspace       used 76550K, committed 78208K, reserved 1179648K
  class space    used 8221K, committed 8896K, reserved 1048576K
}
Event: 76.578 GC heap before
{Heap before GC invocations=261 (full 3):
 PSYoungGen      total 6144K, used 5057K [0x00000000d5580000, 0x00000000d5d80000, 0x0000000100000000)
  eden space 4096K, 100% used [0x00000000d5580000,0x00000000d5980000,0x00000000d5980000)
  from space 2048K, 46% used [0x00000000d5a00000,0x00000000d5af0410,0x00000000d5c00000)
  to   space 1536K, 0% used [0x00000000d5c00000,0x00000000d5c00000,0x00000000d5d80000)
 ParOldGen       total 253952K, used 253848K [0x0000000080000000, 0x000000008f800000, 0x00000000d5580000)
  object space 253952K, 99% used [0x0000000080000000,0x000000008f7e6078,0x000000008f800000)
 Metaspace       used 76836K, committed 78464K, reserved 1179648K
  class space    used 8232K, committed 8896K, reserved 1048576K
}
Event: 76.581 GC heap after
{Heap after GC invocations=261 (full 3):
 PSYoungGen      total 5120K, used 896K [0x00000000d5580000, 0x00000000d5d00000, 0x0000000100000000)
  eden space 4096K, 0% used [0x00000000d5580000,0x00000000d5580000,0x00000000d5980000)
  from space 1024K, 87% used [0x00000000d5c00000,0x00000000d5ce0038,0x00000000d5d00000)
  to   space 1024K, 0% used [0x00000000d5b00000,0x00000000d5b00000,0x00000000d5c00000)
 ParOldGen       total 254976K, used 254555K [0x0000000080000000, 0x000000008f900000, 0x00000000d5580000)
  object space 254976K, 99% used [0x0000000080000000,0x000000008f896c58,0x000000008f900000)
 Metaspace       used 76836K, committed 78464K, reserved 1179648K
  class space    used 8232K, committed 8896K, reserved 1048576K
}
Event: 76.792 GC heap before
{Heap before GC invocations=262 (full 3):
 PSYoungGen      total 5120K, used 4992K [0x00000000d5580000, 0x00000000d5d00000, 0x0000000100000000)
  eden space 4096K, 100% used [0x00000000d5580000,0x00000000d5980000,0x00000000d5980000)
  from space 1024K, 87% used [0x00000000d5c00000,0x00000000d5ce0038,0x00000000d5d00000)
  to   space 1024K, 0% used [0x00000000d5b00000,0x00000000d5b00000,0x00000000d5c00000)
 ParOldGen       total 254976K, used 254555K [0x0000000080000000, 0x000000008f900000, 0x00000000d5580000)
  object space 254976K, 99% used [0x0000000080000000,0x000000008f896c58,0x000000008f900000)
 Metaspace       used 77036K, committed 78656K, reserved 1179648K
  class space    used 8233K, committed 8896K, reserved 1048576K
}
Event: 76.800 GC heap after
{Heap after GC invocations=262 (full 3):
 PSYoungGen      total 5120K, used 689K [0x00000000d5580000, 0x00000000d5c80000, 0x0000000100000000)
  eden space 4096K, 0% used [0x00000000d5580000,0x00000000d5580000,0x00000000d5980000)
  from space 1024K, 67% used [0x00000000d5b00000,0x00000000d5bac6f0,0x00000000d5c00000)
  to   space 512K, 0% used [0x00000000d5c00000,0x00000000d5c00000,0x00000000d5c80000)
 ParOldGen       total 255488K, used 255286K [0x0000000080000000, 0x000000008f980000, 0x00000000d5580000)
  object space 255488K, 99% used [0x0000000080000000,0x000000008f94dad8,0x000000008f980000)
 Metaspace       used 77036K, committed 78656K, reserved 1179648K
  class space    used 8233K, committed 8896K, reserved 1048576K
}
Event: 77.310 GC heap before
{Heap before GC invocations=263 (full 3):
 PSYoungGen      total 5120K, used 4785K [0x00000000d5580000, 0x00000000d5c80000, 0x0000000100000000)
  eden space 4096K, 100% used [0x00000000d5580000,0x00000000d5980000,0x00000000d5980000)
  from space 1024K, 67% used [0x00000000d5b00000,0x00000000d5bac6f0,0x00000000d5c00000)
  to   space 512K, 0% used [0x00000000d5c00000,0x00000000d5c00000,0x00000000d5c80000)
 ParOldGen       total 255488K, used 255286K [0x0000000080000000, 0x000000008f980000, 0x00000000d5580000)
  object space 255488K, 99% used [0x0000000080000000,0x000000008f94dad8,0x000000008f980000)
 Metaspace       used 77219K, committed 78848K, reserved 1179648K
  class space    used 8235K, committed 8896K, reserved 1048576K
}
Event: 77.315 GC heap after
{Heap after GC invocations=263 (full 3):
 PSYoungGen      total 4608K, used 512K [0x00000000d5580000, 0x00000000d5c80000, 0x0000000100000000)
  eden space 4096K, 0% used [0x00000000d5580000,0x00000000d5580000,0x00000000d5980000)
  from space 512K, 100% used [0x00000000d5c00000,0x00000000d5c80000,0x00000000d5c80000)
  to   space 1536K, 0% used [0x00000000d5980000,0x00000000d5980000,0x00000000d5b00000)
 ParOldGen       total 256000K, used 255877K [0x0000000080000000, 0x000000008fa00000, 0x00000000d5580000)
  object space 256000K, 99% used [0x0000000080000000,0x000000008f9e1510,0x000000008fa00000)
 Metaspace       used 77219K, committed 78848K, reserved 1179648K
  class space    used 8235K, committed 8896K, reserved 1048576K
}
Event: 77.574 GC heap before
{Heap before GC invocations=264 (full 3):
 PSYoungGen      total 4608K, used 4511K [0x00000000d5580000, 0x00000000d5c80000, 0x0000000100000000)
  eden space 4096K, 97% used [0x00000000d5580000,0x00000000d5967f30,0x00000000d5980000)
  from space 512K, 100% used [0x00000000d5c00000,0x00000000d5c80000,0x00000000d5c80000)
  to   space 1536K, 0% used [0x00000000d5980000,0x00000000d5980000,0x00000000d5b00000)
 ParOldGen       total 256000K, used 255877K [0x0000000080000000, 0x000000008fa00000, 0x00000000d5580000)
  object space 256000K, 99% used [0x0000000080000000,0x000000008f9e1510,0x000000008fa00000)
 Metaspace       used 77307K, committed 78976K, reserved 1179648K
  class space    used 8239K, committed 8896K, reserved 1048576K
}
Event: 77.593 GC heap after
{Heap after GC invocations=264 (full 3):
 PSYoungGen      total 5632K, used 1529K [0x00000000d5580000, 0x00000000d6380000, 0x0000000100000000)
  eden space 4096K, 0% used [0x00000000d5580000,0x00000000d5580000,0x00000000d5980000)
  from space 1536K, 99% used [0x00000000d5980000,0x00000000d5afe680,0x00000000d5b00000)
  to   space 5120K, 0% used [0x00000000d5e80000,0x00000000d5e80000,0x00000000d6380000)
 ParOldGen       total 258560K, used 258435K [0x0000000080000000, 0x000000008fc80000, 0x00000000d5580000)
  object space 258560K, 99% used [0x0000000080000000,0x000000008fc60d58,0x000000008fc80000)
 Metaspace       used 77307K, committed 78976K, reserved 1179648K
  class space    used 8239K, committed 8896K, reserved 1048576K
}
Event: 78.024 GC heap before
{Heap before GC invocations=265 (full 3):
 PSYoungGen      total 5632K, used 5625K [0x00000000d5580000, 0x00000000d6380000, 0x0000000100000000)
  eden space 4096K, 100% used [0x00000000d5580000,0x00000000d5980000,0x00000000d5980000)
  from space 1536K, 99% used [0x00000000d5980000,0x00000000d5afe680,0x00000000d5b00000)
  to   space 5120K, 0% used [0x00000000d5e80000,0x00000000d5e80000,0x00000000d6380000)
 ParOldGen       total 258560K, used 258435K [0x0000000080000000, 0x000000008fc80000, 0x00000000d5580000)
  object space 258560K, 99% used [0x0000000080000000,0x000000008fc60d58,0x000000008fc80000)
 Metaspace       used 77397K, committed 79040K, reserved 1179648K
  class space    used 8247K, committed 8896K, reserved 1048576K
}
Event: 78.029 GC heap after
{Heap after GC invocations=265 (full 3):
 PSYoungGen      total 7168K, used 2990K [0x00000000d5580000, 0x00000000d6180000, 0x0000000100000000)
  eden space 4096K, 0% used [0x00000000d5580000,0x00000000d5580000,0x00000000d5980000)
  from space 3072K, 97% used [0x00000000d5e80000,0x00000000d616b880,0x00000000d6180000)
  to   space 3584K, 0% used [0x00000000d5a80000,0x00000000d5a80000,0x00000000d5e00000)
 ParOldGen       total 260096K, used 259881K [0x0000000080000000, 0x000000008fe00000, 0x00000000d5580000)
  object space 260096K, 99% used [0x0000000080000000,0x000000008fdca668,0x000000008fe00000)
 Metaspace       used 77397K, committed 79040K, reserved 1179648K
  class space    used 8247K, committed 8896K, reserved 1048576K
}
Event: 78.568 GC heap before
{Heap before GC invocations=266 (full 3):
 PSYoungGen      total 7168K, used 7086K [0x00000000d5580000, 0x00000000d6180000, 0x0000000100000000)
  eden space 4096K, 100% used [0x00000000d5580000,0x00000000d5980000,0x00000000d5980000)
  from space 3072K, 97% used [0x00000000d5e80000,0x00000000d616b880,0x00000000d6180000)
  to   space 3584K, 0% used [0x00000000d5a80000,0x00000000d5a80000,0x00000000d5e00000)
 ParOldGen       total 260096K, used 259881K [0x0000000080000000, 0x000000008fe00000, 0x00000000d5580000)
  object space 260096K, 99% used [0x0000000080000000,0x000000008fdca668,0x000000008fe00000)
 Metaspace       used 77522K, committed 79232K, reserved 1179648K
  class space    used 8256K, committed 8960K, reserved 1048576K
}
Event: 78.572 GC heap after
{Heap after GC invocations=266 (full 3):
 PSYoungGen      total 4608K, used 448K [0x00000000d5580000, 0x00000000d5f00000, 0x0000000100000000)
  eden space 4096K, 0% used [0x00000000d5580000,0x00000000d5580000,0x00000000d5980000)
  from space 512K, 87% used [0x00000000d5a80000,0x00000000d5af0000,0x00000000d5b00000)
  to   space 1536K, 0% used [0x00000000d5d80000,0x00000000d5d80000,0x00000000d5f00000)
 ParOldGen       total 260608K, used 260241K [0x0000000080000000, 0x000000008fe80000, 0x00000000d5580000)
  object space 260608K, 99% used [0x0000000080000000,0x000000008fe24668,0x000000008fe80000)
 Metaspace       used 77522K, committed 79232K, reserved 1179648K
  class space    used 8256K, committed 8960K, reserved 1048576K
}

Dll operation events (12 events):
Event: 0.032 Loaded shared library c:\Users\jf406\.vscode\extensions\redhat.java-1.47.0-win32-x64\jre\21.0.8-win32-x86_64\bin\java.dll
Event: 0.178 Loaded shared library c:\Users\jf406\.vscode\extensions\redhat.java-1.47.0-win32-x64\jre\21.0.8-win32-x86_64\bin\zip.dll
Event: 0.214 Loaded shared library C:\Users\jf406\.vscode\extensions\redhat.java-1.47.0-win32-x64\jre\21.0.8-win32-x86_64\bin\instrument.dll
Event: 0.225 Loaded shared library C:\Users\jf406\.vscode\extensions\redhat.java-1.47.0-win32-x64\jre\21.0.8-win32-x86_64\bin\net.dll
Event: 0.229 Loaded shared library C:\Users\jf406\.vscode\extensions\redhat.java-1.47.0-win32-x64\jre\21.0.8-win32-x86_64\bin\nio.dll
Event: 0.236 Loaded shared library C:\Users\jf406\.vscode\extensions\redhat.java-1.47.0-win32-x64\jre\21.0.8-win32-x86_64\bin\zip.dll
Event: 0.266 Loaded shared library C:\Users\jf406\.vscode\extensions\redhat.java-1.47.0-win32-x64\jre\21.0.8-win32-x86_64\bin\jimage.dll
Event: 0.444 Loaded shared library c:\Users\jf406\.vscode\extensions\redhat.java-1.47.0-win32-x64\jre\21.0.8-win32-x86_64\bin\verify.dll
Event: 11.188 Loaded shared library C:\Users\jf406\AppData\Roaming\Code\User\globalStorage\redhat.java\1.47.0\config_win\org.eclipse.equinox.launcher\org.eclipse.equinox.launcher.win32.win32.x86_64_1.2.1400.v20250801-0854\eclipse_11916.dll
Event: 36.230 Loaded shared library C:\Users\jf406\AppData\Local\Temp\jna-100983422\jna7219585783076867837.dll
Event: 39.768 Loaded shared library C:\Users\jf406\.vscode\extensions\redhat.java-1.47.0-win32-x64\jre\21.0.8-win32-x86_64\bin\sunmscapi.dll
Event: 40.082 Loaded shared library C:\Users\jf406\.vscode\extensions\redhat.java-1.47.0-win32-x64\jre\21.0.8-win32-x86_64\bin\extnet.dll

Deoptimization events (20 events):
Event: 78.010 Thread 0x000001cb7ac537b0 DEOPT PACKING pc=0x000001cb68fb0798 sp=0x0000004c0c7fde00
Event: 78.010 Thread 0x000001cb7ac537b0 DEOPT UNPACKING pc=0x000001cb68323aa2 sp=0x0000004c0c7fddf0 mode 2
Event: 78.014 Thread 0x000001cb7ac537b0 Uncommon trap: trap_request=0xffffffc6 fr.pc=0x000001cb69075c84 relative=0x0000000000000604
Event: 78.014 Thread 0x000001cb7ac537b0 Uncommon trap: reason=bimorphic_or_optimized_type_check action=maybe_recompile pc=0x000001cb69075c84 method=org.eclipse.jdt.internal.core.builder.ClasspathLocation.findClass([CLjava/lang/String;Ljava/lang/String;Ljava/lang/String;ZLjava/util/function/Pred
Event: 78.014 Thread 0x000001cb7ac537b0 DEOPT PACKING pc=0x000001cb69075c84 sp=0x0000004c0c7fde00
Event: 78.014 Thread 0x000001cb7ac537b0 DEOPT UNPACKING pc=0x000001cb68323aa2 sp=0x0000004c0c7fdd90 mode 2
Event: 78.014 Thread 0x000001cb7ac537b0 Uncommon trap: trap_request=0xffffffc6 fr.pc=0x000001cb69075c84 relative=0x0000000000000604
Event: 78.014 Thread 0x000001cb7ac537b0 Uncommon trap: reason=bimorphic_or_optimized_type_check action=maybe_recompile pc=0x000001cb69075c84 method=org.eclipse.jdt.internal.core.builder.ClasspathLocation.findClass([CLjava/lang/String;Ljava/lang/String;Ljava/lang/String;ZLjava/util/function/Pred
Event: 78.014 Thread 0x000001cb7ac537b0 DEOPT PACKING pc=0x000001cb69075c84 sp=0x0000004c0c7fde00
Event: 78.014 Thread 0x000001cb7ac537b0 DEOPT UNPACKING pc=0x000001cb68323aa2 sp=0x0000004c0c7fdd90 mode 2
Event: 78.014 Thread 0x000001cb7ac537b0 Uncommon trap: trap_request=0xffffffc6 fr.pc=0x000001cb69075c84 relative=0x0000000000000604
Event: 78.014 Thread 0x000001cb7ac537b0 Uncommon trap: reason=bimorphic_or_optimized_type_check action=maybe_recompile pc=0x000001cb69075c84 method=org.eclipse.jdt.internal.core.builder.ClasspathLocation.findClass([CLjava/lang/String;Ljava/lang/String;Ljava/lang/String;ZLjava/util/function/Pred
Event: 78.014 Thread 0x000001cb7ac537b0 DEOPT PACKING pc=0x000001cb69075c84 sp=0x0000004c0c7fde00
Event: 78.014 Thread 0x000001cb7ac537b0 DEOPT UNPACKING pc=0x000001cb68323aa2 sp=0x0000004c0c7fdd90 mode 2
Event: 78.018 Thread 0x000001cb7ac537b0 Uncommon trap: trap_request=0xffffffc6 fr.pc=0x000001cb69075c84 relative=0x0000000000000604
Event: 78.018 Thread 0x000001cb7ac537b0 Uncommon trap: reason=bimorphic_or_optimized_type_check action=maybe_recompile pc=0x000001cb69075c84 method=org.eclipse.jdt.internal.core.builder.ClasspathLocation.findClass([CLjava/lang/String;Ljava/lang/String;Ljava/lang/String;ZLjava/util/function/Pred
Event: 78.018 Thread 0x000001cb7ac537b0 DEOPT PACKING pc=0x000001cb69075c84 sp=0x0000004c0c7fcf30
Event: 78.018 Thread 0x000001cb7ac537b0 DEOPT UNPACKING pc=0x000001cb68323aa2 sp=0x0000004c0c7fcec0 mode 2
Event: 79.355 Thread 0x000001cb7b727ec0 DEOPT PACKING pc=0x000001cb6261d19c sp=0x0000004c0d7ff1f0
Event: 79.359 Thread 0x000001cb7b727ec0 DEOPT UNPACKING pc=0x000001cb68324242 sp=0x0000004c0d7fe6b0 mode 0

Classes loaded (20 events):
Event: 73.448 Loading class java/util/TaskQueue
Event: 73.459 Loading class java/util/TaskQueue done
Event: 73.459 Loading class java/util/TimerThread
Event: 73.460 Loading class java/util/TimerThread done
Event: 73.460 Loading class java/util/Timer$ThreadReaper
Event: 73.460 Loading class java/util/Timer$ThreadReaper done
Event: 73.480 Loading class java/util/concurrent/CompletableFuture$UniWhenComplete
Event: 73.483 Loading class java/util/concurrent/CompletableFuture$UniWhenComplete done
Event: 73.483 Loading class java/util/concurrent/CompletableFuture$UniCompose
Event: 73.485 Loading class java/util/concurrent/CompletableFuture$UniCompose done
Event: 73.486 Loading class java/util/concurrent/CompletableFuture$UniRelay
Event: 73.486 Loading class java/util/concurrent/CompletableFuture$UniRelay done
Event: 75.900 Loading class jdk/internal/module/IllegalAccessLogger
Event: 75.900 Loading class jdk/internal/module/IllegalAccessLogger done
Event: 76.013 Loading class java/util/concurrent/ConcurrentHashMap$KeySpliterator
Event: 76.014 Loading class java/util/concurrent/ConcurrentHashMap$KeySpliterator done
Event: 78.044 Loading class jdk/internal/module/IllegalAccessLogger
Event: 78.044 Loading class jdk/internal/module/IllegalAccessLogger done
Event: 78.389 Loading class java/io/CharArrayWriter
Event: 78.390 Loading class java/io/CharArrayWriter done

Classes unloaded (7 events):
Event: 37.099 Thread 0x000001cb5db027a0 Unloading class 0x000001cb011a9000 'java/lang/invoke/LambdaForm$MH+0x000001cb011a9000'
Event: 37.099 Thread 0x000001cb5db027a0 Unloading class 0x000001cb011a8c00 'java/lang/invoke/LambdaForm$MH+0x000001cb011a8c00'
Event: 37.099 Thread 0x000001cb5db027a0 Unloading class 0x000001cb011a8800 'java/lang/invoke/LambdaForm$MH+0x000001cb011a8800'
Event: 37.099 Thread 0x000001cb5db027a0 Unloading class 0x000001cb011a8400 'java/lang/invoke/LambdaForm$MH+0x000001cb011a8400'
Event: 37.099 Thread 0x000001cb5db027a0 Unloading class 0x000001cb011a8000 'java/lang/invoke/LambdaForm$BMH+0x000001cb011a8000'
Event: 37.099 Thread 0x000001cb5db027a0 Unloading class 0x000001cb011a7c00 'java/lang/invoke/LambdaForm$DMH+0x000001cb011a7c00'
Event: 37.099 Thread 0x000001cb5db027a0 Unloading class 0x000001cb011a6800 'java/lang/invoke/LambdaForm$DMH+0x000001cb011a6800'

Classes redefined (0 events):
No events

Internal exceptions (20 events):
Event: 72.780 Thread 0x000001cb7b61fd60 Exception <a 'sun/nio/fs/WindowsException'{0x00000000d56a2510}> (0x00000000d56a2510) 
thrown [s\src\hotspot\share\prims\jni.cpp, line 520]
Event: 72.781 Thread 0x000001cb7b61e320 Exception <a 'sun/nio/fs/WindowsException'{0x00000000d56b59d0}> (0x00000000d56b59d0) 
thrown [s\src\hotspot\share\prims\jni.cpp, line 520]
Event: 72.781 Thread 0x000001cb7b61f6d0 Exception <a 'sun/nio/fs/WindowsException'{0x00000000d56bdf30}> (0x00000000d56bdf30) 
thrown [s\src\hotspot\share\prims\jni.cpp, line 520]
Event: 72.801 Thread 0x000001cb7b6231e0 Exception <a 'java/lang/NoSuchMethodError'{0x00000000d5726088}: 'java.lang.Object java.lang.invoke.DirectMethodHandle$Holder.invokeStatic(java.lang.Object, long, java.lang.Object, java.lang.Object)'> (0x00000000d5726088) 
thrown [s\src\hotspot\share\interpreter\linkResolver.cpp, line 773]
Event: 72.820 Thread 0x000001cb7b61f040 Exception <a 'sun/nio/fs/WindowsException'{0x00000000d56c2198}> (0x00000000d56c2198) 
thrown [s\src\hotspot\share\prims\jni.cpp, line 520]
Event: 72.846 Thread 0x000001cb7b6203f0 Exception <a 'sun/nio/fs/WindowsException'{0x00000000d56d5548}> (0x00000000d56d5548) 
thrown [s\src\hotspot\share\prims\jni.cpp, line 520]
Event: 72.861 Thread 0x000001cb7b61e9b0 Exception <a 'sun/nio/fs/WindowsException'{0x00000000d56b9d80}> (0x00000000d56b9d80) 
thrown [s\src\hotspot\share\prims\jni.cpp, line 520]
Event: 72.923 Thread 0x000001cb7b61fd60 Exception <a 'sun/nio/fs/WindowsException'{0x00000000d56a3f10}> (0x00000000d56a3f10) 
thrown [s\src\hotspot\share\prims\jni.cpp, line 520]
Event: 73.335 Thread 0x000001cb7b6231e0 Exception <a 'sun/nio/fs/WindowsException'{0x00000000d57c8ac0}> (0x00000000d57c8ac0) 
thrown [s\src\hotspot\share\prims\jni.cpp, line 520]
Event: 73.335 Thread 0x000001cb7b6231e0 Exception <a 'sun/nio/fs/WindowsException'{0x00000000d57c9b00}> (0x00000000d57c9b00) 
thrown [s\src\hotspot\share\prims\jni.cpp, line 520]
Event: 73.478 Thread 0x000001cb7b6231e0 Exception <a 'java/lang/NoSuchMethodError'{0x00000000d5879ea8}: 'void java.lang.invoke.DirectMethodHandle$Holder.invokeStatic(java.lang.Object, java.lang.Object, java.lang.Object, java.lang.Object, java.lang.Object, java.lang.Object, java.lang.Object)'> (0x00000000d5879ea8) 
thrown [s\src\hotspot\share\interpreter\linkResolver.cpp, line 773]
Event: 73.558 Thread 0x000001cb7ac54b60 Exception <a 'sun/nio/fs/WindowsException'{0x00000000d568bd20}> (0x00000000d568bd20) 
thrown [s\src\hotspot\share\prims\jni.cpp, line 520]
Event: 73.558 Thread 0x000001cb7b61d600 Exception <a 'sun/nio/fs/WindowsException'{0x00000000d5764540}> (0x00000000d5764540) 
thrown [s\src\hotspot\share\prims\jni.cpp, line 520]
Event: 73.559 Thread 0x000001cb7b61d600 Exception <a 'sun/nio/fs/WindowsException'{0x00000000d5765310}> (0x00000000d5765310) 
thrown [s\src\hotspot\share\prims\jni.cpp, line 520]
Event: 76.019 Thread 0x000001cb7ac537b0 Exception <a 'java/lang/NoSuchMethodError'{0x00000000d59217c8}: 'java.lang.Object java.lang.invoke.DirectMethodHandle$Holder.newInvokeSpecial(java.lang.Object, java.lang.Object, int, int, java.lang.Object)'> (0x00000000d59217c8) 
thrown [s\src\hotspot\share\interpreter\linkResolver.cpp, line 773]
Event: 77.327 Thread 0x000001cb7a0ccc00 Exception <a 'java/lang/NoSuchMethodError'{0x00000000d558c800}: 'long java.lang.invoke.DelegatingMethodHandle$Holder.reinvoke_L(java.lang.Object, java.lang.Object)'> (0x00000000d558c800) 
thrown [s\src\hotspot\share\interpreter\linkResolver.cpp, line 773]
Event: 77.338 Thread 0x000001cb7a0ccc00 Exception <a 'java/lang/NoSuchMethodError'{0x00000000d5639d80}: 'void java.lang.invoke.DelegatingMethodHandle$Holder.reinvoke_L(java.lang.Object, java.lang.Object, long)'> (0x00000000d5639d80) 
thrown [s\src\hotspot\share\interpreter\linkResolver.cpp, line 773]
Event: 78.134 Thread 0x000001cb7ac537b0 Exception <a 'sun/nio/fs/WindowsException'{0x00000000d570ecd8}> (0x00000000d570ecd8) 
thrown [s\src\hotspot\share\prims\jni.cpp, line 520]
Event: 78.134 Thread 0x000001cb7ac537b0 Exception <a 'sun/nio/fs/WindowsException'{0x00000000d570f308}> (0x00000000d570f308) 
thrown [s\src\hotspot\share\prims\jni.cpp, line 520]
Event: 80.127 Thread 0x000001cb7a0ccc00 Exception <a 'java/lang/RuntimeException'{0x00000000d5590cb8}: snapshot not available> (0x00000000d5590cb8) 
thrown [s\src\hotspot\share\prims\jni.cpp, line 539]

ZGC Phase Switch (0 events):
No events

VM Operations (20 events):
Event: 76.254 Executing VM operation: ParallelGCFailedAllocation (Allocation Failure)
Event: 76.258 Executing VM operation: ParallelGCFailedAllocation (Allocation Failure) done
Event: 76.571 Executing VM operation: HandshakeAllThreads (Deoptimize)
Event: 76.572 Executing VM operation: HandshakeAllThreads (Deoptimize) done
Event: 76.578 Executing VM operation: ParallelGCFailedAllocation (Allocation Failure)
Event: 76.581 Executing VM operation: ParallelGCFailedAllocation (Allocation Failure) done
Event: 76.792 Executing VM operation: ParallelGCFailedAllocation (Allocation Failure)
Event: 76.800 Executing VM operation: ParallelGCFailedAllocation (Allocation Failure) done
Event: 77.294 Executing VM operation: ParallelGCFailedAllocation (Allocation Failure)
Event: 77.315 Executing VM operation: ParallelGCFailedAllocation (Allocation Failure) done
Event: 77.475 Executing VM operation: ParallelGCFailedAllocation (Allocation Failure)
Event: 77.593 Executing VM operation: ParallelGCFailedAllocation (Allocation Failure) done
Event: 78.024 Executing VM operation: ParallelGCFailedAllocation (Allocation Failure)
Event: 78.029 Executing VM operation: ParallelGCFailedAllocation (Allocation Failure) done
Event: 78.561 Executing VM operation: ParallelGCFailedAllocation (Allocation Failure)
Event: 78.572 Executing VM operation: ParallelGCFailedAllocation (Allocation Failure) done
Event: 79.585 Executing VM operation: Cleanup
Event: 80.126 Executing VM operation: Cleanup done
Event: 81.132 Executing VM operation: Cleanup
Event: 81.133 Executing VM operation: Cleanup done

Memory protections (0 events):
No events

Nmethod flushes (20 events):
Event: 45.280 Thread 0x000001cb5db027a0 flushing  nmethod 0x000001cb6177a390
Event: 45.280 Thread 0x000001cb5db027a0 flushing  nmethod 0x000001cb61789f90
Event: 45.280 Thread 0x000001cb5db027a0 flushing  nmethod 0x000001cb6178ab10
Event: 45.280 Thread 0x000001cb5db027a0 flushing  nmethod 0x000001cb6178b590
Event: 45.280 Thread 0x000001cb5db027a0 flushing  nmethod 0x000001cb6178eb10
Event: 45.280 Thread 0x000001cb5db027a0 flushing  nmethod 0x000001cb6178f010
Event: 45.280 Thread 0x000001cb5db027a0 flushing  nmethod 0x000001cb6178fe90
Event: 45.280 Thread 0x000001cb5db027a0 flushing  nmethod 0x000001cb61792110
Event: 45.280 Thread 0x000001cb5db027a0 flushing  nmethod 0x000001cb61792490
Event: 45.280 Thread 0x000001cb5db027a0 flushing  nmethod 0x000001cb61794a10
Event: 45.280 Thread 0x000001cb5db027a0 flushing  nmethod 0x000001cb61795f90
Event: 45.280 Thread 0x000001cb5db027a0 flushing  nmethod 0x000001cb61796410
Event: 45.280 Thread 0x000001cb5db027a0 flushing  nmethod 0x000001cb61796b10
Event: 45.280 Thread 0x000001cb5db027a0 flushing  nmethod 0x000001cb61796f10
Event: 45.280 Thread 0x000001cb5db027a0 flushing  nmethod 0x000001cb61797290
Event: 45.280 Thread 0x000001cb5db027a0 flushing  nmethod 0x000001cb61797810
Event: 45.280 Thread 0x000001cb5db027a0 flushing  nmethod 0x000001cb61797c10
Event: 45.280 Thread 0x000001cb5db027a0 flushing  nmethod 0x000001cb61798190
Event: 45.280 Thread 0x000001cb5db027a0 flushing  nmethod 0x000001cb61798510
Event: 45.280 Thread 0x000001cb5db027a0 flushing  nmethod 0x000001cb617a0e10

Events (20 events):
Event: 72.780 Thread 0x000001cb7b61e320 Thread added: 0x000001cb7b61f6d0
Event: 72.780 Thread 0x000001cb7b61fd60 Thread added: 0x000001cb7b61f040
Event: 72.781 Thread 0x000001cb7b61f6d0 Thread added: 0x000001cb7b6203f0
Event: 72.781 Thread 0x000001cb7b61f040 Thread added: 0x000001cb7b61cf70
Event: 72.790 Thread 0x000001cb7c41e890 Thread added: 0x000001cb7b6231e0
Event: 73.461 Thread 0x000001cb7b6231e0 Thread added: 0x000001cb7b621110
Event: 74.499 Thread 0x000001cb7ac537b0 Thread added: 0x000001cb7b6224c0
Event: 74.501 Thread 0x000001cb7ac537b0 Thread added: 0x000001cb7b6217a0
Event: 74.501 Thread 0x000001cb7ac537b0 Thread added: 0x000001cb7b621e30
Event: 74.501 Thread 0x000001cb7ac537b0 Thread added: 0x000001cb7b622b50
Event: 74.502 Thread 0x000001cb7ac537b0 Thread added: 0x000001cb7b623870
Event: 76.021 Thread 0x000001cb7ac537b0 Thread added: 0x000001cb7b623f00
Event: 76.066 Thread 0x000001cb7ac537b0 Thread added: 0x000001cb7b620a80
Event: 76.066 Thread 0x000001cb7ac537b0 Thread added: 0x000001cb7b624590
Event: 76.066 Thread 0x000001cb7ac537b0 Thread added: 0x000001cb7a0ce640
Event: 76.066 Thread 0x000001cb7ac537b0 Thread added: 0x000001cb7a0cf9f0
Event: 76.136 Thread 0x000001cb7ac537b0 Thread added: 0x000001cb7a0cf360
Event: 77.238 Thread 0x000001cb7c41e890 Thread added: 0x000001cb7a0ccc00
Event: 77.252 Thread 0x000001cb7b621110 Thread exited: 0x000001cb7b621110
Event: 80.129 Thread 0x000001cb7a0ccc00 Thread exited: 0x000001cb7a0ccc00


Dynamic libraries:
0x00007ff786910000 - 0x00007ff78691e000 	c:\Users\jf406\.vscode\extensions\redhat.java-1.47.0-win32-x64\jre\21.0.8-win32-x86_64\bin\java.exe
0x00007ffa71700000 - 0x00007ffa71968000 	C:\Windows\SYSTEM32\ntdll.dll
0x00007ffa6f930000 - 0x00007ffa6f9f9000 	C:\Windows\System32\KERNEL32.DLL
0x00007ffa6ee30000 - 0x00007ffa6f222000 	C:\Windows\System32\KERNELBASE.dll
0x00007ffa6eaa0000 - 0x00007ffa6ebeb000 	C:\Windows\System32\ucrtbase.dll
0x00007ffa4fa70000 - 0x00007ffa4fa8e000 	c:\Users\jf406\.vscode\extensions\redhat.java-1.47.0-win32-x64\jre\21.0.8-win32-x86_64\bin\VCRUNTIME140.dll
0x00007ffa4fdc0000 - 0x00007ffa4fdd8000 	c:\Users\jf406\.vscode\extensions\redhat.java-1.47.0-win32-x64\jre\21.0.8-win32-x86_64\bin\jli.dll
0x00007ffa6fa30000 - 0x00007ffa6fbf5000 	C:\Windows\System32\USER32.dll
0x00007ffa6e9d0000 - 0x00007ffa6e9f7000 	C:\Windows\System32\win32u.dll
0x00007ffa516b0000 - 0x00007ffa51943000 	C:\Windows\WinSxS\amd64_microsoft.windows.common-controls_6595b64144ccf1df_6.0.26100.6899_none_3e0efeeae32e88c1\COMCTL32.dll
0x00007ffa70400000 - 0x00007ffa7042b000 	C:\Windows\System32\GDI32.dll
0x00007ffa70350000 - 0x00007ffa703f9000 	C:\Windows\System32\msvcrt.dll
0x00007ffa6f230000 - 0x00007ffa6f35d000 	C:\Windows\System32\gdi32full.dll
0x00007ffa6e920000 - 0x00007ffa6e9c3000 	C:\Windows\System32\msvcp_win.dll
0x00007ffa70920000 - 0x00007ffa7094f000 	C:\Windows\System32\IMM32.DLL
0x00007ffa509e0000 - 0x00007ffa509ec000 	c:\Users\jf406\.vscode\extensions\redhat.java-1.47.0-win32-x64\jre\21.0.8-win32-x86_64\bin\vcruntime140_1.dll
0x00007ffa301f0000 - 0x00007ffa3027d000 	c:\Users\jf406\.vscode\extensions\redhat.java-1.47.0-win32-x64\jre\21.0.8-win32-x86_64\bin\msvcp140.dll
0x00007ff9dcdc0000 - 0x00007ff9ddb57000 	c:\Users\jf406\.vscode\extensions\redhat.java-1.47.0-win32-x64\jre\21.0.8-win32-x86_64\bin\server\jvm.dll
0x00007ffa71600000 - 0x00007ffa716b4000 	C:\Windows\System32\ADVAPI32.dll
0x00007ffa70450000 - 0x00007ffa704f6000 	C:\Windows\System32\sechost.dll
0x00007ffa70800000 - 0x00007ffa70918000 	C:\Windows\System32\RPCRT4.dll
0x00007ffa70960000 - 0x00007ffa709d4000 	C:\Windows\System32\WS2_32.dll
0x00007ffa6e6f0000 - 0x00007ffa6e74e000 	C:\Windows\SYSTEM32\POWRPROF.dll
0x00007ffa64710000 - 0x00007ffa64745000 	C:\Windows\SYSTEM32\WINMM.dll
0x00007ffa51980000 - 0x00007ffa5198b000 	C:\Windows\SYSTEM32\VERSION.dll
0x00007ffa6e6d0000 - 0x00007ffa6e6e4000 	C:\Windows\SYSTEM32\UMPDC.dll
0x00007ffa6d660000 - 0x00007ffa6d67b000 	C:\Windows\SYSTEM32\kernel.appcore.dll
0x00007ffa505c0000 - 0x00007ffa505ca000 	c:\Users\jf406\.vscode\extensions\redhat.java-1.47.0-win32-x64\jre\21.0.8-win32-x86_64\bin\jimage.dll
0x00007ffa6c130000 - 0x00007ffa6c372000 	C:\Windows\SYSTEM32\DBGHELP.DLL
0x00007ffa70c20000 - 0x00007ffa70f9b000 	C:\Windows\System32\combase.dll
0x00007ffa70690000 - 0x00007ffa70767000 	C:\Windows\System32\OLEAUT32.dll
0x00007ffa3cc20000 - 0x00007ffa3cc5c000 	C:\Windows\SYSTEM32\dbgcore.DLL
0x00007ffa6ea00000 - 0x00007ffa6ea98000 	C:\Windows\System32\bcryptPrimitives.dll
0x00007ffa50590000 - 0x00007ffa5059f000 	c:\Users\jf406\.vscode\extensions\redhat.java-1.47.0-win32-x64\jre\21.0.8-win32-x86_64\bin\instrument.dll
0x00007ffa473f0000 - 0x00007ffa4740f000 	c:\Users\jf406\.vscode\extensions\redhat.java-1.47.0-win32-x64\jre\21.0.8-win32-x86_64\bin\java.dll
0x00007ffa6fc00000 - 0x00007ffa7034d000 	C:\Windows\System32\SHELL32.dll
0x00007ffa6f360000 - 0x00007ffa6f4cb000 	C:\Windows\System32\wintypes.dll
0x00007ffa6c4c0000 - 0x00007ffa6cd1d000 	C:\Windows\SYSTEM32\windows.storage.dll
0x00007ffa70590000 - 0x00007ffa70682000 	C:\Windows\System32\SHCORE.dll
0x00007ffa70fa0000 - 0x00007ffa71002000 	C:\Windows\System32\shlwapi.dll
0x00007ffa6e7b0000 - 0x00007ffa6e7d9000 	C:\Windows\SYSTEM32\profapi.dll
0x00007ffa45c00000 - 0x00007ffa45c18000 	c:\Users\jf406\.vscode\extensions\redhat.java-1.47.0-win32-x64\jre\21.0.8-win32-x86_64\bin\zip.dll
0x00007ffa513e0000 - 0x00007ffa513f0000 	C:\Users\jf406\.vscode\extensions\redhat.java-1.47.0-win32-x64\jre\21.0.8-win32-x86_64\bin\net.dll
0x00007ffa5e370000 - 0x00007ffa5e48f000 	C:\Windows\SYSTEM32\WINHTTP.dll
0x00007ffa6dbd0000 - 0x00007ffa6dc3b000 	C:\Windows\system32\mswsock.dll
0x00007ffa442e0000 - 0x00007ffa442f6000 	C:\Users\jf406\.vscode\extensions\redhat.java-1.47.0-win32-x64\jre\21.0.8-win32-x86_64\bin\nio.dll
0x00007ffa50b90000 - 0x00007ffa50ba0000 	c:\Users\jf406\.vscode\extensions\redhat.java-1.47.0-win32-x64\jre\21.0.8-win32-x86_64\bin\verify.dll
0x00007ffa3d3c0000 - 0x00007ffa3d404000 	C:\Users\jf406\AppData\Roaming\Code\User\globalStorage\redhat.java\1.47.0\config_win\org.eclipse.equinox.launcher\org.eclipse.equinox.launcher.win32.win32.x86_64_1.2.1400.v20250801-0854\eclipse_11916.dll
0x00007ffa6f590000 - 0x00007ffa6f728000 	C:\Windows\System32\ole32.dll
0x00007ffa6de90000 - 0x00007ffa6deab000 	C:\Windows\SYSTEM32\CRYPTSP.dll
0x00007ffa6d5c0000 - 0x00007ffa6d5fb000 	C:\Windows\system32\rsaenh.dll
0x00007ffa6dc70000 - 0x00007ffa6dc9b000 	C:\Windows\SYSTEM32\USERENV.dll
0x00007ffa6e780000 - 0x00007ffa6e7a6000 	C:\Windows\SYSTEM32\bcrypt.dll
0x00007ffa6de80000 - 0x00007ffa6de8c000 	C:\Windows\SYSTEM32\CRYPTBASE.dll
0x00007ffa6d110000 - 0x00007ffa6d144000 	C:\Windows\SYSTEM32\IPHLPAPI.DLL
0x00007ffa6f920000 - 0x00007ffa6f92a000 	C:\Windows\System32\NSI.dll
0x00007ffa41d10000 - 0x00007ffa41d59000 	C:\Users\jf406\AppData\Local\Temp\jna-100983422\jna7219585783076867837.dll
0x00007ffa70bc0000 - 0x00007ffa70bc8000 	C:\Windows\System32\PSAPI.DLL
0x00007ffa660d0000 - 0x00007ffa660ee000 	C:\Windows\SYSTEM32\dhcpcsvc6.DLL
0x00007ffa66020000 - 0x00007ffa66043000 	C:\Windows\SYSTEM32\dhcpcsvc.DLL
0x00007ffa50360000 - 0x00007ffa5036e000 	C:\Users\jf406\.vscode\extensions\redhat.java-1.47.0-win32-x64\jre\21.0.8-win32-x86_64\bin\sunmscapi.dll
0x00007ffa6ecb0000 - 0x00007ffa6ee27000 	C:\Windows\System32\CRYPT32.dll
0x00007ffa6e0a0000 - 0x00007ffa6e0d0000 	C:\Windows\SYSTEM32\ncrypt.dll
0x00007ffa6e050000 - 0x00007ffa6e08f000 	C:\Windows\SYSTEM32\NTASN1.dll
0x00007ffa6d150000 - 0x00007ffa6d276000 	C:\Windows\SYSTEM32\DNSAPI.dll
0x00007ffa64500000 - 0x00007ffa6450b000 	C:\Windows\System32\rasadhlp.dll
0x00007ffa66890000 - 0x00007ffa66916000 	C:\Windows\System32\fwpuclnt.dll
0x00007ffa502b0000 - 0x00007ffa502b9000 	C:\Users\jf406\.vscode\extensions\redhat.java-1.47.0-win32-x64\jre\21.0.8-win32-x86_64\bin\extnet.dll

JVMTI agents:
c:\Users\jf406\.vscode\extensions\redhat.java-1.47.0-win32-x64\lombok\lombok-1.18.39-4050.jar path:c:\Users\jf406\.vscode\extensions\redhat.java-1.47.0-win32-x64\jre\21.0.8-win32-x86_64\bin\instrument.dll, loaded, initialized, instrumentlib options:none

dbghelp: loaded successfully - version: 4.0.5 - missing functions: none
symbol engine: initialized successfully - sym options: 0x614 - pdb path: .;c:\Users\jf406\.vscode\extensions\redhat.java-1.47.0-win32-x64\jre\21.0.8-win32-x86_64\bin;C:\Windows\SYSTEM32;C:\Windows\WinSxS\amd64_microsoft.windows.common-controls_6595b64144ccf1df_6.0.26100.6899_none_3e0efeeae32e88c1;c:\Users\jf406\.vscode\extensions\redhat.java-1.47.0-win32-x64\jre\21.0.8-win32-x86_64\bin\server;C:\Users\jf406\AppData\Roaming\Code\User\globalStorage\redhat.java\1.47.0\config_win\org.eclipse.equinox.launcher\org.eclipse.equinox.launcher.win32.win32.x86_64_1.2.1400.v20250801-0854;C:\Users\jf406\AppData\Local\Temp\jna-100983422

VM Arguments:
jvm_args: --add-modules=ALL-SYSTEM --add-opens=java.base/java.util=ALL-UNNAMED --add-opens=java.base/java.lang=ALL-UNNAMED --add-opens=java.base/sun.nio.fs=ALL-UNNAMED -Declipse.application=org.eclipse.jdt.ls.core.id1 -Dosgi.bundles.defaultStartLevel=4 -Declipse.product=org.eclipse.jdt.ls.core.product -Djava.import.generatesMetadataFilesAtProjectRoot=false -DDetectVMInstallationsJob.disabled=true -Dfile.encoding=utf8 -XX:+UseParallelGC -XX:GCTimeRatio=4 -XX:AdaptiveSizePolicyWeight=90 -Dsun.zip.disableMemoryMapping=true -Xmx2G -Xms100m -Xlog:disable -javaagent:c:\Users\jf406\.vscode\extensions\redhat.java-1.47.0-win32-x64\lombok\lombok-1.18.39-4050.jar -XX:+HeapDumpOnOutOfMemoryError -XX:HeapDumpPath=c:\Users\jf406\AppData\Roaming\Code\User\workspaceStorage\920bcd2a5c4fc57746403fc289813d22\redhat.java -Daether.dependencyCollector.impl=bf 
java_command: c:\Users\jf406\.vscode\extensions\redhat.java-1.47.0-win32-x64\server\plugins\org.eclipse.equinox.launcher_1.7.100.v20251014-1222.jar -configuration c:\Users\jf406\AppData\Roaming\Code\User\globalStorage\redhat.java\1.47.0\config_win -data c:\Users\jf406\AppData\Roaming\Code\User\workspaceStorage\920bcd2a5c4fc57746403fc289813d22\redhat.java\jdt_ws --pipe=\\.\pipe\lsp-2486c36e1d92a7feda6b22ba43273fc4-sock
java_class_path (initial): c:\Users\jf406\.vscode\extensions\redhat.java-1.47.0-win32-x64\server\plugins\org.eclipse.equinox.launcher_1.7.100.v20251014-1222.jar
Launcher Type: SUN_STANDARD

[Global flags]
    uintx AdaptiveSizePolicyWeight                 = 90                                        {product} {command line}
     intx CICompilerCount                          = 4                                         {product} {ergonomic}
    uintx GCTimeRatio                              = 4                                         {product} {command line}
     bool HeapDumpOnOutOfMemoryError               = true                                   {manageable} {command line}
    ccstr HeapDumpPath                             = c:\Users\jf406\AppData\Roaming\Code\User\workspaceStorage\920bcd2a5c4fc57746403fc289813d22\redhat.java         {manageable} {command line}
   size_t InitialHeapSize                          = 104857600                                 {product} {command line}
   size_t MaxHeapSize                              = 2147483648                                {product} {command line}
   size_t MaxNewSize                               = 715653120                                 {product} {ergonomic}
   size_t MinHeapDeltaBytes                        = 524288                                    {product} {ergonomic}
   size_t MinHeapSize                              = 104857600                                 {product} {command line}
   size_t NewSize                                  = 34603008                                  {product} {ergonomic}
    uintx NonNMethodCodeHeapSize                   = 5839372                                {pd product} {ergonomic}
    uintx NonProfiledCodeHeapSize                  = 122909434                              {pd product} {ergonomic}
   size_t OldSize                                  = 70254592                                  {product} {ergonomic}
    uintx ProfiledCodeHeapSize                     = 122909434                              {pd product} {ergonomic}
    uintx ReservedCodeCacheSize                    = 251658240                              {pd product} {ergonomic}
     bool SegmentedCodeCache                       = true                                      {product} {ergonomic}
   size_t SoftMaxHeapSize                          = 2147483648                             {manageable} {ergonomic}
     bool UseCompressedOops                        = true                           {product lp64_product} {ergonomic}
     bool UseLargePagesIndividualAllocation        = false                                  {pd product} {ergonomic}
     bool UseParallelGC                            = true                                      {product} {command line}

Logging:
Log output configuration:
 #0: stdout all=off uptime,level,tags foldmultilines=false
 #1: stderr all=off uptime,level,tags foldmultilines=false

Environment Variables:
PATH=C:\Program Files\Common Files\Oracle\Java\javapath;C:\Program Files (x86)\Common Files\Oracle\Java\java8path;C:\Program Files (x86)\Common Files\Oracle\Java\javapath;C:\Windows\system32;C:\Windows;C:\Windows\System32\Wbem;C:\Windows\System32\WindowsPowerShell\v1.0\;C:\Windows\System32\OpenSSH\;C:\ProgramData\chocolatey\bin;C:\Program Files\nodejs\;C:\Program Files\Git\cmd;C:\Users\jf406\AppData\Local\Programs\Python\Python313\Scripts\;C:\Users\jf406\AppData\Local\Programs\Python\Python313\;C:\Users\jf406\AppData\Local\Programs\Python\Launcher\;C:\Users\jf406\AppData\Local\Microsoft\WindowsApps;C:\Users\jf406\AppData\Local\Programs\Microsoft VS Code\bin;C:\Users\jf406\AppData\Roaming\npm;C:\Program Files\maven-mvnd-1.0.2-windows-amd64\bin;C:\Program Files\flutter\bin;
USERNAME=jf406
OS=Windows_NT
PROCESSOR_IDENTIFIER=Intel64 Family 6 Model 190 Stepping 0, GenuineIntel
TMP=C:\Users\jf406\AppData\Local\Temp
TEMP=C:\Users\jf406\AppData\Local\Temp




Periodic native trim disabled

---------------  S Y S T E M  ---------------

OS:
 Windows 11 , 64 bit Build 26100 (10.0.26100.6725)
OS uptime: 5 days 8:36 hours
Hyper-V role detected

CPU: total 8 (initial active 8) (8 cores per cpu, 1 threads per core) family 6 model 190 stepping 0 microcode 0x15, cx8, cmov, fxsr, mmx, 3dnowpref, sse, sse2, sse3, ssse3, sse4.1, sse4.2, popcnt, lzcnt, tsc, tscinvbit, avx, avx2, aes, erms, clmul, bmi1, bmi2, adx, sha, fma, vzeroupper, clflush, clflushopt, clwb, hv, serialize, rdtscp, rdpid, fsrm, f16c, cet_ibt, cet_ss
Processor Information for processor 0
  Max Mhz: 1800, Current Mhz: 1800, Mhz Limit: 1800
Processor Information for processor 1
  Max Mhz: 1800, Current Mhz: 1500, Mhz Limit: 1800
Processor Information for processor 2
  Max Mhz: 1800, Current Mhz: 1800, Mhz Limit: 1800
Processor Information for processor 3
  Max Mhz: 1800, Current Mhz: 1500, Mhz Limit: 1800
Processor Information for processor 4
  Max Mhz: 1800, Current Mhz: 1800, Mhz Limit: 1800
Processor Information for processor 5
  Max Mhz: 1800, Current Mhz: 1500, Mhz Limit: 1800
Processor Information for processor 6
  Max Mhz: 1800, Current Mhz: 1500, Mhz Limit: 1800
Processor Information for processor 7
  Max Mhz: 1800, Current Mhz: 1500, Mhz Limit: 1800

Memory: 4k page, system-wide physical 3719M (120M free)
TotalPageFile size 14983M (AvailPageFile size 7M)
current process WorkingSet (physical memory assigned to process): 223M, peak: 296M
current process commit charge ("private bytes"): 595M, peak: 597M

vm_info: OpenJDK 64-Bit Server VM (21.0.8+9-LTS) for windows-amd64 JRE (21.0.8+9-LTS), built on 2025-07-15T00:00:00Z by "admin" with MS VC++ 17.7 (VS2022)

END.
